d:\projects\p_in_hll projects\3 semester\laba_5\laba_5\debug\vc142.pdb
d:\projects\p_in_hll projects\3 semester\laba_5\laba_5\debug\vc142.idb
d:\projects\p_in_hll projects\3 semester\laba_5\laba_5\debug\stationarycm.obj
d:\projects\p_in_hll projects\3 semester\laba_5\laba_5\debug\smartphone.obj
d:\projects\p_in_hll projects\3 semester\laba_5\laba_5\debug\portablecm.obj
d:\projects\p_in_hll projects\3 semester\laba_5\laba_5\debug\notebook.obj
d:\projects\p_in_hll projects\3 semester\laba_5\laba_5\debug\monoblock.obj
d:\projects\p_in_hll projects\3 semester\laba_5\laba_5\debug\main.obj
d:\projects\p_in_hll projects\3 semester\laba_5\laba_5\debug\interface.obj
d:\projects\p_in_hll projects\3 semester\laba_5\laba_5\debug\exception.obj
d:\projects\p_in_hll projects\3 semester\laba_5\laba_5\debug\countingmachine.obj
d:\projects\p_in_hll projects\3 semester\laba_5\laba_5\debug\binarytree.obj
d:\projects\p_in_hll projects\3 semester\laba_5\laba_5\debug\functions.obj
d:\projects\p_in_hll projects\3 semester\laba_5\debug\laba_5.exe
d:\projects\p_in_hll projects\3 semester\laba_5\laba_5\debug\laba_5.ilk
d:\projects\p_in_hll projects\3 semester\laba_5\debug\laba_5.pdb
d:\projects\p_in_hll projects\3 semester\laba_5\laba_5\debug\laba_5.tlog\cl.command.1.tlog
d:\projects\p_in_hll projects\3 semester\laba_5\laba_5\debug\laba_5.tlog\cl.read.1.tlog
d:\projects\p_in_hll projects\3 semester\laba_5\laba_5\debug\laba_5.tlog\cl.write.1.tlog
d:\projects\p_in_hll projects\3 semester\laba_5\laba_5\debug\laba_5.tlog\link.command.1.tlog
d:\projects\p_in_hll projects\3 semester\laba_5\laba_5\debug\laba_5.tlog\link.read.1.tlog
d:\projects\p_in_hll projects\3 semester\laba_5\laba_5\debug\laba_5.tlog\link.write.1.tlog
