Analysis & Synthesis report for Lab3
Fri Oct 06 12:57:43 2023
Quartus II Version 9.1 Build 222 10/21/2009 SJ Web Edition


---------------------
; Table of Contents ;
---------------------
  1. Legal Notice
  2. Analysis & Synthesis Summary
  3. Analysis & Synthesis Settings
  4. Parallel Compilation
  5. Analysis & Synthesis Source Files Read
  6. Analysis & Synthesis Resource Usage Summary
  7. Analysis & Synthesis Resource Utilization by Entity
  8. Analysis & Synthesis RAM Summary
  9. General Register Statistics
 10. Source assignments for lpm_ram_dq0:inst1|altsyncram:altsyncram_component|altsyncram_odd1:auto_generated
 11. Source assignments for lpm_rom0:inst|altsyncram:altsyncram_component|altsyncram_3b81:auto_generated
 12. Source assignments for bufferBlock:inst2|lpm_counter0:inst26|lpm_counter:lpm_counter_component
 13. Source assignments for bufferBlock:inst2|lpm_counter1:inst49|lpm_counter:lpm_counter_component
 14. Parameter Settings for User Entity Instance: lpm_bustri6:inst5|lpm_bustri:lpm_bustri_component
 15. Parameter Settings for User Entity Instance: lpm_ram_dq0:inst1
 16. Parameter Settings for User Entity Instance: lpm_ram_dq0:inst1|altsyncram:altsyncram_component
 17. Parameter Settings for User Entity Instance: lpm_bustri6:inst3|lpm_bustri:lpm_bustri_component
 18. Parameter Settings for User Entity Instance: lpm_rom0:inst
 19. Parameter Settings for User Entity Instance: lpm_rom0:inst|altsyncram:altsyncram_component
 20. Parameter Settings for User Entity Instance: lpm_bustri6:inst4|lpm_bustri:lpm_bustri_component
 21. Parameter Settings for User Entity Instance: bufferBlock:inst2|lpm_bustri3:inst13|lpm_bustri:lpm_bustri_component
 22. Parameter Settings for User Entity Instance: bufferBlock:inst2|lpm_decode0:inst27|lpm_decode:lpm_decode_component
 23. Parameter Settings for User Entity Instance: bufferBlock:inst2|lpm_counter0:inst26|lpm_counter:lpm_counter_component
 24. Parameter Settings for User Entity Instance: bufferBlock:inst2|lpm_dff0:inst1|lpm_ff:lpm_ff_component
 25. Parameter Settings for User Entity Instance: bufferBlock:inst2|lpm_decode0:inst19|lpm_decode:lpm_decode_component
 26. Parameter Settings for User Entity Instance: bufferBlock:inst2|lpm_counter1:inst49|lpm_counter:lpm_counter_component
 27. Parameter Settings for User Entity Instance: bufferBlock:inst2|lpm_bustri3:inst14|lpm_bustri:lpm_bustri_component
 28. Parameter Settings for User Entity Instance: bufferBlock:inst2|lpm_dff0:inst|lpm_ff:lpm_ff_component
 29. Parameter Settings for User Entity Instance: bufferBlock:inst2|lpm_bustri3:inst11|lpm_bustri:lpm_bustri_component
 30. Parameter Settings for User Entity Instance: bufferBlock:inst2|lpm_dff0:inst3|lpm_ff:lpm_ff_component
 31. Parameter Settings for User Entity Instance: bufferBlock:inst2|lpm_bustri3:inst10|lpm_bustri:lpm_bustri_component
 32. Parameter Settings for User Entity Instance: bufferBlock:inst2|lpm_dff0:inst4|lpm_ff:lpm_ff_component
 33. Parameter Settings for User Entity Instance: bufferBlock:inst2|lpm_bustri3:inst12|lpm_bustri:lpm_bustri_component
 34. Parameter Settings for User Entity Instance: bufferBlock:inst2|lpm_dff0:inst2|lpm_ff:lpm_ff_component
 35. altsyncram Parameter Settings by Entity Instance
 36. Analysis & Synthesis Messages



----------------
; Legal Notice ;
----------------
Copyright (C) 1991-2009 Altera Corporation
Your use of Altera Corporation's design tools, logic functions 
and other software and tools, and its AMPP partner logic 
functions, and any output files from any of the foregoing 
(including device programming or simulation files), and any 
associated documentation or information are expressly subject 
to the terms and conditions of the Altera Program License 
Subscription Agreement, Altera MegaCore Function License 
Agreement, or other applicable license agreement, including, 
without limitation, that your use is for the sole purpose of 
programming logic devices manufactured by Altera and sold by 
Altera or its authorized distributors.  Please refer to the 
applicable agreement for further details.



+-------------------------------------------------------------------------+
; Analysis & Synthesis Summary                                            ;
+-------------------------------+-----------------------------------------+
; Analysis & Synthesis Status   ; Successful - Fri Oct 06 12:57:43 2023   ;
; Quartus II Version            ; 9.1 Build 222 10/21/2009 SJ Web Edition ;
; Revision Name                 ; Lab3                                    ;
; Top-level Entity Name         ; mainBlock                               ;
; Family                        ; Stratix II                              ;
; Logic utilization             ; N/A                                     ;
;     Combinational ALUTs       ; 65                                      ;
;     Dedicated logic registers ; 46                                      ;
; Total registers               ; 46                                      ;
; Total pins                    ; 18                                      ;
; Total virtual pins            ; 0                                       ;
; Total block memory bits       ; 1,024                                   ;
; DSP block 9-bit elements      ; 0                                       ;
; Total PLLs                    ; 0                                       ;
; Total DLLs                    ; 0                                       ;
+-------------------------------+-----------------------------------------+


+----------------------------------------------------------------------------------------------------------------------+
; Analysis & Synthesis Settings                                                                                        ;
+----------------------------------------------------------------------------+--------------------+--------------------+
; Option                                                                     ; Setting            ; Default Value      ;
+----------------------------------------------------------------------------+--------------------+--------------------+
; Top-level entity name                                                      ; mainBlock          ; Lab3               ;
; Family name                                                                ; Stratix II         ; Stratix II         ;
; Use Generated Physical Constraints File                                    ; Off                ;                    ;
; Use smart compilation                                                      ; Off                ; Off                ;
; Enable parallel Assembler and TimeQuest Timing Analyzer during compilation ; On                 ; On                 ;
; Enable compact report table                                                ; Off                ; Off                ;
; Restructure Multiplexers                                                   ; Auto               ; Auto               ;
; Create Debugging Nodes for IP Cores                                        ; Off                ; Off                ;
; Preserve fewer node names                                                  ; On                 ; On                 ;
; Disable OpenCore Plus hardware evaluation                                  ; Off                ; Off                ;
; Verilog Version                                                            ; Verilog_2001       ; Verilog_2001       ;
; VHDL Version                                                               ; VHDL_1993          ; VHDL_1993          ;
; State Machine Processing                                                   ; Auto               ; Auto               ;
; Safe State Machine                                                         ; Off                ; Off                ;
; Extract Verilog State Machines                                             ; On                 ; On                 ;
; Extract VHDL State Machines                                                ; On                 ; On                 ;
; Ignore Verilog initial constructs                                          ; Off                ; Off                ;
; Iteration limit for constant Verilog loops                                 ; 5000               ; 5000               ;
; Iteration limit for non-constant Verilog loops                             ; 250                ; 250                ;
; Add Pass-Through Logic to Inferred RAMs                                    ; On                 ; On                 ;
; Parallel Synthesis                                                         ; On                 ; On                 ;
; DSP Block Balancing                                                        ; Auto               ; Auto               ;
; NOT Gate Push-Back                                                         ; On                 ; On                 ;
; Power-Up Don't Care                                                        ; On                 ; On                 ;
; Remove Redundant Logic Cells                                               ; Off                ; Off                ;
; Remove Duplicate Registers                                                 ; On                 ; On                 ;
; Ignore CARRY Buffers                                                       ; Off                ; Off                ;
; Ignore CASCADE Buffers                                                     ; Off                ; Off                ;
; Ignore GLOBAL Buffers                                                      ; Off                ; Off                ;
; Ignore ROW GLOBAL Buffers                                                  ; Off                ; Off                ;
; Ignore LCELL Buffers                                                       ; Off                ; Off                ;
; Ignore SOFT Buffers                                                        ; On                 ; On                 ;
; Limit AHDL Integers to 32 Bits                                             ; Off                ; Off                ;
; Optimization Technique                                                     ; Balanced           ; Balanced           ;
; Carry Chain Length                                                         ; 70                 ; 70                 ;
; Auto Carry Chains                                                          ; On                 ; On                 ;
; Auto Open-Drain Pins                                                       ; On                 ; On                 ;
; Perform WYSIWYG Primitive Resynthesis                                      ; Off                ; Off                ;
; Auto ROM Replacement                                                       ; On                 ; On                 ;
; Auto RAM Replacement                                                       ; On                 ; On                 ;
; Auto DSP Block Replacement                                                 ; On                 ; On                 ;
; Auto Shift Register Replacement                                            ; Auto               ; Auto               ;
; Auto Clock Enable Replacement                                              ; On                 ; On                 ;
; Strict RAM Replacement                                                     ; Off                ; Off                ;
; Allow Synchronous Control Signals                                          ; On                 ; On                 ;
; Force Use of Synchronous Clear Signals                                     ; Off                ; Off                ;
; Auto RAM Block Balancing                                                   ; On                 ; On                 ;
; Auto RAM to Logic Cell Conversion                                          ; Off                ; Off                ;
; Auto Resource Sharing                                                      ; Off                ; Off                ;
; Allow Any RAM Size For Recognition                                         ; Off                ; Off                ;
; Allow Any ROM Size For Recognition                                         ; Off                ; Off                ;
; Allow Any Shift Register Size For Recognition                              ; Off                ; Off                ;
; Use LogicLock Constraints during Resource Balancing                        ; On                 ; On                 ;
; Ignore translate_off and synthesis_off directives                          ; Off                ; Off                ;
; Timing-Driven Synthesis                                                    ; Off                ; Off                ;
; Show Parameter Settings Tables in Synthesis Report                         ; On                 ; On                 ;
; Ignore Maximum Fan-Out Assignments                                         ; Off                ; Off                ;
; Synchronization Register Chain Length                                      ; 2                  ; 2                  ;
; PowerPlay Power Optimization                                               ; Normal compilation ; Normal compilation ;
; HDL message level                                                          ; Level2             ; Level2             ;
; Suppress Register Optimization Related Messages                            ; Off                ; Off                ;
; Number of Removed Registers Reported in Synthesis Report                   ; 100                ; 100                ;
; Number of Inverted Registers Reported in Synthesis Report                  ; 100                ; 100                ;
; Clock MUX Protection                                                       ; On                 ; On                 ;
; Auto Gated Clock Conversion                                                ; Off                ; Off                ;
; Block Design Naming                                                        ; Auto               ; Auto               ;
; SDC constraint protection                                                  ; Off                ; Off                ;
; Synthesis Effort                                                           ; Auto               ; Auto               ;
; Shift Register Replacement - Allow Asynchronous Clear Signal               ; On                 ; On                 ;
; Analysis & Synthesis Message Level                                         ; Medium             ; Medium             ;
; Disable Register Merging Across Hierarchies                                ; Auto               ; Auto               ;
; Resource Aware Inference For Block RAM                                     ; On                 ; On                 ;
+----------------------------------------------------------------------------+--------------------+--------------------+


Parallel compilation was disabled, but you have multiple processors available. Enable parallel compilation to reduce compilation time.
+-------------------------------------+
; Parallel Compilation                ;
+----------------------------+--------+
; Processors                 ; Number ;
+----------------------------+--------+
; Number detected on machine ; 4      ;
; Maximum allowed            ; 1      ;
+----------------------------+--------+


+----------------------------------------------------------------------------------------------------------------------------------------------------------------+
; Analysis & Synthesis Source Files Read                                                                                                                         ;
+----------------------------------+-----------------+---------------------------------------+-------------------------------------------------------------------+
; File Name with User-Entered Path ; Used in Netlist ; File Type                             ; File Name with Absolute Path                                      ;
+----------------------------------+-----------------+---------------------------------------+-------------------------------------------------------------------+
; mainBlock.bdf                    ; yes             ; User Block Diagram/Schematic File     ; D:/Projects/Quartus/Lab3/mainBlock.bdf                            ;
; initRomFile.hex                  ; yes             ; User Hexadecimal (Intel-Format) File  ; D:/Projects/Quartus/Lab3/initRomFile.hex                          ;
; initRamFile.hex                  ; yes             ; User Hexadecimal (Intel-Format) File  ; D:/Projects/Quartus/Lab3/initRamFile.hex                          ;
; bufferBlock.bdf                  ; yes             ; User Block Diagram/Schematic File     ; D:/Projects/Quartus/Lab3/bufferBlock.bdf                          ;
; lpm_bustri6.tdf                  ; yes             ; Auto-Found Wizard-Generated File      ; D:/Projects/Quartus/Lab3/lpm_bustri6.tdf                          ;
; lpm_bustri.inc                   ; yes             ; Auto-Found AHDL File                  ; d:/apps/altera/91/quartus/libraries/megafunctions/lpm_bustri.inc  ;
; lpm_bustri.tdf                   ; yes             ; Megafunction                          ; d:/apps/altera/91/quartus/libraries/megafunctions/lpm_bustri.tdf  ;
; lpm_ram_dq0.tdf                  ; yes             ; Auto-Found Wizard-Generated File      ; D:/Projects/Quartus/Lab3/lpm_ram_dq0.tdf                          ;
; altsyncram.inc                   ; yes             ; Auto-Found AHDL File                  ; d:/apps/altera/91/quartus/libraries/megafunctions/altsyncram.inc  ;
; altsyncram.tdf                   ; yes             ; Megafunction                          ; d:/apps/altera/91/quartus/libraries/megafunctions/altsyncram.tdf  ;
; lpm_decode.inc                   ; yes             ; Megafunction                          ; d:/apps/altera/91/quartus/libraries/megafunctions/lpm_decode.inc  ;
; db/altsyncram_odd1.tdf           ; yes             ; Auto-Generated Megafunction           ; D:/Projects/Quartus/Lab3/db/altsyncram_odd1.tdf                   ;
; lpm_rom0.tdf                     ; yes             ; Auto-Found Wizard-Generated File      ; D:/Projects/Quartus/Lab3/lpm_rom0.tdf                             ;
; db/altsyncram_3b81.tdf           ; yes             ; Auto-Generated Megafunction           ; D:/Projects/Quartus/Lab3/db/altsyncram_3b81.tdf                   ;
; lpm_bustri3.tdf                  ; yes             ; Auto-Found Wizard-Generated File      ; D:/Projects/Quartus/Lab3/lpm_bustri3.tdf                          ;
; lpm_decode0.tdf                  ; yes             ; Auto-Found Wizard-Generated File      ; D:/Projects/Quartus/Lab3/lpm_decode0.tdf                          ;
; lpm_decode.tdf                   ; yes             ; Megafunction                          ; d:/apps/altera/91/quartus/libraries/megafunctions/lpm_decode.tdf  ;
; db/decode_u7f.tdf                ; yes             ; Auto-Generated Megafunction           ; D:/Projects/Quartus/Lab3/db/decode_u7f.tdf                        ;
; lpm_counter0.tdf                 ; yes             ; Auto-Found Wizard-Generated File      ; D:/Projects/Quartus/Lab3/lpm_counter0.tdf                         ;
; lpm_counter.inc                  ; yes             ; Megafunction                          ; d:/apps/altera/91/quartus/libraries/megafunctions/lpm_counter.inc ;
; lpm_counter.tdf                  ; yes             ; Megafunction                          ; d:/apps/altera/91/quartus/libraries/megafunctions/lpm_counter.tdf ;
; db/cntr_uaj.tdf                  ; yes             ; Auto-Generated Megafunction           ; D:/Projects/Quartus/Lab3/db/cntr_uaj.tdf                          ;
; lpm_dff0.tdf                     ; yes             ; Auto-Found Wizard-Generated File      ; D:/Projects/Quartus/Lab3/lpm_dff0.tdf                             ;
; lpm_ff.inc                       ; yes             ; Auto-Found AHDL File                  ; d:/apps/altera/91/quartus/libraries/megafunctions/lpm_ff.inc      ;
; lpm_ff.tdf                       ; yes             ; Megafunction                          ; d:/apps/altera/91/quartus/libraries/megafunctions/lpm_ff.tdf      ;
; lpm_counter1.tdf                 ; yes             ; Auto-Found Wizard-Generated File      ; D:/Projects/Quartus/Lab3/lpm_counter1.tdf                         ;
+----------------------------------+-----------------+---------------------------------------+-------------------------------------------------------------------+


+-------------------------------------------------------+
; Analysis & Synthesis Resource Usage Summary           ;
+-----------------------------------------------+-------+
; Resource                                      ; Usage ;
+-----------------------------------------------+-------+
; Estimated ALUTs Used                          ; 65    ;
; Dedicated logic registers                     ; 46    ;
;                                               ;       ;
; Estimated ALUTs Unavailable                   ; 3     ;
;                                               ;       ;
; Total combinational functions                 ; 65    ;
; Combinational ALUT usage by number of inputs  ;       ;
;     -- 7 input functions                      ; 0     ;
;     -- 6 input functions                      ; 24    ;
;     -- 5 input functions                      ; 16    ;
;     -- 4 input functions                      ; 9     ;
;     -- <=3 input functions                    ; 16    ;
;                                               ;       ;
; Combinational ALUTs by mode                   ;       ;
;     -- normal mode                            ; 59    ;
;     -- extended LUT mode                      ; 0     ;
;     -- arithmetic mode                        ; 6     ;
;     -- shared arithmetic mode                 ; 0     ;
;                                               ;       ;
; Estimated ALUT/register pairs used            ; 93    ;
;                                               ;       ;
; Total registers                               ; 46    ;
;     -- Dedicated logic registers              ; 46    ;
;     -- I/O registers                          ; 0     ;
;                                               ;       ;
; Estimated ALMs:  partially or completely used ; 47    ;
;                                               ;       ;
; I/O pins                                      ; 18    ;
; Total block memory bits                       ; 1024  ;
; Maximum fan-out node                          ; read  ;
; Maximum fan-out                               ; 50    ;
; Total fan-out                                 ; 580   ;
; Average fan-out                               ; 4.00  ;
+-----------------------------------------------+-------+


+--------------------------------------------------------------------------------------------------------------------------------------------------------------------------------------------------------------------------------------------------------------------------------------------------------+
; Analysis & Synthesis Resource Utilization by Entity                                                                                                                                                                                                                                                    ;
+----------------------------------------------+-------------------+--------------+-------------------+--------------+---------+-----------+-----------+------+--------------+------------------------------------------------------------------------------------------------------------+--------------+
; Compilation Hierarchy Node                   ; LC Combinationals ; LC Registers ; Block Memory Bits ; DSP Elements ; DSP 9x9 ; DSP 18x18 ; DSP 36x36 ; Pins ; Virtual Pins ; Full Hierarchy Name                                                                                        ; Library Name ;
+----------------------------------------------+-------------------+--------------+-------------------+--------------+---------+-----------+-----------+------+--------------+------------------------------------------------------------------------------------------------------------+--------------+
; |mainBlock                                   ; 65 (1)            ; 46 (0)       ; 1024              ; 0            ; 0       ; 0         ; 0         ; 18   ; 0            ; |mainBlock                                                                                                 ; work         ;
;    |bufferBlock:inst2|                       ; 22 (2)            ; 46 (0)       ; 0                 ; 0            ; 0       ; 0         ; 0         ; 0    ; 0            ; |mainBlock|bufferBlock:inst2                                                                               ;              ;
;       |lpm_bustri3:inst12|                   ; 8 (0)             ; 0 (0)        ; 0                 ; 0            ; 0       ; 0         ; 0         ; 0    ; 0            ; |mainBlock|bufferBlock:inst2|lpm_bustri3:inst12                                                            ; work         ;
;          |lpm_bustri:lpm_bustri_component|   ; 8 (8)             ; 0 (0)        ; 0                 ; 0            ; 0       ; 0         ; 0         ; 0    ; 0            ; |mainBlock|bufferBlock:inst2|lpm_bustri3:inst12|lpm_bustri:lpm_bustri_component                            ; work         ;
;       |lpm_counter0:inst26|                  ; 3 (0)             ; 3 (0)        ; 0                 ; 0            ; 0       ; 0         ; 0         ; 0    ; 0            ; |mainBlock|bufferBlock:inst2|lpm_counter0:inst26                                                           ; work         ;
;          |lpm_counter:lpm_counter_component| ; 3 (0)             ; 3 (0)        ; 0                 ; 0            ; 0       ; 0         ; 0         ; 0    ; 0            ; |mainBlock|bufferBlock:inst2|lpm_counter0:inst26|lpm_counter:lpm_counter_component                         ;              ;
;             |cntr_uaj:auto_generated|        ; 3 (3)             ; 3 (3)        ; 0                 ; 0            ; 0       ; 0         ; 0         ; 0    ; 0            ; |mainBlock|bufferBlock:inst2|lpm_counter0:inst26|lpm_counter:lpm_counter_component|cntr_uaj:auto_generated ;              ;
;       |lpm_counter1:inst49|                  ; 3 (0)             ; 3 (0)        ; 0                 ; 0            ; 0       ; 0         ; 0         ; 0    ; 0            ; |mainBlock|bufferBlock:inst2|lpm_counter1:inst49                                                           ;              ;
;          |lpm_counter:lpm_counter_component| ; 3 (0)             ; 3 (0)        ; 0                 ; 0            ; 0       ; 0         ; 0         ; 0    ; 0            ; |mainBlock|bufferBlock:inst2|lpm_counter1:inst49|lpm_counter:lpm_counter_component                         ; work         ;
;             |cntr_uaj:auto_generated|        ; 3 (3)             ; 3 (3)        ; 0                 ; 0            ; 0       ; 0         ; 0         ; 0    ; 0            ; |mainBlock|bufferBlock:inst2|lpm_counter1:inst49|lpm_counter:lpm_counter_component|cntr_uaj:auto_generated ; work         ;
;       |lpm_decode0:inst19|                   ; 5 (0)             ; 0 (0)        ; 0                 ; 0            ; 0       ; 0         ; 0         ; 0    ; 0            ; |mainBlock|bufferBlock:inst2|lpm_decode0:inst19                                                            ;              ;
;          |lpm_decode:lpm_decode_component|   ; 5 (0)             ; 0 (0)        ; 0                 ; 0            ; 0       ; 0         ; 0         ; 0    ; 0            ; |mainBlock|bufferBlock:inst2|lpm_decode0:inst19|lpm_decode:lpm_decode_component                            ;              ;
;             |decode_u7f:auto_generated|      ; 5 (5)             ; 0 (0)        ; 0                 ; 0            ; 0       ; 0         ; 0         ; 0    ; 0            ; |mainBlock|bufferBlock:inst2|lpm_decode0:inst19|lpm_decode:lpm_decode_component|decode_u7f:auto_generated  ;              ;
;       |lpm_decode0:inst27|                   ; 1 (0)             ; 0 (0)        ; 0                 ; 0            ; 0       ; 0         ; 0         ; 0    ; 0            ; |mainBlock|bufferBlock:inst2|lpm_decode0:inst27                                                            ; work         ;
;          |lpm_decode:lpm_decode_component|   ; 1 (0)             ; 0 (0)        ; 0                 ; 0            ; 0       ; 0         ; 0         ; 0    ; 0            ; |mainBlock|bufferBlock:inst2|lpm_decode0:inst27|lpm_decode:lpm_decode_component                            ; work         ;
;             |decode_u7f:auto_generated|      ; 1 (1)             ; 0 (0)        ; 0                 ; 0            ; 0       ; 0         ; 0         ; 0    ; 0            ; |mainBlock|bufferBlock:inst2|lpm_decode0:inst27|lpm_decode:lpm_decode_component|decode_u7f:auto_generated  ; work         ;
;       |lpm_dff0:inst1|                       ; 0 (0)             ; 8 (0)        ; 0                 ; 0            ; 0       ; 0         ; 0         ; 0    ; 0            ; |mainBlock|bufferBlock:inst2|lpm_dff0:inst1                                                                ;              ;
;          |lpm_ff:lpm_ff_component|           ; 0 (0)             ; 8 (8)        ; 0                 ; 0            ; 0       ; 0         ; 0         ; 0    ; 0            ; |mainBlock|bufferBlock:inst2|lpm_dff0:inst1|lpm_ff:lpm_ff_component                                        ;              ;
;       |lpm_dff0:inst2|                       ; 0 (0)             ; 8 (0)        ; 0                 ; 0            ; 0       ; 0         ; 0         ; 0    ; 0            ; |mainBlock|bufferBlock:inst2|lpm_dff0:inst2                                                                ; work         ;
;          |lpm_ff:lpm_ff_component|           ; 0 (0)             ; 8 (8)        ; 0                 ; 0            ; 0       ; 0         ; 0         ; 0    ; 0            ; |mainBlock|bufferBlock:inst2|lpm_dff0:inst2|lpm_ff:lpm_ff_component                                        ; work         ;
;       |lpm_dff0:inst3|                       ; 0 (0)             ; 8 (0)        ; 0                 ; 0            ; 0       ; 0         ; 0         ; 0    ; 0            ; |mainBlock|bufferBlock:inst2|lpm_dff0:inst3                                                                ; work         ;
;          |lpm_ff:lpm_ff_component|           ; 0 (0)             ; 8 (8)        ; 0                 ; 0            ; 0       ; 0         ; 0         ; 0    ; 0            ; |mainBlock|bufferBlock:inst2|lpm_dff0:inst3|lpm_ff:lpm_ff_component                                        ; work         ;
;       |lpm_dff0:inst4|                       ; 0 (0)             ; 8 (0)        ; 0                 ; 0            ; 0       ; 0         ; 0         ; 0    ; 0            ; |mainBlock|bufferBlock:inst2|lpm_dff0:inst4                                                                ; work         ;
;          |lpm_ff:lpm_ff_component|           ; 0 (0)             ; 8 (8)        ; 0                 ; 0            ; 0       ; 0         ; 0         ; 0    ; 0            ; |mainBlock|bufferBlock:inst2|lpm_dff0:inst4|lpm_ff:lpm_ff_component                                        ; work         ;
;       |lpm_dff0:inst|                        ; 0 (0)             ; 8 (0)        ; 0                 ; 0            ; 0       ; 0         ; 0         ; 0    ; 0            ; |mainBlock|bufferBlock:inst2|lpm_dff0:inst                                                                 ; work         ;
;          |lpm_ff:lpm_ff_component|           ; 0 (0)             ; 8 (8)        ; 0                 ; 0            ; 0       ; 0         ; 0         ; 0    ; 0            ; |mainBlock|bufferBlock:inst2|lpm_dff0:inst|lpm_ff:lpm_ff_component                                         ; work         ;
;    |lpm_bustri6:inst4|                       ; 17 (0)            ; 0 (0)        ; 0                 ; 0            ; 0       ; 0         ; 0         ; 0    ; 0            ; |mainBlock|lpm_bustri6:inst4                                                                               ;              ;
;       |lpm_bustri:lpm_bustri_component|      ; 17 (17)           ; 0 (0)        ; 0                 ; 0            ; 0       ; 0         ; 0         ; 0    ; 0            ; |mainBlock|lpm_bustri6:inst4|lpm_bustri:lpm_bustri_component                                               ;              ;
;    |lpm_bustri6:inst5|                       ; 25 (0)            ; 0 (0)        ; 0                 ; 0            ; 0       ; 0         ; 0         ; 0    ; 0            ; |mainBlock|lpm_bustri6:inst5                                                                               ;              ;
;       |lpm_bustri:lpm_bustri_component|      ; 25 (25)           ; 0 (0)        ; 0                 ; 0            ; 0       ; 0         ; 0         ; 0    ; 0            ; |mainBlock|lpm_bustri6:inst5|lpm_bustri:lpm_bustri_component                                               ; work         ;
;    |lpm_ram_dq0:inst1|                       ; 0 (0)             ; 0 (0)        ; 512               ; 0            ; 0       ; 0         ; 0         ; 0    ; 0            ; |mainBlock|lpm_ram_dq0:inst1                                                                               ; work         ;
;       |altsyncram:altsyncram_component|      ; 0 (0)             ; 0 (0)        ; 512               ; 0            ; 0       ; 0         ; 0         ; 0    ; 0            ; |mainBlock|lpm_ram_dq0:inst1|altsyncram:altsyncram_component                                               ; work         ;
;          |altsyncram_odd1:auto_generated|    ; 0 (0)             ; 0 (0)        ; 512               ; 0            ; 0       ; 0         ; 0         ; 0    ; 0            ; |mainBlock|lpm_ram_dq0:inst1|altsyncram:altsyncram_component|altsyncram_odd1:auto_generated                ; work         ;
;    |lpm_rom0:inst|                           ; 0 (0)             ; 0 (0)        ; 512               ; 0            ; 0       ; 0         ; 0         ; 0    ; 0            ; |mainBlock|lpm_rom0:inst                                                                                   ;              ;
;       |altsyncram:altsyncram_component|      ; 0 (0)             ; 0 (0)        ; 512               ; 0            ; 0       ; 0         ; 0         ; 0    ; 0            ; |mainBlock|lpm_rom0:inst|altsyncram:altsyncram_component                                                   ;              ;
;          |altsyncram_3b81:auto_generated|    ; 0 (0)             ; 0 (0)        ; 512               ; 0            ; 0       ; 0         ; 0         ; 0    ; 0            ; |mainBlock|lpm_rom0:inst|altsyncram:altsyncram_component|altsyncram_3b81:auto_generated                    ;              ;
+----------------------------------------------+-------------------+--------------+-------------------+--------------+---------+-----------+-----------+------+--------------+------------------------------------------------------------------------------------------------------------+--------------+
Note: For table entries with two numbers listed, the numbers in parentheses indicate the number of resources of the given type used by the specific entity alone. The numbers listed outside of parentheses indicate the total resources of the given type used by the specific entity and all of its sub-entities in the hierarchy.


+-------------------------------------------------------------------------------------------------------------------------------------------------------------------------------------------------------+
; Analysis & Synthesis RAM Summary                                                                                                                                                                      ;
+---------------------------------------------------------------------------------------------+------+-------------+--------------+--------------+--------------+--------------+------+-----------------+
; Name                                                                                        ; Type ; Mode        ; Port A Depth ; Port A Width ; Port B Depth ; Port B Width ; Size ; MIF             ;
+---------------------------------------------------------------------------------------------+------+-------------+--------------+--------------+--------------+--------------+------+-----------------+
; lpm_ram_dq0:inst1|altsyncram:altsyncram_component|altsyncram_odd1:auto_generated|ALTSYNCRAM ; AUTO ; Single Port ; 64           ; 8            ; --           ; --           ; 512  ; initRamFile.hex ;
; lpm_rom0:inst|altsyncram:altsyncram_component|altsyncram_3b81:auto_generated|ALTSYNCRAM     ; AUTO ; ROM         ; 64           ; 8            ; --           ; --           ; 512  ; initRomFile.hex ;
+---------------------------------------------------------------------------------------------+------+-------------+--------------+--------------+--------------+--------------+------+-----------------+


+------------------------------------------------------+
; General Register Statistics                          ;
+----------------------------------------------+-------+
; Statistic                                    ; Value ;
+----------------------------------------------+-------+
; Total registers                              ; 46    ;
; Number of registers using Synchronous Clear  ; 0     ;
; Number of registers using Synchronous Load   ; 6     ;
; Number of registers using Asynchronous Clear ; 0     ;
; Number of registers using Asynchronous Load  ; 0     ;
; Number of registers using Clock Enable       ; 40    ;
; Number of registers using Preset             ; 0     ;
+----------------------------------------------+-------+


+---------------------------------------------------------------------------------------------------------+
; Source assignments for lpm_ram_dq0:inst1|altsyncram:altsyncram_component|altsyncram_odd1:auto_generated ;
+---------------------------------+--------------------+------+-------------------------------------------+
; Assignment                      ; Value              ; From ; To                                        ;
+---------------------------------+--------------------+------+-------------------------------------------+
; OPTIMIZE_POWER_DURING_SYNTHESIS ; NORMAL_COMPILATION ; -    ; -                                         ;
+---------------------------------+--------------------+------+-------------------------------------------+


+-----------------------------------------------------------------------------------------------------+
; Source assignments for lpm_rom0:inst|altsyncram:altsyncram_component|altsyncram_3b81:auto_generated ;
+---------------------------------+--------------------+------+---------------------------------------+
; Assignment                      ; Value              ; From ; To                                    ;
+---------------------------------+--------------------+------+---------------------------------------+
; OPTIMIZE_POWER_DURING_SYNTHESIS ; NORMAL_COMPILATION ; -    ; -                                     ;
+---------------------------------+--------------------+------+---------------------------------------+


+------------------------------------------------------------------------------------------------+
; Source assignments for bufferBlock:inst2|lpm_counter0:inst26|lpm_counter:lpm_counter_component ;
+---------------------------+-------+------+-----------------------------------------------------+
; Assignment                ; Value ; From ; To                                                  ;
+---------------------------+-------+------+-----------------------------------------------------+
; SUPPRESS_DA_RULE_INTERNAL ; a101  ; -    ; -                                                   ;
; SUPPRESS_DA_RULE_INTERNAL ; s102  ; -    ; -                                                   ;
; SUPPRESS_DA_RULE_INTERNAL ; s103  ; -    ; -                                                   ;
+---------------------------+-------+------+-----------------------------------------------------+


+------------------------------------------------------------------------------------------------+
; Source assignments for bufferBlock:inst2|lpm_counter1:inst49|lpm_counter:lpm_counter_component ;
+---------------------------+-------+------+-----------------------------------------------------+
; Assignment                ; Value ; From ; To                                                  ;
+---------------------------+-------+------+-----------------------------------------------------+
; SUPPRESS_DA_RULE_INTERNAL ; a101  ; -    ; -                                                   ;
; SUPPRESS_DA_RULE_INTERNAL ; s102  ; -    ; -                                                   ;
; SUPPRESS_DA_RULE_INTERNAL ; s103  ; -    ; -                                                   ;
+---------------------------+-------+------+-----------------------------------------------------+


+------------------------------------------------------------------------------------------------+
; Parameter Settings for User Entity Instance: lpm_bustri6:inst5|lpm_bustri:lpm_bustri_component ;
+----------------+-------+-----------------------------------------------------------------------+
; Parameter Name ; Value ; Type                                                                  ;
+----------------+-------+-----------------------------------------------------------------------+
; LPM_WIDTH      ; 8     ; Untyped                                                               ;
+----------------+-------+-----------------------------------------------------------------------+
Note: In order to hide this table in the UI and the text report file, please set the "Show Parameter Settings Tables in Synthesis Report" option in "Analysis and Synthesis Settings -> More Settings" to "Off".


+----------------------------------------------------------------+
; Parameter Settings for User Entity Instance: lpm_ram_dq0:inst1 ;
+-----------------+-------+--------------------------------------+
; Parameter Name  ; Value ; Type                                 ;
+-----------------+-------+--------------------------------------+
; WIDTH_BYTEENA_A ; 1     ; Untyped                              ;
; WIDTH_BYTEENA_B ; 1     ; Untyped                              ;
+-----------------+-------+--------------------------------------+
Note: In order to hide this table in the UI and the text report file, please set the "Show Parameter Settings Tables in Synthesis Report" option in "Analysis and Synthesis Settings -> More Settings" to "Off".


+------------------------------------------------------------------------------------------------+
; Parameter Settings for User Entity Instance: lpm_ram_dq0:inst1|altsyncram:altsyncram_component ;
+------------------------------------+----------------------+------------------------------------+
; Parameter Name                     ; Value                ; Type                               ;
+------------------------------------+----------------------+------------------------------------+
; BYTE_SIZE_BLOCK                    ; 8                    ; Untyped                            ;
; AUTO_CARRY_CHAINS                  ; ON                   ; AUTO_CARRY                         ;
; IGNORE_CARRY_BUFFERS               ; OFF                  ; IGNORE_CARRY                       ;
; AUTO_CASCADE_CHAINS                ; ON                   ; AUTO_CASCADE                       ;
; IGNORE_CASCADE_BUFFERS             ; OFF                  ; IGNORE_CASCADE                     ;
; WIDTH_BYTEENA                      ; 1                    ; Untyped                            ;
; OPERATION_MODE                     ; SINGLE_PORT          ; Untyped                            ;
; WIDTH_A                            ; 8                    ; Untyped                            ;
; WIDTHAD_A                          ; 6                    ; Untyped                            ;
; NUMWORDS_A                         ; 64                   ; Untyped                            ;
; OUTDATA_REG_A                      ; UNREGISTERED         ; Untyped                            ;
; ADDRESS_ACLR_A                     ; NONE                 ; Untyped                            ;
; OUTDATA_ACLR_A                     ; NONE                 ; Untyped                            ;
; WRCONTROL_ACLR_A                   ; NONE                 ; Untyped                            ;
; INDATA_ACLR_A                      ; NONE                 ; Untyped                            ;
; BYTEENA_ACLR_A                     ; NONE                 ; Untyped                            ;
; WIDTH_B                            ; 1                    ; Untyped                            ;
; WIDTHAD_B                          ; 1                    ; Untyped                            ;
; NUMWORDS_B                         ; 1                    ; Untyped                            ;
; INDATA_REG_B                       ; CLOCK1               ; Untyped                            ;
; WRCONTROL_WRADDRESS_REG_B          ; CLOCK1               ; Untyped                            ;
; RDCONTROL_REG_B                    ; CLOCK1               ; Untyped                            ;
; ADDRESS_REG_B                      ; CLOCK1               ; Untyped                            ;
; OUTDATA_REG_B                      ; UNREGISTERED         ; Untyped                            ;
; BYTEENA_REG_B                      ; CLOCK1               ; Untyped                            ;
; INDATA_ACLR_B                      ; NONE                 ; Untyped                            ;
; WRCONTROL_ACLR_B                   ; NONE                 ; Untyped                            ;
; ADDRESS_ACLR_B                     ; NONE                 ; Untyped                            ;
; OUTDATA_ACLR_B                     ; NONE                 ; Untyped                            ;
; RDCONTROL_ACLR_B                   ; NONE                 ; Untyped                            ;
; BYTEENA_ACLR_B                     ; NONE                 ; Untyped                            ;
; WIDTH_BYTEENA_A                    ; 1                    ; Untyped                            ;
; WIDTH_BYTEENA_B                    ; 1                    ; Untyped                            ;
; RAM_BLOCK_TYPE                     ; AUTO                 ; Untyped                            ;
; BYTE_SIZE                          ; 8                    ; Untyped                            ;
; READ_DURING_WRITE_MODE_MIXED_PORTS ; DONT_CARE            ; Untyped                            ;
; READ_DURING_WRITE_MODE_PORT_A      ; NEW_DATA_NO_NBE_READ ; Untyped                            ;
; READ_DURING_WRITE_MODE_PORT_B      ; NEW_DATA_NO_NBE_READ ; Untyped                            ;
; INIT_FILE                          ; initRamFile.hex      ; Untyped                            ;
; INIT_FILE_LAYOUT                   ; PORT_A               ; Untyped                            ;
; MAXIMUM_DEPTH                      ; 0                    ; Untyped                            ;
; CLOCK_ENABLE_INPUT_A               ; BYPASS               ; Untyped                            ;
; CLOCK_ENABLE_INPUT_B               ; NORMAL               ; Untyped                            ;
; CLOCK_ENABLE_OUTPUT_A              ; BYPASS               ; Untyped                            ;
; CLOCK_ENABLE_OUTPUT_B              ; NORMAL               ; Untyped                            ;
; CLOCK_ENABLE_CORE_A                ; USE_INPUT_CLKEN      ; Untyped                            ;
; CLOCK_ENABLE_CORE_B                ; USE_INPUT_CLKEN      ; Untyped                            ;
; ENABLE_ECC                         ; FALSE                ; Untyped                            ;
; DEVICE_FAMILY                      ; Stratix II           ; Untyped                            ;
; CBXI_PARAMETER                     ; altsyncram_odd1      ; Untyped                            ;
+------------------------------------+----------------------+------------------------------------+
Note: In order to hide this table in the UI and the text report file, please set the "Show Parameter Settings Tables in Synthesis Report" option in "Analysis and Synthesis Settings -> More Settings" to "Off".


+------------------------------------------------------------------------------------------------+
; Parameter Settings for User Entity Instance: lpm_bustri6:inst3|lpm_bustri:lpm_bustri_component ;
+----------------+-------+-----------------------------------------------------------------------+
; Parameter Name ; Value ; Type                                                                  ;
+----------------+-------+-----------------------------------------------------------------------+
; LPM_WIDTH      ; 8     ; Untyped                                                               ;
+----------------+-------+-----------------------------------------------------------------------+
Note: In order to hide this table in the UI and the text report file, please set the "Show Parameter Settings Tables in Synthesis Report" option in "Analysis and Synthesis Settings -> More Settings" to "Off".


+------------------------------------------------------------+
; Parameter Settings for User Entity Instance: lpm_rom0:inst ;
+-----------------+-------+----------------------------------+
; Parameter Name  ; Value ; Type                             ;
+-----------------+-------+----------------------------------+
; WIDTH_BYTEENA_A ; 1     ; Untyped                          ;
; WIDTH_BYTEENA_B ; 1     ; Untyped                          ;
+-----------------+-------+----------------------------------+
Note: In order to hide this table in the UI and the text report file, please set the "Show Parameter Settings Tables in Synthesis Report" option in "Analysis and Synthesis Settings -> More Settings" to "Off".


+--------------------------------------------------------------------------------------------+
; Parameter Settings for User Entity Instance: lpm_rom0:inst|altsyncram:altsyncram_component ;
+------------------------------------+----------------------+--------------------------------+
; Parameter Name                     ; Value                ; Type                           ;
+------------------------------------+----------------------+--------------------------------+
; BYTE_SIZE_BLOCK                    ; 8                    ; Untyped                        ;
; AUTO_CARRY_CHAINS                  ; ON                   ; AUTO_CARRY                     ;
; IGNORE_CARRY_BUFFERS               ; OFF                  ; IGNORE_CARRY                   ;
; AUTO_CASCADE_CHAINS                ; ON                   ; AUTO_CASCADE                   ;
; IGNORE_CASCADE_BUFFERS             ; OFF                  ; IGNORE_CASCADE                 ;
; WIDTH_BYTEENA                      ; 1                    ; Untyped                        ;
; OPERATION_MODE                     ; ROM                  ; Untyped                        ;
; WIDTH_A                            ; 8                    ; Untyped                        ;
; WIDTHAD_A                          ; 6                    ; Untyped                        ;
; NUMWORDS_A                         ; 64                   ; Untyped                        ;
; OUTDATA_REG_A                      ; UNREGISTERED         ; Untyped                        ;
; ADDRESS_ACLR_A                     ; NONE                 ; Untyped                        ;
; OUTDATA_ACLR_A                     ; NONE                 ; Untyped                        ;
; WRCONTROL_ACLR_A                   ; NONE                 ; Untyped                        ;
; INDATA_ACLR_A                      ; NONE                 ; Untyped                        ;
; BYTEENA_ACLR_A                     ; NONE                 ; Untyped                        ;
; WIDTH_B                            ; 1                    ; Untyped                        ;
; WIDTHAD_B                          ; 1                    ; Untyped                        ;
; NUMWORDS_B                         ; 1                    ; Untyped                        ;
; INDATA_REG_B                       ; CLOCK1               ; Untyped                        ;
; WRCONTROL_WRADDRESS_REG_B          ; CLOCK1               ; Untyped                        ;
; RDCONTROL_REG_B                    ; CLOCK1               ; Untyped                        ;
; ADDRESS_REG_B                      ; CLOCK1               ; Untyped                        ;
; OUTDATA_REG_B                      ; UNREGISTERED         ; Untyped                        ;
; BYTEENA_REG_B                      ; CLOCK1               ; Untyped                        ;
; INDATA_ACLR_B                      ; NONE                 ; Untyped                        ;
; WRCONTROL_ACLR_B                   ; NONE                 ; Untyped                        ;
; ADDRESS_ACLR_B                     ; NONE                 ; Untyped                        ;
; OUTDATA_ACLR_B                     ; NONE                 ; Untyped                        ;
; RDCONTROL_ACLR_B                   ; NONE                 ; Untyped                        ;
; BYTEENA_ACLR_B                     ; NONE                 ; Untyped                        ;
; WIDTH_BYTEENA_A                    ; 1                    ; Untyped                        ;
; WIDTH_BYTEENA_B                    ; 1                    ; Untyped                        ;
; RAM_BLOCK_TYPE                     ; AUTO                 ; Untyped                        ;
; BYTE_SIZE                          ; 8                    ; Untyped                        ;
; READ_DURING_WRITE_MODE_MIXED_PORTS ; DONT_CARE            ; Untyped                        ;
; READ_DURING_WRITE_MODE_PORT_A      ; NEW_DATA_NO_NBE_READ ; Untyped                        ;
; READ_DURING_WRITE_MODE_PORT_B      ; NEW_DATA_NO_NBE_READ ; Untyped                        ;
; INIT_FILE                          ; initRomFile.hex      ; Untyped                        ;
; INIT_FILE_LAYOUT                   ; PORT_A               ; Untyped                        ;
; MAXIMUM_DEPTH                      ; 0                    ; Untyped                        ;
; CLOCK_ENABLE_INPUT_A               ; BYPASS               ; Untyped                        ;
; CLOCK_ENABLE_INPUT_B               ; NORMAL               ; Untyped                        ;
; CLOCK_ENABLE_OUTPUT_A              ; BYPASS               ; Untyped                        ;
; CLOCK_ENABLE_OUTPUT_B              ; NORMAL               ; Untyped                        ;
; CLOCK_ENABLE_CORE_A                ; USE_INPUT_CLKEN      ; Untyped                        ;
; CLOCK_ENABLE_CORE_B                ; USE_INPUT_CLKEN      ; Untyped                        ;
; ENABLE_ECC                         ; FALSE                ; Untyped                        ;
; DEVICE_FAMILY                      ; Stratix II           ; Untyped                        ;
; CBXI_PARAMETER                     ; altsyncram_3b81      ; Untyped                        ;
+------------------------------------+----------------------+--------------------------------+
Note: In order to hide this table in the UI and the text report file, please set the "Show Parameter Settings Tables in Synthesis Report" option in "Analysis and Synthesis Settings -> More Settings" to "Off".


+------------------------------------------------------------------------------------------------+
; Parameter Settings for User Entity Instance: lpm_bustri6:inst4|lpm_bustri:lpm_bustri_component ;
+----------------+-------+-----------------------------------------------------------------------+
; Parameter Name ; Value ; Type                                                                  ;
+----------------+-------+-----------------------------------------------------------------------+
; LPM_WIDTH      ; 8     ; Untyped                                                               ;
+----------------+-------+-----------------------------------------------------------------------+
Note: In order to hide this table in the UI and the text report file, please set the "Show Parameter Settings Tables in Synthesis Report" option in "Analysis and Synthesis Settings -> More Settings" to "Off".


+-------------------------------------------------------------------------------------------------------------------+
; Parameter Settings for User Entity Instance: bufferBlock:inst2|lpm_bustri3:inst13|lpm_bustri:lpm_bustri_component ;
+----------------+-------+------------------------------------------------------------------------------------------+
; Parameter Name ; Value ; Type                                                                                     ;
+----------------+-------+------------------------------------------------------------------------------------------+
; LPM_WIDTH      ; 8     ; Untyped                                                                                  ;
+----------------+-------+------------------------------------------------------------------------------------------+
Note: In order to hide this table in the UI and the text report file, please set the "Show Parameter Settings Tables in Synthesis Report" option in "Analysis and Synthesis Settings -> More Settings" to "Off".


+-------------------------------------------------------------------------------------------------------------------+
; Parameter Settings for User Entity Instance: bufferBlock:inst2|lpm_decode0:inst27|lpm_decode:lpm_decode_component ;
+------------------------+------------+-----------------------------------------------------------------------------+
; Parameter Name         ; Value      ; Type                                                                        ;
+------------------------+------------+-----------------------------------------------------------------------------+
; LPM_WIDTH              ; 3          ; Untyped                                                                     ;
; LPM_DECODES            ; 8          ; Untyped                                                                     ;
; LPM_PIPELINE           ; 0          ; Untyped                                                                     ;
; CASCADE_CHAIN          ; MANUAL     ; Untyped                                                                     ;
; DEVICE_FAMILY          ; Stratix II ; Untyped                                                                     ;
; CBXI_PARAMETER         ; decode_u7f ; Untyped                                                                     ;
; AUTO_CARRY_CHAINS      ; ON         ; AUTO_CARRY                                                                  ;
; IGNORE_CARRY_BUFFERS   ; OFF        ; IGNORE_CARRY                                                                ;
; AUTO_CASCADE_CHAINS    ; ON         ; AUTO_CASCADE                                                                ;
; IGNORE_CASCADE_BUFFERS ; OFF        ; IGNORE_CASCADE                                                              ;
+------------------------+------------+-----------------------------------------------------------------------------+
Note: In order to hide this table in the UI and the text report file, please set the "Show Parameter Settings Tables in Synthesis Report" option in "Analysis and Synthesis Settings -> More Settings" to "Off".


+----------------------------------------------------------------------------------------------------------------------+
; Parameter Settings for User Entity Instance: bufferBlock:inst2|lpm_counter0:inst26|lpm_counter:lpm_counter_component ;
+------------------------+-------------+-------------------------------------------------------------------------------+
; Parameter Name         ; Value       ; Type                                                                          ;
+------------------------+-------------+-------------------------------------------------------------------------------+
; AUTO_CARRY_CHAINS      ; ON          ; AUTO_CARRY                                                                    ;
; IGNORE_CARRY_BUFFERS   ; OFF         ; IGNORE_CARRY                                                                  ;
; AUTO_CASCADE_CHAINS    ; ON          ; AUTO_CASCADE                                                                  ;
; IGNORE_CASCADE_BUFFERS ; OFF         ; IGNORE_CASCADE                                                                ;
; LPM_WIDTH              ; 3           ; Untyped                                                                       ;
; LPM_DIRECTION          ; UP          ; Untyped                                                                       ;
; LPM_MODULUS            ; 0           ; Untyped                                                                       ;
; LPM_AVALUE             ; UNUSED      ; Untyped                                                                       ;
; LPM_SVALUE             ; 1           ; Untyped                                                                       ;
; LPM_PORT_UPDOWN        ; PORT_UNUSED ; Untyped                                                                       ;
; DEVICE_FAMILY          ; Stratix II  ; Untyped                                                                       ;
; CARRY_CHAIN            ; MANUAL      ; Untyped                                                                       ;
; CARRY_CHAIN_LENGTH     ; 48          ; CARRY_CHAIN_LENGTH                                                            ;
; NOT_GATE_PUSH_BACK     ; ON          ; NOT_GATE_PUSH_BACK                                                            ;
; CARRY_CNT_EN           ; SMART       ; Untyped                                                                       ;
; LABWIDE_SCLR           ; ON          ; Untyped                                                                       ;
; USE_NEW_VERSION        ; TRUE        ; Untyped                                                                       ;
; CBXI_PARAMETER         ; cntr_uaj    ; Untyped                                                                       ;
+------------------------+-------------+-------------------------------------------------------------------------------+
Note: In order to hide this table in the UI and the text report file, please set the "Show Parameter Settings Tables in Synthesis Report" option in "Analysis and Synthesis Settings -> More Settings" to "Off".


+-------------------------------------------------------------------------------------------------------+
; Parameter Settings for User Entity Instance: bufferBlock:inst2|lpm_dff0:inst1|lpm_ff:lpm_ff_component ;
+------------------------+------------+-----------------------------------------------------------------+
; Parameter Name         ; Value      ; Type                                                            ;
+------------------------+------------+-----------------------------------------------------------------+
; LPM_WIDTH              ; 8          ; Untyped                                                         ;
; LPM_AVALUE             ; UNUSED     ; Untyped                                                         ;
; LPM_SVALUE             ; UNUSED     ; Untyped                                                         ;
; LPM_FFTYPE             ; DFF        ; Untyped                                                         ;
; DEVICE_FAMILY          ; Stratix II ; Untyped                                                         ;
; CBXI_PARAMETER         ; NOTHING    ; Untyped                                                         ;
; AUTO_CARRY_CHAINS      ; ON         ; AUTO_CARRY                                                      ;
; IGNORE_CARRY_BUFFERS   ; OFF        ; IGNORE_CARRY                                                    ;
; AUTO_CASCADE_CHAINS    ; ON         ; AUTO_CASCADE                                                    ;
; IGNORE_CASCADE_BUFFERS ; OFF        ; IGNORE_CASCADE                                                  ;
+------------------------+------------+-----------------------------------------------------------------+
Note: In order to hide this table in the UI and the text report file, please set the "Show Parameter Settings Tables in Synthesis Report" option in "Analysis and Synthesis Settings -> More Settings" to "Off".


+-------------------------------------------------------------------------------------------------------------------+
; Parameter Settings for User Entity Instance: bufferBlock:inst2|lpm_decode0:inst19|lpm_decode:lpm_decode_component ;
+------------------------+------------+-----------------------------------------------------------------------------+
; Parameter Name         ; Value      ; Type                                                                        ;
+------------------------+------------+-----------------------------------------------------------------------------+
; LPM_WIDTH              ; 3          ; Untyped                                                                     ;
; LPM_DECODES            ; 8          ; Untyped                                                                     ;
; LPM_PIPELINE           ; 0          ; Untyped                                                                     ;
; CASCADE_CHAIN          ; MANUAL     ; Untyped                                                                     ;
; DEVICE_FAMILY          ; Stratix II ; Untyped                                                                     ;
; CBXI_PARAMETER         ; decode_u7f ; Untyped                                                                     ;
; AUTO_CARRY_CHAINS      ; ON         ; AUTO_CARRY                                                                  ;
; IGNORE_CARRY_BUFFERS   ; OFF        ; IGNORE_CARRY                                                                ;
; AUTO_CASCADE_CHAINS    ; ON         ; AUTO_CASCADE                                                                ;
; IGNORE_CASCADE_BUFFERS ; OFF        ; IGNORE_CASCADE                                                              ;
+------------------------+------------+-----------------------------------------------------------------------------+
Note: In order to hide this table in the UI and the text report file, please set the "Show Parameter Settings Tables in Synthesis Report" option in "Analysis and Synthesis Settings -> More Settings" to "Off".


+----------------------------------------------------------------------------------------------------------------------+
; Parameter Settings for User Entity Instance: bufferBlock:inst2|lpm_counter1:inst49|lpm_counter:lpm_counter_component ;
+------------------------+-------------+-------------------------------------------------------------------------------+
; Parameter Name         ; Value       ; Type                                                                          ;
+------------------------+-------------+-------------------------------------------------------------------------------+
; AUTO_CARRY_CHAINS      ; ON          ; AUTO_CARRY                                                                    ;
; IGNORE_CARRY_BUFFERS   ; OFF         ; IGNORE_CARRY                                                                  ;
; AUTO_CASCADE_CHAINS    ; ON          ; AUTO_CASCADE                                                                  ;
; IGNORE_CASCADE_BUFFERS ; OFF         ; IGNORE_CASCADE                                                                ;
; LPM_WIDTH              ; 3           ; Untyped                                                                       ;
; LPM_DIRECTION          ; UP          ; Untyped                                                                       ;
; LPM_MODULUS            ; 0           ; Untyped                                                                       ;
; LPM_AVALUE             ; UNUSED      ; Untyped                                                                       ;
; LPM_SVALUE             ; 1           ; Untyped                                                                       ;
; LPM_PORT_UPDOWN        ; PORT_UNUSED ; Untyped                                                                       ;
; DEVICE_FAMILY          ; Stratix II  ; Untyped                                                                       ;
; CARRY_CHAIN            ; MANUAL      ; Untyped                                                                       ;
; CARRY_CHAIN_LENGTH     ; 48          ; CARRY_CHAIN_LENGTH                                                            ;
; NOT_GATE_PUSH_BACK     ; ON          ; NOT_GATE_PUSH_BACK                                                            ;
; CARRY_CNT_EN           ; SMART       ; Untyped                                                                       ;
; LABWIDE_SCLR           ; ON          ; Untyped                                                                       ;
; USE_NEW_VERSION        ; TRUE        ; Untyped                                                                       ;
; CBXI_PARAMETER         ; cntr_uaj    ; Untyped                                                                       ;
+------------------------+-------------+-------------------------------------------------------------------------------+
Note: In order to hide this table in the UI and the text report file, please set the "Show Parameter Settings Tables in Synthesis Report" option in "Analysis and Synthesis Settings -> More Settings" to "Off".


+-------------------------------------------------------------------------------------------------------------------+
; Parameter Settings for User Entity Instance: bufferBlock:inst2|lpm_bustri3:inst14|lpm_bustri:lpm_bustri_component ;
+----------------+-------+------------------------------------------------------------------------------------------+
; Parameter Name ; Value ; Type                                                                                     ;
+----------------+-------+------------------------------------------------------------------------------------------+
; LPM_WIDTH      ; 8     ; Untyped                                                                                  ;
+----------------+-------+------------------------------------------------------------------------------------------+
Note: In order to hide this table in the UI and the text report file, please set the "Show Parameter Settings Tables in Synthesis Report" option in "Analysis and Synthesis Settings -> More Settings" to "Off".


+------------------------------------------------------------------------------------------------------+
; Parameter Settings for User Entity Instance: bufferBlock:inst2|lpm_dff0:inst|lpm_ff:lpm_ff_component ;
+------------------------+------------+----------------------------------------------------------------+
; Parameter Name         ; Value      ; Type                                                           ;
+------------------------+------------+----------------------------------------------------------------+
; LPM_WIDTH              ; 8          ; Untyped                                                        ;
; LPM_AVALUE             ; UNUSED     ; Untyped                                                        ;
; LPM_SVALUE             ; UNUSED     ; Untyped                                                        ;
; LPM_FFTYPE             ; DFF        ; Untyped                                                        ;
; DEVICE_FAMILY          ; Stratix II ; Untyped                                                        ;
; CBXI_PARAMETER         ; NOTHING    ; Untyped                                                        ;
; AUTO_CARRY_CHAINS      ; ON         ; AUTO_CARRY                                                     ;
; IGNORE_CARRY_BUFFERS   ; OFF        ; IGNORE_CARRY                                                   ;
; AUTO_CASCADE_CHAINS    ; ON         ; AUTO_CASCADE                                                   ;
; IGNORE_CASCADE_BUFFERS ; OFF        ; IGNORE_CASCADE                                                 ;
+------------------------+------------+----------------------------------------------------------------+
Note: In order to hide this table in the UI and the text report file, please set the "Show Parameter Settings Tables in Synthesis Report" option in "Analysis and Synthesis Settings -> More Settings" to "Off".


+-------------------------------------------------------------------------------------------------------------------+
; Parameter Settings for User Entity Instance: bufferBlock:inst2|lpm_bustri3:inst11|lpm_bustri:lpm_bustri_component ;
+----------------+-------+------------------------------------------------------------------------------------------+
; Parameter Name ; Value ; Type                                                                                     ;
+----------------+-------+------------------------------------------------------------------------------------------+
; LPM_WIDTH      ; 8     ; Untyped                                                                                  ;
+----------------+-------+------------------------------------------------------------------------------------------+
Note: In order to hide this table in the UI and the text report file, please set the "Show Parameter Settings Tables in Synthesis Report" option in "Analysis and Synthesis Settings -> More Settings" to "Off".


+-------------------------------------------------------------------------------------------------------+
; Parameter Settings for User Entity Instance: bufferBlock:inst2|lpm_dff0:inst3|lpm_ff:lpm_ff_component ;
+------------------------+------------+-----------------------------------------------------------------+
; Parameter Name         ; Value      ; Type                                                            ;
+------------------------+------------+-----------------------------------------------------------------+
; LPM_WIDTH              ; 8          ; Untyped                                                         ;
; LPM_AVALUE             ; UNUSED     ; Untyped                                                         ;
; LPM_SVALUE             ; UNUSED     ; Untyped                                                         ;
; LPM_FFTYPE             ; DFF        ; Untyped                                                         ;
; DEVICE_FAMILY          ; Stratix II ; Untyped                                                         ;
; CBXI_PARAMETER         ; NOTHING    ; Untyped                                                         ;
; AUTO_CARRY_CHAINS      ; ON         ; AUTO_CARRY                                                      ;
; IGNORE_CARRY_BUFFERS   ; OFF        ; IGNORE_CARRY                                                    ;
; AUTO_CASCADE_CHAINS    ; ON         ; AUTO_CASCADE                                                    ;
; IGNORE_CASCADE_BUFFERS ; OFF        ; IGNORE_CASCADE                                                  ;
+------------------------+------------+-----------------------------------------------------------------+
Note: In order to hide this table in the UI and the text report file, please set the "Show Parameter Settings Tables in Synthesis Report" option in "Analysis and Synthesis Settings -> More Settings" to "Off".


+-------------------------------------------------------------------------------------------------------------------+
; Parameter Settings for User Entity Instance: bufferBlock:inst2|lpm_bustri3:inst10|lpm_bustri:lpm_bustri_component ;
+----------------+-------+------------------------------------------------------------------------------------------+
; Parameter Name ; Value ; Type                                                                                     ;
+----------------+-------+------------------------------------------------------------------------------------------+
; LPM_WIDTH      ; 8     ; Untyped                                                                                  ;
+----------------+-------+------------------------------------------------------------------------------------------+
Note: In order to hide this table in the UI and the text report file, please set the "Show Parameter Settings Tables in Synthesis Report" option in "Analysis and Synthesis Settings -> More Settings" to "Off".


+-------------------------------------------------------------------------------------------------------+
; Parameter Settings for User Entity Instance: bufferBlock:inst2|lpm_dff0:inst4|lpm_ff:lpm_ff_component ;
+------------------------+------------+-----------------------------------------------------------------+
; Parameter Name         ; Value      ; Type                                                            ;
+------------------------+------------+-----------------------------------------------------------------+
; LPM_WIDTH              ; 8          ; Untyped                                                         ;
; LPM_AVALUE             ; UNUSED     ; Untyped                                                         ;
; LPM_SVALUE             ; UNUSED     ; Untyped                                                         ;
; LPM_FFTYPE             ; DFF        ; Untyped                                                         ;
; DEVICE_FAMILY          ; Stratix II ; Untyped                                                         ;
; CBXI_PARAMETER         ; NOTHING    ; Untyped                                                         ;
; AUTO_CARRY_CHAINS      ; ON         ; AUTO_CARRY                                                      ;
; IGNORE_CARRY_BUFFERS   ; OFF        ; IGNORE_CARRY                                                    ;
; AUTO_CASCADE_CHAINS    ; ON         ; AUTO_CASCADE                                                    ;
; IGNORE_CASCADE_BUFFERS ; OFF        ; IGNORE_CASCADE                                                  ;
+------------------------+------------+-----------------------------------------------------------------+
Note: In order to hide this table in the UI and the text report file, please set the "Show Parameter Settings Tables in Synthesis Report" option in "Analysis and Synthesis Settings -> More Settings" to "Off".


+-------------------------------------------------------------------------------------------------------------------+
; Parameter Settings for User Entity Instance: bufferBlock:inst2|lpm_bustri3:inst12|lpm_bustri:lpm_bustri_component ;
+----------------+-------+------------------------------------------------------------------------------------------+
; Parameter Name ; Value ; Type                                                                                     ;
+----------------+-------+------------------------------------------------------------------------------------------+
; LPM_WIDTH      ; 8     ; Untyped                                                                                  ;
+----------------+-------+------------------------------------------------------------------------------------------+
Note: In order to hide this table in the UI and the text report file, please set the "Show Parameter Settings Tables in Synthesis Report" option in "Analysis and Synthesis Settings -> More Settings" to "Off".


+-------------------------------------------------------------------------------------------------------+
; Parameter Settings for User Entity Instance: bufferBlock:inst2|lpm_dff0:inst2|lpm_ff:lpm_ff_component ;
+------------------------+------------+-----------------------------------------------------------------+
; Parameter Name         ; Value      ; Type                                                            ;
+------------------------+------------+-----------------------------------------------------------------+
; LPM_WIDTH              ; 8          ; Untyped                                                         ;
; LPM_AVALUE             ; UNUSED     ; Untyped                                                         ;
; LPM_SVALUE             ; UNUSED     ; Untyped                                                         ;
; LPM_FFTYPE             ; DFF        ; Untyped                                                         ;
; DEVICE_FAMILY          ; Stratix II ; Untyped                                                         ;
; CBXI_PARAMETER         ; NOTHING    ; Untyped                                                         ;
; AUTO_CARRY_CHAINS      ; ON         ; AUTO_CARRY                                                      ;
; IGNORE_CARRY_BUFFERS   ; OFF        ; IGNORE_CARRY                                                    ;
; AUTO_CASCADE_CHAINS    ; ON         ; AUTO_CASCADE                                                    ;
; IGNORE_CASCADE_BUFFERS ; OFF        ; IGNORE_CASCADE                                                  ;
+------------------------+------------+-----------------------------------------------------------------+
Note: In order to hide this table in the UI and the text report file, please set the "Show Parameter Settings Tables in Synthesis Report" option in "Analysis and Synthesis Settings -> More Settings" to "Off".


+-----------------------------------------------------------------------------------------------+
; altsyncram Parameter Settings by Entity Instance                                              ;
+-------------------------------------------+---------------------------------------------------+
; Name                                      ; Value                                             ;
+-------------------------------------------+---------------------------------------------------+
; Number of entity instances                ; 2                                                 ;
; Entity Instance                           ; lpm_ram_dq0:inst1|altsyncram:altsyncram_component ;
;     -- OPERATION_MODE                     ; SINGLE_PORT                                       ;
;     -- WIDTH_A                            ; 8                                                 ;
;     -- NUMWORDS_A                         ; 64                                                ;
;     -- OUTDATA_REG_A                      ; UNREGISTERED                                      ;
;     -- WIDTH_B                            ; 1                                                 ;
;     -- NUMWORDS_B                         ; 1                                                 ;
;     -- ADDRESS_REG_B                      ; CLOCK1                                            ;
;     -- OUTDATA_REG_B                      ; UNREGISTERED                                      ;
;     -- RAM_BLOCK_TYPE                     ; AUTO                                              ;
;     -- READ_DURING_WRITE_MODE_MIXED_PORTS ; DONT_CARE                                         ;
; Entity Instance                           ; lpm_rom0:inst|altsyncram:altsyncram_component     ;
;     -- OPERATION_MODE                     ; ROM                                               ;
;     -- WIDTH_A                            ; 8                                                 ;
;     -- NUMWORDS_A                         ; 64                                                ;
;     -- OUTDATA_REG_A                      ; UNREGISTERED                                      ;
;     -- WIDTH_B                            ; 1                                                 ;
;     -- NUMWORDS_B                         ; 1                                                 ;
;     -- ADDRESS_REG_B                      ; CLOCK1                                            ;
;     -- OUTDATA_REG_B                      ; UNREGISTERED                                      ;
;     -- RAM_BLOCK_TYPE                     ; AUTO                                              ;
;     -- READ_DURING_WRITE_MODE_MIXED_PORTS ; DONT_CARE                                         ;
+-------------------------------------------+---------------------------------------------------+


+-------------------------------+
; Analysis & Synthesis Messages ;
+-------------------------------+
Info: *******************************************************************
Info: Running Quartus II Analysis & Synthesis
    Info: Version 9.1 Build 222 10/21/2009 SJ Web Edition
    Info: Processing started: Fri Oct 06 12:57:42 2023
Info: Command: quartus_map --read_settings_files=on --write_settings_files=off Lab3 -c Lab3
Info: Found 1 design units, including 1 entities, in source file mainblock.bdf
    Info: Found entity 1: mainBlock
Info: Found 1 design units, including 1 entities, in source file bufferblock.bdf
    Info: Found entity 1: bufferBlock
Info: Elaborating entity "mainBlock" for the top level hierarchy
Warning: Using design file lpm_bustri6.tdf, which is not specified as a design file for the current project, but contains definitions for 1 design units and 1 entities in project
    Info: Found entity 1: lpm_bustri6
Info: Elaborating entity "lpm_bustri6" for hierarchy "lpm_bustri6:inst5"
Info: Elaborating entity "lpm_bustri" for hierarchy "lpm_bustri6:inst5|lpm_bustri:lpm_bustri_component"
Info: Elaborated megafunction instantiation "lpm_bustri6:inst5|lpm_bustri:lpm_bustri_component"
Info: Instantiated megafunction "lpm_bustri6:inst5|lpm_bustri:lpm_bustri_component" with the following parameter:
    Info: Parameter "LPM_TYPE" = "LPM_BUSTRI"
    Info: Parameter "LPM_WIDTH" = "8"
Warning: Using design file lpm_ram_dq0.tdf, which is not specified as a design file for the current project, but contains definitions for 1 design units and 1 entities in project
    Info: Found entity 1: lpm_ram_dq0
Info: Elaborating entity "lpm_ram_dq0" for hierarchy "lpm_ram_dq0:inst1"
Info: Elaborating entity "altsyncram" for hierarchy "lpm_ram_dq0:inst1|altsyncram:altsyncram_component"
Info: Elaborated megafunction instantiation "lpm_ram_dq0:inst1|altsyncram:altsyncram_component"
Info: Instantiated megafunction "lpm_ram_dq0:inst1|altsyncram:altsyncram_component" with the following parameter:
    Info: Parameter "POWER_UP_UNINITIALIZED" = "FALSE"
    Info: Parameter "LPM_TYPE" = "altsyncram"
    Info: Parameter "LPM_HINT" = "ENABLE_RUNTIME_MOD=NO"
    Info: Parameter "INTENDED_DEVICE_FAMILY" = "Stratix II"
    Info: Parameter "OPERATION_MODE" = "SINGLE_PORT"
    Info: Parameter "WIDTH_A" = "8"
    Info: Parameter "WIDTHAD_A" = "6"
    Info: Parameter "NUMWORDS_A" = "64"
    Info: Parameter "OUTDATA_REG_A" = "UNREGISTERED"
    Info: Parameter "OUTDATA_ACLR_A" = "NONE"
    Info: Parameter "INIT_FILE" = "initRamFile.hex"
    Info: Parameter "WIDTH_BYTEENA_A" = "1"
    Info: Parameter "CLOCK_ENABLE_INPUT_A" = "BYPASS"
    Info: Parameter "CLOCK_ENABLE_OUTPUT_A" = "BYPASS"
Info: Found 1 design units, including 1 entities, in source file db/altsyncram_odd1.tdf
    Info: Found entity 1: altsyncram_odd1
Info: Elaborating entity "altsyncram_odd1" for hierarchy "lpm_ram_dq0:inst1|altsyncram:altsyncram_component|altsyncram_odd1:auto_generated"
Warning: Using design file lpm_rom0.tdf, which is not specified as a design file for the current project, but contains definitions for 1 design units and 1 entities in project
    Info: Found entity 1: lpm_rom0
Info: Elaborating entity "lpm_rom0" for hierarchy "lpm_rom0:inst"
Info: Elaborating entity "altsyncram" for hierarchy "lpm_rom0:inst|altsyncram:altsyncram_component"
Info: Elaborated megafunction instantiation "lpm_rom0:inst|altsyncram:altsyncram_component"
Info: Instantiated megafunction "lpm_rom0:inst|altsyncram:altsyncram_component" with the following parameter:
    Info: Parameter "LPM_TYPE" = "altsyncram"
    Info: Parameter "LPM_HINT" = "ENABLE_RUNTIME_MOD=NO"
    Info: Parameter "INTENDED_DEVICE_FAMILY" = "Stratix II"
    Info: Parameter "OPERATION_MODE" = "ROM"
    Info: Parameter "WIDTH_A" = "8"
    Info: Parameter "WIDTHAD_A" = "6"
    Info: Parameter "NUMWORDS_A" = "64"
    Info: Parameter "OUTDATA_REG_A" = "UNREGISTERED"
    Info: Parameter "OUTDATA_ACLR_A" = "NONE"
    Info: Parameter "INIT_FILE" = "initRomFile.hex"
    Info: Parameter "WIDTH_BYTEENA_A" = "1"
    Info: Parameter "CLOCK_ENABLE_INPUT_A" = "BYPASS"
    Info: Parameter "CLOCK_ENABLE_OUTPUT_A" = "BYPASS"
Info: Found 1 design units, including 1 entities, in source file db/altsyncram_3b81.tdf
    Info: Found entity 1: altsyncram_3b81
Info: Elaborating entity "altsyncram_3b81" for hierarchy "lpm_rom0:inst|altsyncram:altsyncram_component|altsyncram_3b81:auto_generated"
Info: Elaborating entity "bufferBlock" for hierarchy "bufferBlock:inst2"
Warning: Using design file lpm_bustri3.tdf, which is not specified as a design file for the current project, but contains definitions for 1 design units and 1 entities in project
    Info: Found entity 1: lpm_bustri3
Info: Elaborating entity "lpm_bustri3" for hierarchy "bufferBlock:inst2|lpm_bustri3:inst13"
Warning: Using design file lpm_decode0.tdf, which is not specified as a design file for the current project, but contains definitions for 1 design units and 1 entities in project
    Info: Found entity 1: lpm_decode0
Info: Elaborating entity "lpm_decode0" for hierarchy "bufferBlock:inst2|lpm_decode0:inst27"
Info: Elaborating entity "lpm_decode" for hierarchy "bufferBlock:inst2|lpm_decode0:inst27|lpm_decode:lpm_decode_component"
Info: Elaborated megafunction instantiation "bufferBlock:inst2|lpm_decode0:inst27|lpm_decode:lpm_decode_component"
Info: Instantiated megafunction "bufferBlock:inst2|lpm_decode0:inst27|lpm_decode:lpm_decode_component" with the following parameter:
    Info: Parameter "LPM_TYPE" = "LPM_DECODE"
    Info: Parameter "LPM_WIDTH" = "3"
    Info: Parameter "LPM_DECODES" = "8"
Info: Found 1 design units, including 1 entities, in source file db/decode_u7f.tdf
    Info: Found entity 1: decode_u7f
Info: Elaborating entity "decode_u7f" for hierarchy "bufferBlock:inst2|lpm_decode0:inst27|lpm_decode:lpm_decode_component|decode_u7f:auto_generated"
Warning: Using design file lpm_counter0.tdf, which is not specified as a design file for the current project, but contains definitions for 1 design units and 1 entities in project
    Info: Found entity 1: lpm_counter0
Info: Elaborating entity "lpm_counter0" for hierarchy "bufferBlock:inst2|lpm_counter0:inst26"
Info: Elaborating entity "lpm_counter" for hierarchy "bufferBlock:inst2|lpm_counter0:inst26|lpm_counter:lpm_counter_component"
Info: Elaborated megafunction instantiation "bufferBlock:inst2|lpm_counter0:inst26|lpm_counter:lpm_counter_component"
Info: Instantiated megafunction "bufferBlock:inst2|lpm_counter0:inst26|lpm_counter:lpm_counter_component" with the following parameter:
    Info: Parameter "LPM_TYPE" = "LPM_COUNTER"
    Info: Parameter "LPM_WIDTH" = "3"
    Info: Parameter "LPM_DIRECTION" = "UP"
    Info: Parameter "LPM_SVALUE" = "1"
    Info: Parameter "LPM_PORT_UPDOWN" = "PORT_UNUSED"
Info: Found 1 design units, including 1 entities, in source file db/cntr_uaj.tdf
    Info: Found entity 1: cntr_uaj
Info: Elaborating entity "cntr_uaj" for hierarchy "bufferBlock:inst2|lpm_counter0:inst26|lpm_counter:lpm_counter_component|cntr_uaj:auto_generated"
Warning: Using design file lpm_dff0.tdf, which is not specified as a design file for the current project, but contains definitions for 1 design units and 1 entities in project
    Info: Found entity 1: lpm_dff0
Info: Elaborating entity "lpm_dff0" for hierarchy "bufferBlock:inst2|lpm_dff0:inst1"
Info: Elaborating entity "lpm_ff" for hierarchy "bufferBlock:inst2|lpm_dff0:inst1|lpm_ff:lpm_ff_component"
Info: Elaborated megafunction instantiation "bufferBlock:inst2|lpm_dff0:inst1|lpm_ff:lpm_ff_component"
Info: Instantiated megafunction "bufferBlock:inst2|lpm_dff0:inst1|lpm_ff:lpm_ff_component" with the following parameter:
    Info: Parameter "LPM_TYPE" = "LPM_FF"
    Info: Parameter "LPM_WIDTH" = "8"
    Info: Parameter "LPM_FFTYPE" = "DFF"
Warning: Using design file lpm_counter1.tdf, which is not specified as a design file for the current project, but contains definitions for 1 design units and 1 entities in project
    Info: Found entity 1: lpm_counter1
Info: Elaborating entity "lpm_counter1" for hierarchy "bufferBlock:inst2|lpm_counter1:inst49"
Warning: Tri-state node(s) do not directly drive top-level pin(s)
    Warning: Converted the fan-out from the tri-state buffer "bufferBlock:inst2|lpm_bustri3:inst13|lpm_bustri:lpm_bustri_component|dout[7]" to the node "lpm_bustri6:inst4|lpm_bustri:lpm_bustri_component|dout[7]" into an OR gate
    Warning: Converted the fan-out from the tri-state buffer "bufferBlock:inst2|lpm_bustri3:inst13|lpm_bustri:lpm_bustri_component|dout[6]" to the node "lpm_bustri6:inst4|lpm_bustri:lpm_bustri_component|dout[6]" into an OR gate
    Warning: Converted the fan-out from the tri-state buffer "bufferBlock:inst2|lpm_bustri3:inst13|lpm_bustri:lpm_bustri_component|dout[5]" to the node "lpm_bustri6:inst4|lpm_bustri:lpm_bustri_component|dout[5]" into an OR gate
    Warning: Converted the fan-out from the tri-state buffer "bufferBlock:inst2|lpm_bustri3:inst13|lpm_bustri:lpm_bustri_component|dout[4]" to the node "lpm_bustri6:inst4|lpm_bustri:lpm_bustri_component|dout[4]" into an OR gate
    Warning: Converted the fan-out from the tri-state buffer "bufferBlock:inst2|lpm_bustri3:inst13|lpm_bustri:lpm_bustri_component|dout[3]" to the node "lpm_bustri6:inst4|lpm_bustri:lpm_bustri_component|dout[3]" into an OR gate
    Warning: Converted the fan-out from the tri-state buffer "bufferBlock:inst2|lpm_bustri3:inst13|lpm_bustri:lpm_bustri_component|dout[2]" to the node "lpm_bustri6:inst4|lpm_bustri:lpm_bustri_component|dout[2]" into an OR gate
    Warning: Converted the fan-out from the tri-state buffer "bufferBlock:inst2|lpm_bustri3:inst13|lpm_bustri:lpm_bustri_component|dout[1]" to the node "lpm_bustri6:inst4|lpm_bustri:lpm_bustri_component|dout[1]" into an OR gate
    Warning: Converted the fan-out from the tri-state buffer "bufferBlock:inst2|lpm_bustri3:inst13|lpm_bustri:lpm_bustri_component|dout[0]" to the node "lpm_bustri6:inst4|lpm_bustri:lpm_bustri_component|dout[0]" into an OR gate
    Warning: Converted the fan-out from the tri-state buffer "lpm_bustri6:inst5|lpm_bustri:lpm_bustri_component|dout[7]" to the node "lpm_ram_dq0:inst1|altsyncram:altsyncram_component|altsyncram_odd1:auto_generated|q_a[7]" into an OR gate
    Warning: Converted the fan-out from the tri-state buffer "lpm_bustri6:inst5|lpm_bustri:lpm_bustri_component|dout[6]" to the node "lpm_ram_dq0:inst1|altsyncram:altsyncram_component|altsyncram_odd1:auto_generated|q_a[6]" into an OR gate
    Warning: Converted the fan-out from the tri-state buffer "lpm_bustri6:inst5|lpm_bustri:lpm_bustri_component|dout[5]" to the node "lpm_ram_dq0:inst1|altsyncram:altsyncram_component|altsyncram_odd1:auto_generated|q_a[5]" into an OR gate
    Warning: Converted the fan-out from the tri-state buffer "lpm_bustri6:inst5|lpm_bustri:lpm_bustri_component|dout[4]" to the node "lpm_ram_dq0:inst1|altsyncram:altsyncram_component|altsyncram_odd1:auto_generated|q_a[4]" into an OR gate
    Warning: Converted the fan-out from the tri-state buffer "lpm_bustri6:inst5|lpm_bustri:lpm_bustri_component|dout[3]" to the node "lpm_ram_dq0:inst1|altsyncram:altsyncram_component|altsyncram_odd1:auto_generated|q_a[3]" into an OR gate
    Warning: Converted the fan-out from the tri-state buffer "lpm_bustri6:inst5|lpm_bustri:lpm_bustri_component|dout[2]" to the node "lpm_ram_dq0:inst1|altsyncram:altsyncram_component|altsyncram_odd1:auto_generated|q_a[2]" into an OR gate
    Warning: Converted the fan-out from the tri-state buffer "lpm_bustri6:inst5|lpm_bustri:lpm_bustri_component|dout[1]" to the node "lpm_ram_dq0:inst1|altsyncram:altsyncram_component|altsyncram_odd1:auto_generated|q_a[1]" into an OR gate
    Warning: Converted the fan-out from the tri-state buffer "lpm_bustri6:inst5|lpm_bustri:lpm_bustri_component|dout[0]" to the node "lpm_ram_dq0:inst1|altsyncram:altsyncram_component|altsyncram_odd1:auto_generated|q_a[0]" into an OR gate
Info: Implemented 139 device resources after synthesis - the final resource count might be different
    Info: Implemented 10 input pins
    Info: Implemented 8 output pins
    Info: Implemented 105 logic cells
    Info: Implemented 16 RAM segments
Info: Quartus II Analysis & Synthesis was successful. 0 errors, 25 warnings
    Info: Peak virtual memory: 228 megabytes
    Info: Processing ended: Fri Oct 06 12:57:43 2023
    Info: Elapsed time: 00:00:01
    Info: Total CPU time (on all processors): 00:00:02


