Simulator report for Lab3
Fri Oct 06 13:00:55 2023
Quartus II Version 9.1 Build 222 10/21/2009 SJ Web Edition


---------------------
; Table of Contents ;
---------------------
  1. Legal Notice
  2. Simulator Summary
  3. Simulator Settings
  4. Simulation Waveforms
  5. |mainBlock|lpm_rom0:inst|altsyncram:altsyncram_component|altsyncram_3b81:auto_generated|ALTSYNCRAM
  6. |mainBlock|lpm_ram_dq0:inst1|altsyncram:altsyncram_component|altsyncram_odd1:auto_generated|ALTSYNCRAM
  7. Coverage Summary
  8. Complete 1/0-Value Coverage
  9. Missing 1-Value Coverage
 10. Missing 0-Value Coverage
 11. Simulator INI Usage
 12. Simulator Messages



----------------
; Legal Notice ;
----------------
Copyright (C) 1991-2009 Altera Corporation
Your use of Altera Corporation's design tools, logic functions 
and other software and tools, and its AMPP partner logic 
functions, and any output files from any of the foregoing 
(including device programming or simulation files), and any 
associated documentation or information are expressly subject 
to the terms and conditions of the Altera Program License 
Subscription Agreement, Altera MegaCore Function License 
Agreement, or other applicable license agreement, including, 
without limitation, that your use is for the sole purpose of 
programming logic devices manufactured by Altera and sold by 
Altera or its authorized distributors.  Please refer to the 
applicable agreement for further details.



+--------------------------------------------+
; Simulator Summary                          ;
+-----------------------------+--------------+
; Type                        ; Value        ;
+-----------------------------+--------------+
; Simulation Start Time       ; 0 ps         ;
; Simulation End Time         ; 1.0 us       ;
; Simulation Netlist Size     ; 195 nodes    ;
; Simulation Coverage         ;      48.74 % ;
; Total Number of Transitions ; 1125         ;
; Simulation Breakpoints      ; 0            ;
; Family                      ; Stratix II   ;
+-----------------------------+--------------+


+------------------------------------------------------------------------------------------------------------------------------------+
; Simulator Settings                                                                                                                 ;
+--------------------------------------------------------------------------------------------+-----------------------+---------------+
; Option                                                                                     ; Setting               ; Default Value ;
+--------------------------------------------------------------------------------------------+-----------------------+---------------+
; Simulation mode                                                                            ; Functional            ; Timing        ;
; Start time                                                                                 ; 0 ns                  ; 0 ns          ;
; Simulation results format                                                                  ; CVWF                  ;               ;
; Vector input source                                                                        ; mainBlockWaveform.vwf ;               ;
; Add pins automatically to simulation output waveforms                                      ; On                    ; On            ;
; Check outputs                                                                              ; Off                   ; Off           ;
; Report simulation coverage                                                                 ; On                    ; On            ;
; Display complete 1/0 value coverage report                                                 ; On                    ; On            ;
; Display missing 1-value coverage report                                                    ; On                    ; On            ;
; Display missing 0-value coverage report                                                    ; On                    ; On            ;
; Detect setup and hold time violations                                                      ; Off                   ; Off           ;
; Detect glitches                                                                            ; Off                   ; Off           ;
; Disable timing delays in Timing Simulation                                                 ; Off                   ; Off           ;
; Generate Signal Activity File                                                              ; Off                   ; Off           ;
; Generate VCD File for PowerPlay Power Analyzer                                             ; Off                   ; Off           ;
; Group bus channels in simulation results                                                   ; Off                   ; Off           ;
; Preserve fewer signal transitions to reduce memory requirements                            ; On                    ; On            ;
; Trigger vector comparison with the specified mode                                          ; INPUT_EDGE            ; INPUT_EDGE    ;
; Disable setup and hold time violations detection in input registers of bi-directional pins ; Off                   ; Off           ;
; Overwrite Waveform Inputs With Simulation Outputs                                          ; Off                   ;               ;
; Perform Glitch Filtering in Timing Simulation                                              ; Auto                  ; Auto          ;
+--------------------------------------------------------------------------------------------+-----------------------+---------------+


+----------------------+
; Simulation Waveforms ;
+----------------------+
Waveform report data cannot be output to ASCII.
Please use Quartus II to view the waveform report data.


+----------------------------------------------------------------------------------------------------+
; |mainBlock|lpm_rom0:inst|altsyncram:altsyncram_component|altsyncram_3b81:auto_generated|ALTSYNCRAM ;
+----------------------------------------------------------------------------------------------------+
Please refer to fitter text-based report (*.fit.rpt) to view logical memory report content in ASCII.


+--------------------------------------------------------------------------------------------------------+
; |mainBlock|lpm_ram_dq0:inst1|altsyncram:altsyncram_component|altsyncram_odd1:auto_generated|ALTSYNCRAM ;
+--------------------------------------------------------------------------------------------------------+
Please refer to fitter text-based report (*.fit.rpt) to view logical memory report content in ASCII.


+--------------------------------------------------------------------+
; Coverage Summary                                                   ;
+-----------------------------------------------------+--------------+
; Type                                                ; Value        ;
+-----------------------------------------------------+--------------+
; Total coverage as a percentage                      ;      48.74 % ;
; Total nodes checked                                 ; 195          ;
; Total output ports checked                          ; 199          ;
; Total output ports with complete 1/0-value coverage ; 97           ;
; Total output ports with no 1/0-value coverage       ; 35           ;
; Total output ports with no 1-value coverage         ; 88           ;
; Total output ports with no 0-value coverage         ; 49           ;
+-----------------------------------------------------+--------------+


The following table displays output ports that toggle between 1 and 0 during simulation.
+-----------------------------------------------------------------------------------------------------------------------------------------------------------------------------------------------------------------------------------------------------------------------------------------+
; Complete 1/0-Value Coverage                                                                                                                                                                                                                                                             ;
+---------------------------------------------------------------------------------------------------------------------------------+------------------------------------------------------------------------------------------------------------------------------------+------------------+
; Node Name                                                                                                                       ; Output Port Name                                                                                                                   ; Output Port Type ;
+---------------------------------------------------------------------------------------------------------------------------------+------------------------------------------------------------------------------------------------------------------------------------+------------------+
; |mainBlock|data[4]                                                                                                              ; |mainBlock|data[4]                                                                                                                 ; pin_out          ;
; |mainBlock|data[2]                                                                                                              ; |mainBlock|data[2]                                                                                                                 ; pin_out          ;
; |mainBlock|data[1]                                                                                                              ; |mainBlock|data[1]                                                                                                                 ; pin_out          ;
; |mainBlock|data[0]                                                                                                              ; |mainBlock|data[0]                                                                                                                 ; pin_out          ;
; |mainBlock|gdfx_temp0[4]                                                                                                        ; |mainBlock|gdfx_temp0[4]                                                                                                           ; out0             ;
; |mainBlock|gdfx_temp0[2]                                                                                                        ; |mainBlock|gdfx_temp0[2]                                                                                                           ; out0             ;
; |mainBlock|gdfx_temp0[1]                                                                                                        ; |mainBlock|gdfx_temp0[1]                                                                                                           ; out0             ;
; |mainBlock|gdfx_temp0[0]                                                                                                        ; |mainBlock|gdfx_temp0[0]                                                                                                           ; out0             ;
; |mainBlock|inst10                                                                                                               ; |mainBlock|inst10                                                                                                                  ; out0             ;
; |mainBlock|read                                                                                                                 ; |mainBlock|read                                                                                                                    ; out              ;
; |mainBlock|rom_ram                                                                                                              ; |mainBlock|rom_ram                                                                                                                 ; out              ;
; |mainBlock|write                                                                                                                ; |mainBlock|write                                                                                                                   ; out              ;
; |mainBlock|clk                                                                                                                  ; |mainBlock|clk                                                                                                                     ; out              ;
; |mainBlock|address[5]                                                                                                           ; |mainBlock|address[5]                                                                                                              ; out              ;
; |mainBlock|address[4]                                                                                                           ; |mainBlock|address[4]                                                                                                              ; out              ;
; |mainBlock|address[3]                                                                                                           ; |mainBlock|address[3]                                                                                                              ; out              ;
; |mainBlock|address[2]                                                                                                           ; |mainBlock|address[2]                                                                                                              ; out              ;
; |mainBlock|address[1]                                                                                                           ; |mainBlock|address[1]                                                                                                              ; out              ;
; |mainBlock|address[0]                                                                                                           ; |mainBlock|address[0]                                                                                                              ; out              ;
; |mainBlock|inst9                                                                                                                ; |mainBlock|inst9                                                                                                                   ; out0             ;
; |mainBlock|bufferBlock:inst2|gdfx_temp0[4]                                                                                      ; |mainBlock|bufferBlock:inst2|gdfx_temp0[4]                                                                                         ; out0             ;
; |mainBlock|bufferBlock:inst2|gdfx_temp0[2]                                                                                      ; |mainBlock|bufferBlock:inst2|gdfx_temp0[2]                                                                                         ; out0             ;
; |mainBlock|bufferBlock:inst2|gdfx_temp0[1]                                                                                      ; |mainBlock|bufferBlock:inst2|gdfx_temp0[1]                                                                                         ; out0             ;
; |mainBlock|bufferBlock:inst2|gdfx_temp0[0]                                                                                      ; |mainBlock|bufferBlock:inst2|gdfx_temp0[0]                                                                                         ; out0             ;
; |mainBlock|bufferBlock:inst2|inst24                                                                                             ; |mainBlock|bufferBlock:inst2|inst24                                                                                                ; out0             ;
; |mainBlock|bufferBlock:inst2|inst18                                                                                             ; |mainBlock|bufferBlock:inst2|inst18                                                                                                ; out0             ;
; |mainBlock|bufferBlock:inst2|inst17                                                                                             ; |mainBlock|bufferBlock:inst2|inst17                                                                                                ; out0             ;
; |mainBlock|bufferBlock:inst2|inst25                                                                                             ; |mainBlock|bufferBlock:inst2|inst25                                                                                                ; out0             ;
; |mainBlock|bufferBlock:inst2|inst22                                                                                             ; |mainBlock|bufferBlock:inst2|inst22                                                                                                ; out0             ;
; |mainBlock|bufferBlock:inst2|inst21                                                                                             ; |mainBlock|bufferBlock:inst2|inst21                                                                                                ; out0             ;
; |mainBlock|bufferBlock:inst2|inst23                                                                                             ; |mainBlock|bufferBlock:inst2|inst23                                                                                                ; out0             ;
; |mainBlock|bufferBlock:inst2|lpm_dff0:inst2|lpm_ff:lpm_ff_component|dffs[4]                                                     ; |mainBlock|bufferBlock:inst2|lpm_dff0:inst2|lpm_ff:lpm_ff_component|dffs[4]                                                        ; regout           ;
; |mainBlock|bufferBlock:inst2|lpm_bustri3:inst12|lpm_bustri:lpm_bustri_component|dout[4]                                         ; |mainBlock|bufferBlock:inst2|lpm_bustri3:inst12|lpm_bustri:lpm_bustri_component|dout[4]                                            ; out              ;
; |mainBlock|bufferBlock:inst2|lpm_dff0:inst4|lpm_ff:lpm_ff_component|dffs[4]                                                     ; |mainBlock|bufferBlock:inst2|lpm_dff0:inst4|lpm_ff:lpm_ff_component|dffs[4]                                                        ; regout           ;
; |mainBlock|bufferBlock:inst2|lpm_bustri3:inst10|lpm_bustri:lpm_bustri_component|dout[4]                                         ; |mainBlock|bufferBlock:inst2|lpm_bustri3:inst10|lpm_bustri:lpm_bustri_component|dout[4]                                            ; out              ;
; |mainBlock|bufferBlock:inst2|lpm_dff0:inst3|lpm_ff:lpm_ff_component|dffs[4]                                                     ; |mainBlock|bufferBlock:inst2|lpm_dff0:inst3|lpm_ff:lpm_ff_component|dffs[4]                                                        ; regout           ;
; |mainBlock|bufferBlock:inst2|lpm_bustri3:inst11|lpm_bustri:lpm_bustri_component|dout[4]                                         ; |mainBlock|bufferBlock:inst2|lpm_bustri3:inst11|lpm_bustri:lpm_bustri_component|dout[4]                                            ; out              ;
; |mainBlock|bufferBlock:inst2|lpm_dff0:inst|lpm_ff:lpm_ff_component|dffs[4]                                                      ; |mainBlock|bufferBlock:inst2|lpm_dff0:inst|lpm_ff:lpm_ff_component|dffs[4]                                                         ; regout           ;
; |mainBlock|bufferBlock:inst2|lpm_bustri3:inst14|lpm_bustri:lpm_bustri_component|dout[4]                                         ; |mainBlock|bufferBlock:inst2|lpm_bustri3:inst14|lpm_bustri:lpm_bustri_component|dout[4]                                            ; out              ;
; |mainBlock|bufferBlock:inst2|lpm_counter1:inst49|lpm_counter:lpm_counter_component|cntr_uaj:auto_generated|counter_comb_bita0   ; |mainBlock|bufferBlock:inst2|lpm_counter1:inst49|lpm_counter:lpm_counter_component|cntr_uaj:auto_generated|counter_comb_bita0      ; sumout           ;
; |mainBlock|bufferBlock:inst2|lpm_counter1:inst49|lpm_counter:lpm_counter_component|cntr_uaj:auto_generated|counter_comb_bita0   ; |mainBlock|bufferBlock:inst2|lpm_counter1:inst49|lpm_counter:lpm_counter_component|cntr_uaj:auto_generated|counter_comb_bita0~COUT ; cout             ;
; |mainBlock|bufferBlock:inst2|lpm_counter1:inst49|lpm_counter:lpm_counter_component|cntr_uaj:auto_generated|counter_comb_bita1   ; |mainBlock|bufferBlock:inst2|lpm_counter1:inst49|lpm_counter:lpm_counter_component|cntr_uaj:auto_generated|counter_comb_bita1      ; sumout           ;
; |mainBlock|bufferBlock:inst2|lpm_counter1:inst49|lpm_counter:lpm_counter_component|cntr_uaj:auto_generated|counter_comb_bita1   ; |mainBlock|bufferBlock:inst2|lpm_counter1:inst49|lpm_counter:lpm_counter_component|cntr_uaj:auto_generated|counter_comb_bita1~COUT ; cout             ;
; |mainBlock|bufferBlock:inst2|lpm_counter1:inst49|lpm_counter:lpm_counter_component|cntr_uaj:auto_generated|counter_comb_bita2   ; |mainBlock|bufferBlock:inst2|lpm_counter1:inst49|lpm_counter:lpm_counter_component|cntr_uaj:auto_generated|counter_comb_bita2      ; sumout           ;
; |mainBlock|bufferBlock:inst2|lpm_counter1:inst49|lpm_counter:lpm_counter_component|cntr_uaj:auto_generated|counter_reg_bit1a[2] ; |mainBlock|bufferBlock:inst2|lpm_counter1:inst49|lpm_counter:lpm_counter_component|cntr_uaj:auto_generated|safe_q[2]               ; regout           ;
; |mainBlock|bufferBlock:inst2|lpm_counter1:inst49|lpm_counter:lpm_counter_component|cntr_uaj:auto_generated|counter_reg_bit1a[1] ; |mainBlock|bufferBlock:inst2|lpm_counter1:inst49|lpm_counter:lpm_counter_component|cntr_uaj:auto_generated|safe_q[1]               ; regout           ;
; |mainBlock|bufferBlock:inst2|lpm_counter1:inst49|lpm_counter:lpm_counter_component|cntr_uaj:auto_generated|counter_reg_bit1a[0] ; |mainBlock|bufferBlock:inst2|lpm_counter1:inst49|lpm_counter:lpm_counter_component|cntr_uaj:auto_generated|safe_q[0]               ; regout           ;
; |mainBlock|bufferBlock:inst2|lpm_decode0:inst19|lpm_decode:lpm_decode_component|decode_u7f:auto_generated|w_anode19w[3]         ; |mainBlock|bufferBlock:inst2|lpm_decode0:inst19|lpm_decode:lpm_decode_component|decode_u7f:auto_generated|w_anode19w[3]            ; out0             ;
; |mainBlock|bufferBlock:inst2|lpm_decode0:inst19|lpm_decode:lpm_decode_component|decode_u7f:auto_generated|w_anode19w[2]         ; |mainBlock|bufferBlock:inst2|lpm_decode0:inst19|lpm_decode:lpm_decode_component|decode_u7f:auto_generated|w_anode19w[2]            ; out0             ;
; |mainBlock|bufferBlock:inst2|lpm_decode0:inst19|lpm_decode:lpm_decode_component|decode_u7f:auto_generated|w_anode30w[3]         ; |mainBlock|bufferBlock:inst2|lpm_decode0:inst19|lpm_decode:lpm_decode_component|decode_u7f:auto_generated|w_anode30w[3]            ; out0             ;
; |mainBlock|bufferBlock:inst2|lpm_decode0:inst19|lpm_decode:lpm_decode_component|decode_u7f:auto_generated|w_anode30w[2]         ; |mainBlock|bufferBlock:inst2|lpm_decode0:inst19|lpm_decode:lpm_decode_component|decode_u7f:auto_generated|w_anode30w[2]            ; out0             ;
; |mainBlock|bufferBlock:inst2|lpm_decode0:inst19|lpm_decode:lpm_decode_component|decode_u7f:auto_generated|w_anode41w[3]         ; |mainBlock|bufferBlock:inst2|lpm_decode0:inst19|lpm_decode:lpm_decode_component|decode_u7f:auto_generated|w_anode41w[3]            ; out0             ;
; |mainBlock|bufferBlock:inst2|lpm_decode0:inst19|lpm_decode:lpm_decode_component|decode_u7f:auto_generated|w_anode41w[2]         ; |mainBlock|bufferBlock:inst2|lpm_decode0:inst19|lpm_decode:lpm_decode_component|decode_u7f:auto_generated|w_anode41w[2]            ; out0             ;
; |mainBlock|bufferBlock:inst2|lpm_decode0:inst19|lpm_decode:lpm_decode_component|decode_u7f:auto_generated|w_anode52w[3]         ; |mainBlock|bufferBlock:inst2|lpm_decode0:inst19|lpm_decode:lpm_decode_component|decode_u7f:auto_generated|w_anode52w[3]            ; out0             ;
; |mainBlock|bufferBlock:inst2|lpm_decode0:inst19|lpm_decode:lpm_decode_component|decode_u7f:auto_generated|w_anode52w[2]         ; |mainBlock|bufferBlock:inst2|lpm_decode0:inst19|lpm_decode:lpm_decode_component|decode_u7f:auto_generated|w_anode52w[2]            ; out0             ;
; |mainBlock|bufferBlock:inst2|lpm_decode0:inst19|lpm_decode:lpm_decode_component|decode_u7f:auto_generated|w_anode63w[3]         ; |mainBlock|bufferBlock:inst2|lpm_decode0:inst19|lpm_decode:lpm_decode_component|decode_u7f:auto_generated|w_anode63w[3]            ; out0             ;
; |mainBlock|bufferBlock:inst2|lpm_decode0:inst19|lpm_decode:lpm_decode_component|decode_u7f:auto_generated|w_anode63w[2]         ; |mainBlock|bufferBlock:inst2|lpm_decode0:inst19|lpm_decode:lpm_decode_component|decode_u7f:auto_generated|w_anode63w[2]            ; out0             ;
; |mainBlock|bufferBlock:inst2|lpm_dff0:inst1|lpm_ff:lpm_ff_component|dffs[4]                                                     ; |mainBlock|bufferBlock:inst2|lpm_dff0:inst1|lpm_ff:lpm_ff_component|dffs[4]                                                        ; regout           ;
; |mainBlock|bufferBlock:inst2|lpm_counter0:inst26|lpm_counter:lpm_counter_component|cntr_uaj:auto_generated|counter_comb_bita0   ; |mainBlock|bufferBlock:inst2|lpm_counter0:inst26|lpm_counter:lpm_counter_component|cntr_uaj:auto_generated|counter_comb_bita0      ; sumout           ;
; |mainBlock|bufferBlock:inst2|lpm_counter0:inst26|lpm_counter:lpm_counter_component|cntr_uaj:auto_generated|counter_comb_bita0   ; |mainBlock|bufferBlock:inst2|lpm_counter0:inst26|lpm_counter:lpm_counter_component|cntr_uaj:auto_generated|counter_comb_bita0~COUT ; cout             ;
; |mainBlock|bufferBlock:inst2|lpm_counter0:inst26|lpm_counter:lpm_counter_component|cntr_uaj:auto_generated|counter_comb_bita1   ; |mainBlock|bufferBlock:inst2|lpm_counter0:inst26|lpm_counter:lpm_counter_component|cntr_uaj:auto_generated|counter_comb_bita1      ; sumout           ;
; |mainBlock|bufferBlock:inst2|lpm_counter0:inst26|lpm_counter:lpm_counter_component|cntr_uaj:auto_generated|counter_comb_bita1   ; |mainBlock|bufferBlock:inst2|lpm_counter0:inst26|lpm_counter:lpm_counter_component|cntr_uaj:auto_generated|counter_comb_bita1~COUT ; cout             ;
; |mainBlock|bufferBlock:inst2|lpm_counter0:inst26|lpm_counter:lpm_counter_component|cntr_uaj:auto_generated|counter_comb_bita2   ; |mainBlock|bufferBlock:inst2|lpm_counter0:inst26|lpm_counter:lpm_counter_component|cntr_uaj:auto_generated|counter_comb_bita2      ; sumout           ;
; |mainBlock|bufferBlock:inst2|lpm_counter0:inst26|lpm_counter:lpm_counter_component|cntr_uaj:auto_generated|counter_reg_bit1a[2] ; |mainBlock|bufferBlock:inst2|lpm_counter0:inst26|lpm_counter:lpm_counter_component|cntr_uaj:auto_generated|safe_q[2]               ; regout           ;
; |mainBlock|bufferBlock:inst2|lpm_counter0:inst26|lpm_counter:lpm_counter_component|cntr_uaj:auto_generated|counter_reg_bit1a[1] ; |mainBlock|bufferBlock:inst2|lpm_counter0:inst26|lpm_counter:lpm_counter_component|cntr_uaj:auto_generated|safe_q[1]               ; regout           ;
; |mainBlock|bufferBlock:inst2|lpm_counter0:inst26|lpm_counter:lpm_counter_component|cntr_uaj:auto_generated|counter_reg_bit1a[0] ; |mainBlock|bufferBlock:inst2|lpm_counter0:inst26|lpm_counter:lpm_counter_component|cntr_uaj:auto_generated|safe_q[0]               ; regout           ;
; |mainBlock|bufferBlock:inst2|lpm_decode0:inst27|lpm_decode:lpm_decode_component|decode_u7f:auto_generated|w_anode19w[3]         ; |mainBlock|bufferBlock:inst2|lpm_decode0:inst27|lpm_decode:lpm_decode_component|decode_u7f:auto_generated|w_anode19w[3]            ; out0             ;
; |mainBlock|bufferBlock:inst2|lpm_decode0:inst27|lpm_decode:lpm_decode_component|decode_u7f:auto_generated|w_anode19w[2]         ; |mainBlock|bufferBlock:inst2|lpm_decode0:inst27|lpm_decode:lpm_decode_component|decode_u7f:auto_generated|w_anode19w[2]            ; out0             ;
; |mainBlock|bufferBlock:inst2|lpm_decode0:inst27|lpm_decode:lpm_decode_component|decode_u7f:auto_generated|w_anode30w[3]         ; |mainBlock|bufferBlock:inst2|lpm_decode0:inst27|lpm_decode:lpm_decode_component|decode_u7f:auto_generated|w_anode30w[3]            ; out0             ;
; |mainBlock|bufferBlock:inst2|lpm_decode0:inst27|lpm_decode:lpm_decode_component|decode_u7f:auto_generated|w_anode30w[2]         ; |mainBlock|bufferBlock:inst2|lpm_decode0:inst27|lpm_decode:lpm_decode_component|decode_u7f:auto_generated|w_anode30w[2]            ; out0             ;
; |mainBlock|bufferBlock:inst2|lpm_decode0:inst27|lpm_decode:lpm_decode_component|decode_u7f:auto_generated|w_anode41w[3]         ; |mainBlock|bufferBlock:inst2|lpm_decode0:inst27|lpm_decode:lpm_decode_component|decode_u7f:auto_generated|w_anode41w[3]            ; out0             ;
; |mainBlock|bufferBlock:inst2|lpm_decode0:inst27|lpm_decode:lpm_decode_component|decode_u7f:auto_generated|w_anode41w[2]         ; |mainBlock|bufferBlock:inst2|lpm_decode0:inst27|lpm_decode:lpm_decode_component|decode_u7f:auto_generated|w_anode41w[2]            ; out0             ;
; |mainBlock|bufferBlock:inst2|lpm_decode0:inst27|lpm_decode:lpm_decode_component|decode_u7f:auto_generated|w_anode52w[3]         ; |mainBlock|bufferBlock:inst2|lpm_decode0:inst27|lpm_decode:lpm_decode_component|decode_u7f:auto_generated|w_anode52w[3]            ; out0             ;
; |mainBlock|bufferBlock:inst2|lpm_decode0:inst27|lpm_decode:lpm_decode_component|decode_u7f:auto_generated|w_anode52w[2]         ; |mainBlock|bufferBlock:inst2|lpm_decode0:inst27|lpm_decode:lpm_decode_component|decode_u7f:auto_generated|w_anode52w[2]            ; out0             ;
; |mainBlock|bufferBlock:inst2|lpm_decode0:inst27|lpm_decode:lpm_decode_component|decode_u7f:auto_generated|w_anode63w[3]         ; |mainBlock|bufferBlock:inst2|lpm_decode0:inst27|lpm_decode:lpm_decode_component|decode_u7f:auto_generated|w_anode63w[3]            ; out0             ;
; |mainBlock|bufferBlock:inst2|lpm_decode0:inst27|lpm_decode:lpm_decode_component|decode_u7f:auto_generated|w_anode63w[2]         ; |mainBlock|bufferBlock:inst2|lpm_decode0:inst27|lpm_decode:lpm_decode_component|decode_u7f:auto_generated|w_anode63w[2]            ; out0             ;
; |mainBlock|bufferBlock:inst2|lpm_bustri3:inst13|lpm_bustri:lpm_bustri_component|dout[4]                                         ; |mainBlock|bufferBlock:inst2|lpm_bustri3:inst13|lpm_bustri:lpm_bustri_component|dout[4]                                            ; out              ;
; |mainBlock|lpm_bustri6:inst4|lpm_bustri:lpm_bustri_component|dout[4]                                                            ; |mainBlock|lpm_bustri6:inst4|lpm_bustri:lpm_bustri_component|dout[4]                                                               ; out              ;
; |mainBlock|lpm_bustri6:inst4|lpm_bustri:lpm_bustri_component|dout[2]                                                            ; |mainBlock|lpm_bustri6:inst4|lpm_bustri:lpm_bustri_component|dout[2]                                                               ; out              ;
; |mainBlock|lpm_bustri6:inst4|lpm_bustri:lpm_bustri_component|dout[1]                                                            ; |mainBlock|lpm_bustri6:inst4|lpm_bustri:lpm_bustri_component|dout[1]                                                               ; out              ;
; |mainBlock|lpm_bustri6:inst4|lpm_bustri:lpm_bustri_component|dout[0]                                                            ; |mainBlock|lpm_bustri6:inst4|lpm_bustri:lpm_bustri_component|dout[0]                                                               ; out              ;
; |mainBlock|lpm_rom0:inst|altsyncram:altsyncram_component|altsyncram_3b81:auto_generated|ram_block1a0                            ; |mainBlock|lpm_rom0:inst|altsyncram:altsyncram_component|altsyncram_3b81:auto_generated|q_a[0]                                     ; portadataout0    ;
; |mainBlock|lpm_rom0:inst|altsyncram:altsyncram_component|altsyncram_3b81:auto_generated|ram_block1a1                            ; |mainBlock|lpm_rom0:inst|altsyncram:altsyncram_component|altsyncram_3b81:auto_generated|q_a[1]                                     ; portadataout0    ;
; |mainBlock|lpm_rom0:inst|altsyncram:altsyncram_component|altsyncram_3b81:auto_generated|ram_block1a2                            ; |mainBlock|lpm_rom0:inst|altsyncram:altsyncram_component|altsyncram_3b81:auto_generated|q_a[2]                                     ; portadataout0    ;
; |mainBlock|lpm_rom0:inst|altsyncram:altsyncram_component|altsyncram_3b81:auto_generated|ram_block1a3                            ; |mainBlock|lpm_rom0:inst|altsyncram:altsyncram_component|altsyncram_3b81:auto_generated|q_a[3]                                     ; portadataout0    ;
; |mainBlock|lpm_rom0:inst|altsyncram:altsyncram_component|altsyncram_3b81:auto_generated|ram_block1a4                            ; |mainBlock|lpm_rom0:inst|altsyncram:altsyncram_component|altsyncram_3b81:auto_generated|q_a[4]                                     ; portadataout0    ;
; |mainBlock|lpm_bustri6:inst3|lpm_bustri:lpm_bustri_component|dout[4]                                                            ; |mainBlock|lpm_bustri6:inst3|lpm_bustri:lpm_bustri_component|dout[4]                                                               ; out              ;
; |mainBlock|lpm_bustri6:inst3|lpm_bustri:lpm_bustri_component|dout[2]                                                            ; |mainBlock|lpm_bustri6:inst3|lpm_bustri:lpm_bustri_component|dout[2]                                                               ; out              ;
; |mainBlock|lpm_bustri6:inst3|lpm_bustri:lpm_bustri_component|dout[1]                                                            ; |mainBlock|lpm_bustri6:inst3|lpm_bustri:lpm_bustri_component|dout[1]                                                               ; out              ;
; |mainBlock|lpm_bustri6:inst3|lpm_bustri:lpm_bustri_component|dout[0]                                                            ; |mainBlock|lpm_bustri6:inst3|lpm_bustri:lpm_bustri_component|dout[0]                                                               ; out              ;
; |mainBlock|lpm_ram_dq0:inst1|altsyncram:altsyncram_component|altsyncram_odd1:auto_generated|ram_block1a0                        ; |mainBlock|lpm_ram_dq0:inst1|altsyncram:altsyncram_component|altsyncram_odd1:auto_generated|q_a[0]                                 ; portadataout0    ;
; |mainBlock|lpm_ram_dq0:inst1|altsyncram:altsyncram_component|altsyncram_odd1:auto_generated|ram_block1a1                        ; |mainBlock|lpm_ram_dq0:inst1|altsyncram:altsyncram_component|altsyncram_odd1:auto_generated|q_a[1]                                 ; portadataout0    ;
; |mainBlock|lpm_ram_dq0:inst1|altsyncram:altsyncram_component|altsyncram_odd1:auto_generated|ram_block1a2                        ; |mainBlock|lpm_ram_dq0:inst1|altsyncram:altsyncram_component|altsyncram_odd1:auto_generated|q_a[2]                                 ; portadataout0    ;
; |mainBlock|lpm_ram_dq0:inst1|altsyncram:altsyncram_component|altsyncram_odd1:auto_generated|ram_block1a4                        ; |mainBlock|lpm_ram_dq0:inst1|altsyncram:altsyncram_component|altsyncram_odd1:auto_generated|q_a[4]                                 ; portadataout0    ;
; |mainBlock|lpm_bustri6:inst5|lpm_bustri:lpm_bustri_component|dout[2]                                                            ; |mainBlock|lpm_bustri6:inst5|lpm_bustri:lpm_bustri_component|dout[2]                                                               ; out              ;
; |mainBlock|lpm_bustri6:inst5|lpm_bustri:lpm_bustri_component|dout[1]                                                            ; |mainBlock|lpm_bustri6:inst5|lpm_bustri:lpm_bustri_component|dout[1]                                                               ; out              ;
; |mainBlock|lpm_bustri6:inst5|lpm_bustri:lpm_bustri_component|dout[0]                                                            ; |mainBlock|lpm_bustri6:inst5|lpm_bustri:lpm_bustri_component|dout[0]                                                               ; out              ;
+---------------------------------------------------------------------------------------------------------------------------------+------------------------------------------------------------------------------------------------------------------------------------+------------------+


The following table displays output ports that do not toggle to 1 during simulation.
+----------------------------------------------------------------------------------------------------------------------------------------------------------------------------------------------------------------------------------+
; Missing 1-Value Coverage                                                                                                                                                                                                         ;
+----------------------------------------------------------------------------------------------------------+----------------------------------------------------------------------------------------------------+------------------+
; Node Name                                                                                                ; Output Port Name                                                                                   ; Output Port Type ;
+----------------------------------------------------------------------------------------------------------+----------------------------------------------------------------------------------------------------+------------------+
; |mainBlock|data[7]                                                                                       ; |mainBlock|data[7]                                                                                 ; pin_out          ;
; |mainBlock|data[6]                                                                                       ; |mainBlock|data[6]                                                                                 ; pin_out          ;
; |mainBlock|data[5]                                                                                       ; |mainBlock|data[5]                                                                                 ; pin_out          ;
; |mainBlock|data[3]                                                                                       ; |mainBlock|data[3]                                                                                 ; pin_out          ;
; |mainBlock|gdfx_temp0[7]                                                                                 ; |mainBlock|gdfx_temp0[7]                                                                           ; out0             ;
; |mainBlock|gdfx_temp0[6]                                                                                 ; |mainBlock|gdfx_temp0[6]                                                                           ; out0             ;
; |mainBlock|gdfx_temp0[5]                                                                                 ; |mainBlock|gdfx_temp0[5]                                                                           ; out0             ;
; |mainBlock|gdfx_temp0[3]                                                                                 ; |mainBlock|gdfx_temp0[3]                                                                           ; out0             ;
; |mainBlock|bufferBlock:inst2|gdfx_temp0[7]                                                               ; |mainBlock|bufferBlock:inst2|gdfx_temp0[7]                                                         ; out0             ;
; |mainBlock|bufferBlock:inst2|gdfx_temp0[6]                                                               ; |mainBlock|bufferBlock:inst2|gdfx_temp0[6]                                                         ; out0             ;
; |mainBlock|bufferBlock:inst2|gdfx_temp0[5]                                                               ; |mainBlock|bufferBlock:inst2|gdfx_temp0[5]                                                         ; out0             ;
; |mainBlock|bufferBlock:inst2|gdfx_temp0[3]                                                               ; |mainBlock|bufferBlock:inst2|gdfx_temp0[3]                                                         ; out0             ;
; |mainBlock|bufferBlock:inst2|lpm_dff0:inst2|lpm_ff:lpm_ff_component|dffs[7]                              ; |mainBlock|bufferBlock:inst2|lpm_dff0:inst2|lpm_ff:lpm_ff_component|dffs[7]                        ; regout           ;
; |mainBlock|bufferBlock:inst2|lpm_dff0:inst2|lpm_ff:lpm_ff_component|dffs[6]                              ; |mainBlock|bufferBlock:inst2|lpm_dff0:inst2|lpm_ff:lpm_ff_component|dffs[6]                        ; regout           ;
; |mainBlock|bufferBlock:inst2|lpm_dff0:inst2|lpm_ff:lpm_ff_component|dffs[5]                              ; |mainBlock|bufferBlock:inst2|lpm_dff0:inst2|lpm_ff:lpm_ff_component|dffs[5]                        ; regout           ;
; |mainBlock|bufferBlock:inst2|lpm_dff0:inst2|lpm_ff:lpm_ff_component|dffs[3]                              ; |mainBlock|bufferBlock:inst2|lpm_dff0:inst2|lpm_ff:lpm_ff_component|dffs[3]                        ; regout           ;
; |mainBlock|bufferBlock:inst2|lpm_dff0:inst2|lpm_ff:lpm_ff_component|dffs[2]                              ; |mainBlock|bufferBlock:inst2|lpm_dff0:inst2|lpm_ff:lpm_ff_component|dffs[2]                        ; regout           ;
; |mainBlock|bufferBlock:inst2|lpm_bustri3:inst12|lpm_bustri:lpm_bustri_component|dout[7]                  ; |mainBlock|bufferBlock:inst2|lpm_bustri3:inst12|lpm_bustri:lpm_bustri_component|dout[7]            ; out              ;
; |mainBlock|bufferBlock:inst2|lpm_bustri3:inst12|lpm_bustri:lpm_bustri_component|dout[6]                  ; |mainBlock|bufferBlock:inst2|lpm_bustri3:inst12|lpm_bustri:lpm_bustri_component|dout[6]            ; out              ;
; |mainBlock|bufferBlock:inst2|lpm_bustri3:inst12|lpm_bustri:lpm_bustri_component|dout[5]                  ; |mainBlock|bufferBlock:inst2|lpm_bustri3:inst12|lpm_bustri:lpm_bustri_component|dout[5]            ; out              ;
; |mainBlock|bufferBlock:inst2|lpm_bustri3:inst12|lpm_bustri:lpm_bustri_component|dout[3]                  ; |mainBlock|bufferBlock:inst2|lpm_bustri3:inst12|lpm_bustri:lpm_bustri_component|dout[3]            ; out              ;
; |mainBlock|bufferBlock:inst2|lpm_bustri3:inst12|lpm_bustri:lpm_bustri_component|dout[2]                  ; |mainBlock|bufferBlock:inst2|lpm_bustri3:inst12|lpm_bustri:lpm_bustri_component|dout[2]            ; out              ;
; |mainBlock|bufferBlock:inst2|lpm_dff0:inst4|lpm_ff:lpm_ff_component|dffs[7]                              ; |mainBlock|bufferBlock:inst2|lpm_dff0:inst4|lpm_ff:lpm_ff_component|dffs[7]                        ; regout           ;
; |mainBlock|bufferBlock:inst2|lpm_dff0:inst4|lpm_ff:lpm_ff_component|dffs[6]                              ; |mainBlock|bufferBlock:inst2|lpm_dff0:inst4|lpm_ff:lpm_ff_component|dffs[6]                        ; regout           ;
; |mainBlock|bufferBlock:inst2|lpm_dff0:inst4|lpm_ff:lpm_ff_component|dffs[5]                              ; |mainBlock|bufferBlock:inst2|lpm_dff0:inst4|lpm_ff:lpm_ff_component|dffs[5]                        ; regout           ;
; |mainBlock|bufferBlock:inst2|lpm_dff0:inst4|lpm_ff:lpm_ff_component|dffs[3]                              ; |mainBlock|bufferBlock:inst2|lpm_dff0:inst4|lpm_ff:lpm_ff_component|dffs[3]                        ; regout           ;
; |mainBlock|bufferBlock:inst2|lpm_dff0:inst4|lpm_ff:lpm_ff_component|dffs[2]                              ; |mainBlock|bufferBlock:inst2|lpm_dff0:inst4|lpm_ff:lpm_ff_component|dffs[2]                        ; regout           ;
; |mainBlock|bufferBlock:inst2|lpm_dff0:inst4|lpm_ff:lpm_ff_component|dffs[1]                              ; |mainBlock|bufferBlock:inst2|lpm_dff0:inst4|lpm_ff:lpm_ff_component|dffs[1]                        ; regout           ;
; |mainBlock|bufferBlock:inst2|lpm_bustri3:inst10|lpm_bustri:lpm_bustri_component|dout[7]                  ; |mainBlock|bufferBlock:inst2|lpm_bustri3:inst10|lpm_bustri:lpm_bustri_component|dout[7]            ; out              ;
; |mainBlock|bufferBlock:inst2|lpm_bustri3:inst10|lpm_bustri:lpm_bustri_component|dout[6]                  ; |mainBlock|bufferBlock:inst2|lpm_bustri3:inst10|lpm_bustri:lpm_bustri_component|dout[6]            ; out              ;
; |mainBlock|bufferBlock:inst2|lpm_bustri3:inst10|lpm_bustri:lpm_bustri_component|dout[5]                  ; |mainBlock|bufferBlock:inst2|lpm_bustri3:inst10|lpm_bustri:lpm_bustri_component|dout[5]            ; out              ;
; |mainBlock|bufferBlock:inst2|lpm_bustri3:inst10|lpm_bustri:lpm_bustri_component|dout[3]                  ; |mainBlock|bufferBlock:inst2|lpm_bustri3:inst10|lpm_bustri:lpm_bustri_component|dout[3]            ; out              ;
; |mainBlock|bufferBlock:inst2|lpm_bustri3:inst10|lpm_bustri:lpm_bustri_component|dout[2]                  ; |mainBlock|bufferBlock:inst2|lpm_bustri3:inst10|lpm_bustri:lpm_bustri_component|dout[2]            ; out              ;
; |mainBlock|bufferBlock:inst2|lpm_bustri3:inst10|lpm_bustri:lpm_bustri_component|dout[1]                  ; |mainBlock|bufferBlock:inst2|lpm_bustri3:inst10|lpm_bustri:lpm_bustri_component|dout[1]            ; out              ;
; |mainBlock|bufferBlock:inst2|lpm_dff0:inst3|lpm_ff:lpm_ff_component|dffs[7]                              ; |mainBlock|bufferBlock:inst2|lpm_dff0:inst3|lpm_ff:lpm_ff_component|dffs[7]                        ; regout           ;
; |mainBlock|bufferBlock:inst2|lpm_dff0:inst3|lpm_ff:lpm_ff_component|dffs[6]                              ; |mainBlock|bufferBlock:inst2|lpm_dff0:inst3|lpm_ff:lpm_ff_component|dffs[6]                        ; regout           ;
; |mainBlock|bufferBlock:inst2|lpm_dff0:inst3|lpm_ff:lpm_ff_component|dffs[5]                              ; |mainBlock|bufferBlock:inst2|lpm_dff0:inst3|lpm_ff:lpm_ff_component|dffs[5]                        ; regout           ;
; |mainBlock|bufferBlock:inst2|lpm_dff0:inst3|lpm_ff:lpm_ff_component|dffs[3]                              ; |mainBlock|bufferBlock:inst2|lpm_dff0:inst3|lpm_ff:lpm_ff_component|dffs[3]                        ; regout           ;
; |mainBlock|bufferBlock:inst2|lpm_dff0:inst3|lpm_ff:lpm_ff_component|dffs[2]                              ; |mainBlock|bufferBlock:inst2|lpm_dff0:inst3|lpm_ff:lpm_ff_component|dffs[2]                        ; regout           ;
; |mainBlock|bufferBlock:inst2|lpm_dff0:inst3|lpm_ff:lpm_ff_component|dffs[0]                              ; |mainBlock|bufferBlock:inst2|lpm_dff0:inst3|lpm_ff:lpm_ff_component|dffs[0]                        ; regout           ;
; |mainBlock|bufferBlock:inst2|lpm_bustri3:inst11|lpm_bustri:lpm_bustri_component|dout[7]                  ; |mainBlock|bufferBlock:inst2|lpm_bustri3:inst11|lpm_bustri:lpm_bustri_component|dout[7]            ; out              ;
; |mainBlock|bufferBlock:inst2|lpm_bustri3:inst11|lpm_bustri:lpm_bustri_component|dout[6]                  ; |mainBlock|bufferBlock:inst2|lpm_bustri3:inst11|lpm_bustri:lpm_bustri_component|dout[6]            ; out              ;
; |mainBlock|bufferBlock:inst2|lpm_bustri3:inst11|lpm_bustri:lpm_bustri_component|dout[5]                  ; |mainBlock|bufferBlock:inst2|lpm_bustri3:inst11|lpm_bustri:lpm_bustri_component|dout[5]            ; out              ;
; |mainBlock|bufferBlock:inst2|lpm_bustri3:inst11|lpm_bustri:lpm_bustri_component|dout[3]                  ; |mainBlock|bufferBlock:inst2|lpm_bustri3:inst11|lpm_bustri:lpm_bustri_component|dout[3]            ; out              ;
; |mainBlock|bufferBlock:inst2|lpm_bustri3:inst11|lpm_bustri:lpm_bustri_component|dout[2]                  ; |mainBlock|bufferBlock:inst2|lpm_bustri3:inst11|lpm_bustri:lpm_bustri_component|dout[2]            ; out              ;
; |mainBlock|bufferBlock:inst2|lpm_bustri3:inst11|lpm_bustri:lpm_bustri_component|dout[0]                  ; |mainBlock|bufferBlock:inst2|lpm_bustri3:inst11|lpm_bustri:lpm_bustri_component|dout[0]            ; out              ;
; |mainBlock|bufferBlock:inst2|lpm_dff0:inst|lpm_ff:lpm_ff_component|dffs[7]                               ; |mainBlock|bufferBlock:inst2|lpm_dff0:inst|lpm_ff:lpm_ff_component|dffs[7]                         ; regout           ;
; |mainBlock|bufferBlock:inst2|lpm_dff0:inst|lpm_ff:lpm_ff_component|dffs[6]                               ; |mainBlock|bufferBlock:inst2|lpm_dff0:inst|lpm_ff:lpm_ff_component|dffs[6]                         ; regout           ;
; |mainBlock|bufferBlock:inst2|lpm_dff0:inst|lpm_ff:lpm_ff_component|dffs[5]                               ; |mainBlock|bufferBlock:inst2|lpm_dff0:inst|lpm_ff:lpm_ff_component|dffs[5]                         ; regout           ;
; |mainBlock|bufferBlock:inst2|lpm_dff0:inst|lpm_ff:lpm_ff_component|dffs[3]                               ; |mainBlock|bufferBlock:inst2|lpm_dff0:inst|lpm_ff:lpm_ff_component|dffs[3]                         ; regout           ;
; |mainBlock|bufferBlock:inst2|lpm_dff0:inst|lpm_ff:lpm_ff_component|dffs[1]                               ; |mainBlock|bufferBlock:inst2|lpm_dff0:inst|lpm_ff:lpm_ff_component|dffs[1]                         ; regout           ;
; |mainBlock|bufferBlock:inst2|lpm_bustri3:inst14|lpm_bustri:lpm_bustri_component|dout[7]                  ; |mainBlock|bufferBlock:inst2|lpm_bustri3:inst14|lpm_bustri:lpm_bustri_component|dout[7]            ; out              ;
; |mainBlock|bufferBlock:inst2|lpm_bustri3:inst14|lpm_bustri:lpm_bustri_component|dout[6]                  ; |mainBlock|bufferBlock:inst2|lpm_bustri3:inst14|lpm_bustri:lpm_bustri_component|dout[6]            ; out              ;
; |mainBlock|bufferBlock:inst2|lpm_bustri3:inst14|lpm_bustri:lpm_bustri_component|dout[5]                  ; |mainBlock|bufferBlock:inst2|lpm_bustri3:inst14|lpm_bustri:lpm_bustri_component|dout[5]            ; out              ;
; |mainBlock|bufferBlock:inst2|lpm_bustri3:inst14|lpm_bustri:lpm_bustri_component|dout[3]                  ; |mainBlock|bufferBlock:inst2|lpm_bustri3:inst14|lpm_bustri:lpm_bustri_component|dout[3]            ; out              ;
; |mainBlock|bufferBlock:inst2|lpm_bustri3:inst14|lpm_bustri:lpm_bustri_component|dout[1]                  ; |mainBlock|bufferBlock:inst2|lpm_bustri3:inst14|lpm_bustri:lpm_bustri_component|dout[1]            ; out              ;
; |mainBlock|bufferBlock:inst2|lpm_dff0:inst1|lpm_ff:lpm_ff_component|dffs[7]                              ; |mainBlock|bufferBlock:inst2|lpm_dff0:inst1|lpm_ff:lpm_ff_component|dffs[7]                        ; regout           ;
; |mainBlock|bufferBlock:inst2|lpm_dff0:inst1|lpm_ff:lpm_ff_component|dffs[6]                              ; |mainBlock|bufferBlock:inst2|lpm_dff0:inst1|lpm_ff:lpm_ff_component|dffs[6]                        ; regout           ;
; |mainBlock|bufferBlock:inst2|lpm_dff0:inst1|lpm_ff:lpm_ff_component|dffs[5]                              ; |mainBlock|bufferBlock:inst2|lpm_dff0:inst1|lpm_ff:lpm_ff_component|dffs[5]                        ; regout           ;
; |mainBlock|bufferBlock:inst2|lpm_dff0:inst1|lpm_ff:lpm_ff_component|dffs[3]                              ; |mainBlock|bufferBlock:inst2|lpm_dff0:inst1|lpm_ff:lpm_ff_component|dffs[3]                        ; regout           ;
; |mainBlock|bufferBlock:inst2|lpm_dff0:inst1|lpm_ff:lpm_ff_component|dffs[1]                              ; |mainBlock|bufferBlock:inst2|lpm_dff0:inst1|lpm_ff:lpm_ff_component|dffs[1]                        ; regout           ;
; |mainBlock|bufferBlock:inst2|lpm_dff0:inst1|lpm_ff:lpm_ff_component|dffs[0]                              ; |mainBlock|bufferBlock:inst2|lpm_dff0:inst1|lpm_ff:lpm_ff_component|dffs[0]                        ; regout           ;
; |mainBlock|bufferBlock:inst2|lpm_bustri3:inst13|lpm_bustri:lpm_bustri_component|dout[7]                  ; |mainBlock|bufferBlock:inst2|lpm_bustri3:inst13|lpm_bustri:lpm_bustri_component|dout[7]            ; out              ;
; |mainBlock|bufferBlock:inst2|lpm_bustri3:inst13|lpm_bustri:lpm_bustri_component|dout[6]                  ; |mainBlock|bufferBlock:inst2|lpm_bustri3:inst13|lpm_bustri:lpm_bustri_component|dout[6]            ; out              ;
; |mainBlock|bufferBlock:inst2|lpm_bustri3:inst13|lpm_bustri:lpm_bustri_component|dout[5]                  ; |mainBlock|bufferBlock:inst2|lpm_bustri3:inst13|lpm_bustri:lpm_bustri_component|dout[5]            ; out              ;
; |mainBlock|bufferBlock:inst2|lpm_bustri3:inst13|lpm_bustri:lpm_bustri_component|dout[3]                  ; |mainBlock|bufferBlock:inst2|lpm_bustri3:inst13|lpm_bustri:lpm_bustri_component|dout[3]            ; out              ;
; |mainBlock|bufferBlock:inst2|lpm_bustri3:inst13|lpm_bustri:lpm_bustri_component|dout[1]                  ; |mainBlock|bufferBlock:inst2|lpm_bustri3:inst13|lpm_bustri:lpm_bustri_component|dout[1]            ; out              ;
; |mainBlock|bufferBlock:inst2|lpm_bustri3:inst13|lpm_bustri:lpm_bustri_component|dout[0]                  ; |mainBlock|bufferBlock:inst2|lpm_bustri3:inst13|lpm_bustri:lpm_bustri_component|dout[0]            ; out              ;
; |mainBlock|lpm_bustri6:inst4|lpm_bustri:lpm_bustri_component|dout[7]                                     ; |mainBlock|lpm_bustri6:inst4|lpm_bustri:lpm_bustri_component|dout[7]                               ; out              ;
; |mainBlock|lpm_bustri6:inst4|lpm_bustri:lpm_bustri_component|dout[6]                                     ; |mainBlock|lpm_bustri6:inst4|lpm_bustri:lpm_bustri_component|dout[6]                               ; out              ;
; |mainBlock|lpm_bustri6:inst4|lpm_bustri:lpm_bustri_component|dout[5]                                     ; |mainBlock|lpm_bustri6:inst4|lpm_bustri:lpm_bustri_component|dout[5]                               ; out              ;
; |mainBlock|lpm_bustri6:inst4|lpm_bustri:lpm_bustri_component|dout[3]                                     ; |mainBlock|lpm_bustri6:inst4|lpm_bustri:lpm_bustri_component|dout[3]                               ; out              ;
; |mainBlock|lpm_rom0:inst|altsyncram:altsyncram_component|altsyncram_3b81:auto_generated|ram_block1a5     ; |mainBlock|lpm_rom0:inst|altsyncram:altsyncram_component|altsyncram_3b81:auto_generated|q_a[5]     ; portadataout0    ;
; |mainBlock|lpm_rom0:inst|altsyncram:altsyncram_component|altsyncram_3b81:auto_generated|ram_block1a6     ; |mainBlock|lpm_rom0:inst|altsyncram:altsyncram_component|altsyncram_3b81:auto_generated|q_a[6]     ; portadataout0    ;
; |mainBlock|lpm_rom0:inst|altsyncram:altsyncram_component|altsyncram_3b81:auto_generated|ram_block1a7     ; |mainBlock|lpm_rom0:inst|altsyncram:altsyncram_component|altsyncram_3b81:auto_generated|q_a[7]     ; portadataout0    ;
; |mainBlock|lpm_bustri6:inst3|lpm_bustri:lpm_bustri_component|dout[7]                                     ; |mainBlock|lpm_bustri6:inst3|lpm_bustri:lpm_bustri_component|dout[7]                               ; out              ;
; |mainBlock|lpm_bustri6:inst3|lpm_bustri:lpm_bustri_component|dout[6]                                     ; |mainBlock|lpm_bustri6:inst3|lpm_bustri:lpm_bustri_component|dout[6]                               ; out              ;
; |mainBlock|lpm_bustri6:inst3|lpm_bustri:lpm_bustri_component|dout[5]                                     ; |mainBlock|lpm_bustri6:inst3|lpm_bustri:lpm_bustri_component|dout[5]                               ; out              ;
; |mainBlock|lpm_bustri6:inst3|lpm_bustri:lpm_bustri_component|dout[3]                                     ; |mainBlock|lpm_bustri6:inst3|lpm_bustri:lpm_bustri_component|dout[3]                               ; out              ;
; |mainBlock|lpm_ram_dq0:inst1|altsyncram:altsyncram_component|altsyncram_odd1:auto_generated|ram_block1a3 ; |mainBlock|lpm_ram_dq0:inst1|altsyncram:altsyncram_component|altsyncram_odd1:auto_generated|q_a[3] ; portadataout0    ;
; |mainBlock|lpm_ram_dq0:inst1|altsyncram:altsyncram_component|altsyncram_odd1:auto_generated|ram_block1a5 ; |mainBlock|lpm_ram_dq0:inst1|altsyncram:altsyncram_component|altsyncram_odd1:auto_generated|q_a[5] ; portadataout0    ;
; |mainBlock|lpm_ram_dq0:inst1|altsyncram:altsyncram_component|altsyncram_odd1:auto_generated|ram_block1a6 ; |mainBlock|lpm_ram_dq0:inst1|altsyncram:altsyncram_component|altsyncram_odd1:auto_generated|q_a[6] ; portadataout0    ;
; |mainBlock|lpm_ram_dq0:inst1|altsyncram:altsyncram_component|altsyncram_odd1:auto_generated|ram_block1a7 ; |mainBlock|lpm_ram_dq0:inst1|altsyncram:altsyncram_component|altsyncram_odd1:auto_generated|q_a[7] ; portadataout0    ;
; |mainBlock|lpm_bustri6:inst5|lpm_bustri:lpm_bustri_component|dout[7]                                     ; |mainBlock|lpm_bustri6:inst5|lpm_bustri:lpm_bustri_component|dout[7]                               ; out              ;
; |mainBlock|lpm_bustri6:inst5|lpm_bustri:lpm_bustri_component|dout[6]                                     ; |mainBlock|lpm_bustri6:inst5|lpm_bustri:lpm_bustri_component|dout[6]                               ; out              ;
; |mainBlock|lpm_bustri6:inst5|lpm_bustri:lpm_bustri_component|dout[5]                                     ; |mainBlock|lpm_bustri6:inst5|lpm_bustri:lpm_bustri_component|dout[5]                               ; out              ;
; |mainBlock|lpm_bustri6:inst5|lpm_bustri:lpm_bustri_component|dout[4]                                     ; |mainBlock|lpm_bustri6:inst5|lpm_bustri:lpm_bustri_component|dout[4]                               ; out              ;
; |mainBlock|lpm_bustri6:inst5|lpm_bustri:lpm_bustri_component|dout[3]                                     ; |mainBlock|lpm_bustri6:inst5|lpm_bustri:lpm_bustri_component|dout[3]                               ; out              ;
+----------------------------------------------------------------------------------------------------------+----------------------------------------------------------------------------------------------------+------------------+


The following table displays output ports that do not toggle to 0 during simulation.
+----------------------------------------------------------------------------------------------------------------------------------------------------------------------------------------------------------------------------------+
; Missing 0-Value Coverage                                                                                                                                                                                                         ;
+----------------------------------------------------------------------------------------------------------+----------------------------------------------------------------------------------------------------+------------------+
; Node Name                                                                                                ; Output Port Name                                                                                   ; Output Port Type ;
+----------------------------------------------------------------------------------------------------------+----------------------------------------------------------------------------------------------------+------------------+
; |mainBlock|bufferBlock:inst2|lpm_dff0:inst2|lpm_ff:lpm_ff_component|dffs[7]                              ; |mainBlock|bufferBlock:inst2|lpm_dff0:inst2|lpm_ff:lpm_ff_component|dffs[7]                        ; regout           ;
; |mainBlock|bufferBlock:inst2|lpm_dff0:inst2|lpm_ff:lpm_ff_component|dffs[6]                              ; |mainBlock|bufferBlock:inst2|lpm_dff0:inst2|lpm_ff:lpm_ff_component|dffs[6]                        ; regout           ;
; |mainBlock|bufferBlock:inst2|lpm_dff0:inst2|lpm_ff:lpm_ff_component|dffs[5]                              ; |mainBlock|bufferBlock:inst2|lpm_dff0:inst2|lpm_ff:lpm_ff_component|dffs[5]                        ; regout           ;
; |mainBlock|bufferBlock:inst2|lpm_dff0:inst2|lpm_ff:lpm_ff_component|dffs[3]                              ; |mainBlock|bufferBlock:inst2|lpm_dff0:inst2|lpm_ff:lpm_ff_component|dffs[3]                        ; regout           ;
; |mainBlock|bufferBlock:inst2|lpm_dff0:inst2|lpm_ff:lpm_ff_component|dffs[2]                              ; |mainBlock|bufferBlock:inst2|lpm_dff0:inst2|lpm_ff:lpm_ff_component|dffs[2]                        ; regout           ;
; |mainBlock|bufferBlock:inst2|lpm_dff0:inst2|lpm_ff:lpm_ff_component|dffs[1]                              ; |mainBlock|bufferBlock:inst2|lpm_dff0:inst2|lpm_ff:lpm_ff_component|dffs[1]                        ; regout           ;
; |mainBlock|bufferBlock:inst2|lpm_dff0:inst2|lpm_ff:lpm_ff_component|dffs[0]                              ; |mainBlock|bufferBlock:inst2|lpm_dff0:inst2|lpm_ff:lpm_ff_component|dffs[0]                        ; regout           ;
; |mainBlock|bufferBlock:inst2|lpm_bustri3:inst12|lpm_bustri:lpm_bustri_component|dout[1]                  ; |mainBlock|bufferBlock:inst2|lpm_bustri3:inst12|lpm_bustri:lpm_bustri_component|dout[1]            ; out              ;
; |mainBlock|bufferBlock:inst2|lpm_bustri3:inst12|lpm_bustri:lpm_bustri_component|dout[0]                  ; |mainBlock|bufferBlock:inst2|lpm_bustri3:inst12|lpm_bustri:lpm_bustri_component|dout[0]            ; out              ;
; |mainBlock|bufferBlock:inst2|lpm_dff0:inst4|lpm_ff:lpm_ff_component|dffs[7]                              ; |mainBlock|bufferBlock:inst2|lpm_dff0:inst4|lpm_ff:lpm_ff_component|dffs[7]                        ; regout           ;
; |mainBlock|bufferBlock:inst2|lpm_dff0:inst4|lpm_ff:lpm_ff_component|dffs[6]                              ; |mainBlock|bufferBlock:inst2|lpm_dff0:inst4|lpm_ff:lpm_ff_component|dffs[6]                        ; regout           ;
; |mainBlock|bufferBlock:inst2|lpm_dff0:inst4|lpm_ff:lpm_ff_component|dffs[5]                              ; |mainBlock|bufferBlock:inst2|lpm_dff0:inst4|lpm_ff:lpm_ff_component|dffs[5]                        ; regout           ;
; |mainBlock|bufferBlock:inst2|lpm_dff0:inst4|lpm_ff:lpm_ff_component|dffs[3]                              ; |mainBlock|bufferBlock:inst2|lpm_dff0:inst4|lpm_ff:lpm_ff_component|dffs[3]                        ; regout           ;
; |mainBlock|bufferBlock:inst2|lpm_dff0:inst4|lpm_ff:lpm_ff_component|dffs[2]                              ; |mainBlock|bufferBlock:inst2|lpm_dff0:inst4|lpm_ff:lpm_ff_component|dffs[2]                        ; regout           ;
; |mainBlock|bufferBlock:inst2|lpm_dff0:inst4|lpm_ff:lpm_ff_component|dffs[1]                              ; |mainBlock|bufferBlock:inst2|lpm_dff0:inst4|lpm_ff:lpm_ff_component|dffs[1]                        ; regout           ;
; |mainBlock|bufferBlock:inst2|lpm_dff0:inst4|lpm_ff:lpm_ff_component|dffs[0]                              ; |mainBlock|bufferBlock:inst2|lpm_dff0:inst4|lpm_ff:lpm_ff_component|dffs[0]                        ; regout           ;
; |mainBlock|bufferBlock:inst2|lpm_bustri3:inst10|lpm_bustri:lpm_bustri_component|dout[0]                  ; |mainBlock|bufferBlock:inst2|lpm_bustri3:inst10|lpm_bustri:lpm_bustri_component|dout[0]            ; out              ;
; |mainBlock|bufferBlock:inst2|lpm_dff0:inst3|lpm_ff:lpm_ff_component|dffs[7]                              ; |mainBlock|bufferBlock:inst2|lpm_dff0:inst3|lpm_ff:lpm_ff_component|dffs[7]                        ; regout           ;
; |mainBlock|bufferBlock:inst2|lpm_dff0:inst3|lpm_ff:lpm_ff_component|dffs[6]                              ; |mainBlock|bufferBlock:inst2|lpm_dff0:inst3|lpm_ff:lpm_ff_component|dffs[6]                        ; regout           ;
; |mainBlock|bufferBlock:inst2|lpm_dff0:inst3|lpm_ff:lpm_ff_component|dffs[5]                              ; |mainBlock|bufferBlock:inst2|lpm_dff0:inst3|lpm_ff:lpm_ff_component|dffs[5]                        ; regout           ;
; |mainBlock|bufferBlock:inst2|lpm_dff0:inst3|lpm_ff:lpm_ff_component|dffs[3]                              ; |mainBlock|bufferBlock:inst2|lpm_dff0:inst3|lpm_ff:lpm_ff_component|dffs[3]                        ; regout           ;
; |mainBlock|bufferBlock:inst2|lpm_dff0:inst3|lpm_ff:lpm_ff_component|dffs[2]                              ; |mainBlock|bufferBlock:inst2|lpm_dff0:inst3|lpm_ff:lpm_ff_component|dffs[2]                        ; regout           ;
; |mainBlock|bufferBlock:inst2|lpm_dff0:inst3|lpm_ff:lpm_ff_component|dffs[1]                              ; |mainBlock|bufferBlock:inst2|lpm_dff0:inst3|lpm_ff:lpm_ff_component|dffs[1]                        ; regout           ;
; |mainBlock|bufferBlock:inst2|lpm_dff0:inst3|lpm_ff:lpm_ff_component|dffs[0]                              ; |mainBlock|bufferBlock:inst2|lpm_dff0:inst3|lpm_ff:lpm_ff_component|dffs[0]                        ; regout           ;
; |mainBlock|bufferBlock:inst2|lpm_bustri3:inst11|lpm_bustri:lpm_bustri_component|dout[1]                  ; |mainBlock|bufferBlock:inst2|lpm_bustri3:inst11|lpm_bustri:lpm_bustri_component|dout[1]            ; out              ;
; |mainBlock|bufferBlock:inst2|lpm_dff0:inst|lpm_ff:lpm_ff_component|dffs[7]                               ; |mainBlock|bufferBlock:inst2|lpm_dff0:inst|lpm_ff:lpm_ff_component|dffs[7]                         ; regout           ;
; |mainBlock|bufferBlock:inst2|lpm_dff0:inst|lpm_ff:lpm_ff_component|dffs[6]                               ; |mainBlock|bufferBlock:inst2|lpm_dff0:inst|lpm_ff:lpm_ff_component|dffs[6]                         ; regout           ;
; |mainBlock|bufferBlock:inst2|lpm_dff0:inst|lpm_ff:lpm_ff_component|dffs[5]                               ; |mainBlock|bufferBlock:inst2|lpm_dff0:inst|lpm_ff:lpm_ff_component|dffs[5]                         ; regout           ;
; |mainBlock|bufferBlock:inst2|lpm_dff0:inst|lpm_ff:lpm_ff_component|dffs[3]                               ; |mainBlock|bufferBlock:inst2|lpm_dff0:inst|lpm_ff:lpm_ff_component|dffs[3]                         ; regout           ;
; |mainBlock|bufferBlock:inst2|lpm_dff0:inst|lpm_ff:lpm_ff_component|dffs[2]                               ; |mainBlock|bufferBlock:inst2|lpm_dff0:inst|lpm_ff:lpm_ff_component|dffs[2]                         ; regout           ;
; |mainBlock|bufferBlock:inst2|lpm_dff0:inst|lpm_ff:lpm_ff_component|dffs[1]                               ; |mainBlock|bufferBlock:inst2|lpm_dff0:inst|lpm_ff:lpm_ff_component|dffs[1]                         ; regout           ;
; |mainBlock|bufferBlock:inst2|lpm_dff0:inst|lpm_ff:lpm_ff_component|dffs[0]                               ; |mainBlock|bufferBlock:inst2|lpm_dff0:inst|lpm_ff:lpm_ff_component|dffs[0]                         ; regout           ;
; |mainBlock|bufferBlock:inst2|lpm_bustri3:inst14|lpm_bustri:lpm_bustri_component|dout[2]                  ; |mainBlock|bufferBlock:inst2|lpm_bustri3:inst14|lpm_bustri:lpm_bustri_component|dout[2]            ; out              ;
; |mainBlock|bufferBlock:inst2|lpm_bustri3:inst14|lpm_bustri:lpm_bustri_component|dout[0]                  ; |mainBlock|bufferBlock:inst2|lpm_bustri3:inst14|lpm_bustri:lpm_bustri_component|dout[0]            ; out              ;
; |mainBlock|bufferBlock:inst2|lpm_dff0:inst1|lpm_ff:lpm_ff_component|dffs[7]                              ; |mainBlock|bufferBlock:inst2|lpm_dff0:inst1|lpm_ff:lpm_ff_component|dffs[7]                        ; regout           ;
; |mainBlock|bufferBlock:inst2|lpm_dff0:inst1|lpm_ff:lpm_ff_component|dffs[6]                              ; |mainBlock|bufferBlock:inst2|lpm_dff0:inst1|lpm_ff:lpm_ff_component|dffs[6]                        ; regout           ;
; |mainBlock|bufferBlock:inst2|lpm_dff0:inst1|lpm_ff:lpm_ff_component|dffs[5]                              ; |mainBlock|bufferBlock:inst2|lpm_dff0:inst1|lpm_ff:lpm_ff_component|dffs[5]                        ; regout           ;
; |mainBlock|bufferBlock:inst2|lpm_dff0:inst1|lpm_ff:lpm_ff_component|dffs[3]                              ; |mainBlock|bufferBlock:inst2|lpm_dff0:inst1|lpm_ff:lpm_ff_component|dffs[3]                        ; regout           ;
; |mainBlock|bufferBlock:inst2|lpm_dff0:inst1|lpm_ff:lpm_ff_component|dffs[2]                              ; |mainBlock|bufferBlock:inst2|lpm_dff0:inst1|lpm_ff:lpm_ff_component|dffs[2]                        ; regout           ;
; |mainBlock|bufferBlock:inst2|lpm_dff0:inst1|lpm_ff:lpm_ff_component|dffs[1]                              ; |mainBlock|bufferBlock:inst2|lpm_dff0:inst1|lpm_ff:lpm_ff_component|dffs[1]                        ; regout           ;
; |mainBlock|bufferBlock:inst2|lpm_dff0:inst1|lpm_ff:lpm_ff_component|dffs[0]                              ; |mainBlock|bufferBlock:inst2|lpm_dff0:inst1|lpm_ff:lpm_ff_component|dffs[0]                        ; regout           ;
; |mainBlock|bufferBlock:inst2|lpm_bustri3:inst13|lpm_bustri:lpm_bustri_component|dout[2]                  ; |mainBlock|bufferBlock:inst2|lpm_bustri3:inst13|lpm_bustri:lpm_bustri_component|dout[2]            ; out              ;
; |mainBlock|lpm_rom0:inst|altsyncram:altsyncram_component|altsyncram_3b81:auto_generated|ram_block1a5     ; |mainBlock|lpm_rom0:inst|altsyncram:altsyncram_component|altsyncram_3b81:auto_generated|q_a[5]     ; portadataout0    ;
; |mainBlock|lpm_rom0:inst|altsyncram:altsyncram_component|altsyncram_3b81:auto_generated|ram_block1a6     ; |mainBlock|lpm_rom0:inst|altsyncram:altsyncram_component|altsyncram_3b81:auto_generated|q_a[6]     ; portadataout0    ;
; |mainBlock|lpm_rom0:inst|altsyncram:altsyncram_component|altsyncram_3b81:auto_generated|ram_block1a7     ; |mainBlock|lpm_rom0:inst|altsyncram:altsyncram_component|altsyncram_3b81:auto_generated|q_a[7]     ; portadataout0    ;
; |mainBlock|lpm_ram_dq0:inst1|altsyncram:altsyncram_component|altsyncram_odd1:auto_generated|ram_block1a3 ; |mainBlock|lpm_ram_dq0:inst1|altsyncram:altsyncram_component|altsyncram_odd1:auto_generated|q_a[3] ; portadataout0    ;
; |mainBlock|lpm_ram_dq0:inst1|altsyncram:altsyncram_component|altsyncram_odd1:auto_generated|ram_block1a5 ; |mainBlock|lpm_ram_dq0:inst1|altsyncram:altsyncram_component|altsyncram_odd1:auto_generated|q_a[5] ; portadataout0    ;
; |mainBlock|lpm_ram_dq0:inst1|altsyncram:altsyncram_component|altsyncram_odd1:auto_generated|ram_block1a6 ; |mainBlock|lpm_ram_dq0:inst1|altsyncram:altsyncram_component|altsyncram_odd1:auto_generated|q_a[6] ; portadataout0    ;
; |mainBlock|lpm_ram_dq0:inst1|altsyncram:altsyncram_component|altsyncram_odd1:auto_generated|ram_block1a7 ; |mainBlock|lpm_ram_dq0:inst1|altsyncram:altsyncram_component|altsyncram_odd1:auto_generated|q_a[7] ; portadataout0    ;
+----------------------------------------------------------------------------------------------------------+----------------------------------------------------------------------------------------------------+------------------+


+---------------------+
; Simulator INI Usage ;
+--------+------------+
; Option ; Usage      ;
+--------+------------+


+--------------------+
; Simulator Messages ;
+--------------------+
Info: *******************************************************************
Info: Running Quartus II Simulator
    Info: Version 9.1 Build 222 10/21/2009 SJ Web Edition
    Info: Processing started: Fri Oct 06 13:00:55 2023
Info: Command: quartus_sim --read_settings_files=on --write_settings_files=off Lab3 -c Lab3
Info: Using vector source file "D:/Projects/Quartus/Lab3/mainBlockWaveform.vwf"
Warning: Ignored node in vector source file. Can't find corresponding node name "buff[7]" in design.
Warning: Ignored node in vector source file. Can't find corresponding node name "buff[6]" in design.
Warning: Ignored node in vector source file. Can't find corresponding node name "buff[5]" in design.
Warning: Ignored node in vector source file. Can't find corresponding node name "buff[4]" in design.
Warning: Ignored node in vector source file. Can't find corresponding node name "buff[3]" in design.
Warning: Ignored node in vector source file. Can't find corresponding node name "buff[2]" in design.
Warning: Ignored node in vector source file. Can't find corresponding node name "buff[1]" in design.
Warning: Ignored node in vector source file. Can't find corresponding node name "buff[0]" in design.
Info: Option to preserve fewer signal transitions to reduce memory requirements is enabled
    Info: Simulation has been partitioned into sub-simulations according to the maximum transition count determined by the engine. Transitions from memory will be flushed out to disk at the end of each sub-simulation to reduce memory requirements.
Info: Simulation partitioned into 1 sub-simulations
Info: Simulation coverage is      48.74 %
Info: Number of transitions in simulation is 1125
Info: Quartus II Simulator was successful. 0 errors, 8 warnings
    Info: Peak virtual memory: 143 megabytes
    Info: Processing ended: Fri Oct 06 13:00:55 2023
    Info: Elapsed time: 00:00:00
    Info: Total CPU time (on all processors): 00:00:01


