d:\projects\interfaces and devices of computers\lab_2\lab_2\x64\debug\vc143.pdb
d:\projects\interfaces and devices of computers\lab_2\lab_2\x64\debug\vc143.idb
d:\projects\interfaces and devices of computers\lab_2\lab_2\x64\debug\main.obj
d:\projects\interfaces and devices of computers\lab_2\lab_2\x64\debug\pcidevice.obj
d:\projects\interfaces and devices of computers\lab_2\lab_2\x64\debug\functions.obj
d:\projects\interfaces and devices of computers\lab_2\x64\debug\lab_2.exe
d:\projects\interfaces and devices of computers\lab_2\lab_2\x64\debug\lab_2.ilk
d:\projects\interfaces and devices of computers\lab_2\x64\debug\lab_2.pdb
d:\projects\interfaces and devices of computers\lab_2\lab_2\x64\debug\lab_2.tlog\cl.command.1.tlog
d:\projects\interfaces and devices of computers\lab_2\lab_2\x64\debug\lab_2.tlog\cl.items.tlog
d:\projects\interfaces and devices of computers\lab_2\lab_2\x64\debug\lab_2.tlog\cl.read.1.tlog
d:\projects\interfaces and devices of computers\lab_2\lab_2\x64\debug\lab_2.tlog\cl.write.1.tlog
d:\projects\interfaces and devices of computers\lab_2\lab_2\x64\debug\lab_2.tlog\link-cvtres.read.1.tlog
d:\projects\interfaces and devices of computers\lab_2\lab_2\x64\debug\lab_2.tlog\link-cvtres.write.1.tlog
d:\projects\interfaces and devices of computers\lab_2\lab_2\x64\debug\lab_2.tlog\link-rc.read.1.tlog
d:\projects\interfaces and devices of computers\lab_2\lab_2\x64\debug\lab_2.tlog\link-rc.write.1.tlog
d:\projects\interfaces and devices of computers\lab_2\lab_2\x64\debug\lab_2.tlog\link.51820-cvtres.read.1.tlog
d:\projects\interfaces and devices of computers\lab_2\lab_2\x64\debug\lab_2.tlog\link.51820-cvtres.write.1.tlog
d:\projects\interfaces and devices of computers\lab_2\lab_2\x64\debug\lab_2.tlog\link.51820-rc.read.1.tlog
d:\projects\interfaces and devices of computers\lab_2\lab_2\x64\debug\lab_2.tlog\link.51820-rc.write.1.tlog
d:\projects\interfaces and devices of computers\lab_2\lab_2\x64\debug\lab_2.tlog\link.51820.read.1.tlog
d:\projects\interfaces and devices of computers\lab_2\lab_2\x64\debug\lab_2.tlog\link.51820.read.2.tlog
d:\projects\interfaces and devices of computers\lab_2\lab_2\x64\debug\lab_2.tlog\link.51820.write.1.tlog
d:\projects\interfaces and devices of computers\lab_2\lab_2\x64\debug\lab_2.tlog\link.command.1.tlog
d:\projects\interfaces and devices of computers\lab_2\lab_2\x64\debug\lab_2.tlog\link.read.1.tlog
d:\projects\interfaces and devices of computers\lab_2\lab_2\x64\debug\lab_2.tlog\link.read.2.tlog
d:\projects\interfaces and devices of computers\lab_2\lab_2\x64\debug\lab_2.tlog\link.write.1.tlog
