  main.cpp
D:\Projects\Interfaces and Devices of Computers\Lab_4\Lab_4\main.cpp(77,20): warning C4477: 'printf' : format string '%s' requires an argument of type 'char *', but variadic argument 1 has type 'TCHAR *'
D:\Projects\Interfaces and Devices of Computers\Lab_4\Lab_4\main.cpp(77,20): message : consider using '%ls' in the format string
D:\Projects\Interfaces and Devices of Computers\Lab_4\Lab_4\main.cpp(77,20): message : consider using '%lls' in the format string
D:\Projects\Interfaces and Devices of Computers\Lab_4\Lab_4\main.cpp(77,20): message : consider using '%Ls' in the format string
D:\Projects\Interfaces and Devices of Computers\Lab_4\Lab_4\main.cpp(77,20): message : consider using '%ws' in the format string
D:\Projects\Interfaces and Devices of Computers\Lab_4\Lab_4\main.cpp(78,20): warning C4477: 'printf' : format string '%s' requires an argument of type 'char *', but variadic argument 1 has type 'TCHAR *'
D:\Projects\Interfaces and Devices of Computers\Lab_4\Lab_4\main.cpp(78,20): message : consider using '%ls' in the format string
D:\Projects\Interfaces and Devices of Computers\Lab_4\Lab_4\main.cpp(78,20): message : consider using '%lls' in the format string
D:\Projects\Interfaces and Devices of Computers\Lab_4\Lab_4\main.cpp(78,20): message : consider using '%Ls' in the format string
D:\Projects\Interfaces and Devices of Computers\Lab_4\Lab_4\main.cpp(78,20): message : consider using '%ws' in the format string
  SpyEye.cpp
D:\Projects\Interfaces and Devices of Computers\Lab_4\Lab_4\SpyEye.cpp(15,10): warning C4129: ' ': unrecognized character escape sequence
D:\Projects\Interfaces and Devices of Computers\Lab_4\Lab_4\SpyEye.cpp(17,7): warning C4129: '|': unrecognized character escape sequence
  Generating code
  595 of 606 functions (98.2%) were compiled, the rest were copied from previous compilation.
    539 functions were new in current compilation
    0 functions had inline decision re-evaluated but remain unchanged
  Finished generating code
  Lab_4.vcxproj -> D:\Projects\Interfaces and Devices of Computers\Lab_4\x64\Release\Lab_4.exe
