Classic Timing Analyzer report for Lab2
Thu Sep 14 22:46:19 2023
Quartus II Version 9.1 Build 222 10/21/2009 SJ Web Edition


---------------------
; Table of Contents ;
---------------------
  1. Legal Notice
  2. Timing Analyzer Summary
  3. Timing Analyzer Settings
  4. Clock Settings Summary
  5. Parallel Compilation
  6. Clock Setup: 'clk'
  7. Clock Hold: 'clk'
  8. tsu
  9. tco
 10. th
 11. Timing Analyzer Messages



----------------
; Legal Notice ;
----------------
Copyright (C) 1991-2009 Altera Corporation
Your use of Altera Corporation's design tools, logic functions 
and other software and tools, and its AMPP partner logic 
functions, and any output files from any of the foregoing 
(including device programming or simulation files), and any 
associated documentation or information are expressly subject 
to the terms and conditions of the Altera Program License 
Subscription Agreement, Altera MegaCore Function License 
Agreement, or other applicable license agreement, including, 
without limitation, that your use is for the sole purpose of 
programming logic devices manufactured by Altera and sold by 
Altera or its authorized distributors.  Please refer to the 
applicable agreement for further details.



+----------------------------------------------------------------------------------------------------------------------------------------------------------------------------------------------------------------------------------------------------------------------------------------------------------------------------------------------------------------------------------------------+
; Timing Analyzer Summary                                                                                                                                                                                                                                                                                                                                                                      ;
+------------------------------+------------------------------------------+---------------+----------------------------------+-------------------------------------------------------------------------------------------------------------+------------------------------------------------------------------------------------------------------------+------------+----------+--------------+
; Type                         ; Slack                                    ; Required Time ; Actual Time                      ; From                                                                                                        ; To                                                                                                         ; From Clock ; To Clock ; Failed Paths ;
+------------------------------+------------------------------------------+---------------+----------------------------------+-------------------------------------------------------------------------------------------------------------+------------------------------------------------------------------------------------------------------------+------------+----------+--------------+
; Worst-case tsu               ; N/A                                      ; None          ; 1.087 ns                         ; clk                                                                                                         ; Block1:inst2|inst19                                                                                        ; --         ; clk      ; 0            ;
; Worst-case tco               ; N/A                                      ; None          ; 16.666 ns                        ; Block3:inst|lpm_counter1:inst1|lpm_counter:lpm_counter_component|cntr_qlh:auto_generated|safe_q[2]          ; DCa[11]                                                                                                    ; clk        ; --       ; 0            ;
; Worst-case th                ; N/A                                      ; None          ; -0.580 ns                        ; clk                                                                                                         ; Block1:inst2|inst19                                                                                        ; --         ; clk      ; 0            ;
; Clock Setup: 'clk'           ; N/A                                      ; None          ; 123.82 MHz ( period = 8.076 ns ) ; Block2:inst1|lpm_counter_block2_2:inst1|lpm_counter:lpm_counter_component|cntr_uaj:auto_generated|safe_q[2] ; Block2:inst1|lpm_counter_block2_1:inst|lpm_counter:lpm_counter_component|cntr_uaj:auto_generated|safe_q[0] ; clk        ; clk      ; 0            ;
; Clock Hold: 'clk'            ; Not operational: Clock Skew > Data Delay ; None          ; N/A                              ; Block1:inst2|inst19                                                                                         ; Block2:inst1|inst7                                                                                         ; clk        ; clk      ; 1            ;
; Total number of failed paths ;                                          ;               ;                                  ;                                                                                                             ;                                                                                                            ;            ;          ; 1            ;
+------------------------------+------------------------------------------+---------------+----------------------------------+-------------------------------------------------------------------------------------------------------------+------------------------------------------------------------------------------------------------------------+------------+----------+--------------+


+-----------------------------------------------------------------------------------------------------------------------------------------------------+
; Timing Analyzer Settings                                                                                                                            ;
+------------------------------------------------------------------------------------------------------+--------------------+------+----+-------------+
; Option                                                                                               ; Setting            ; From ; To ; Entity Name ;
+------------------------------------------------------------------------------------------------------+--------------------+------+----+-------------+
; Device Name                                                                                          ; EP2S15F484C3       ;      ;    ;             ;
; Timing Models                                                                                        ; Final              ;      ;    ;             ;
; Default hold multicycle                                                                              ; Same as Multicycle ;      ;    ;             ;
; Cut paths between unrelated clock domains                                                            ; On                 ;      ;    ;             ;
; Cut off read during write signal paths                                                               ; On                 ;      ;    ;             ;
; Cut off feedback from I/O pins                                                                       ; On                 ;      ;    ;             ;
; Report Combined Fast/Slow Timing                                                                     ; Off                ;      ;    ;             ;
; Ignore Clock Settings                                                                                ; Off                ;      ;    ;             ;
; Analyze latches as synchronous elements                                                              ; On                 ;      ;    ;             ;
; Enable Recovery/Removal analysis                                                                     ; Off                ;      ;    ;             ;
; Enable Clock Latency                                                                                 ; Off                ;      ;    ;             ;
; Use TimeQuest Timing Analyzer                                                                        ; Off                ;      ;    ;             ;
; Number of source nodes to report per destination node                                                ; 10                 ;      ;    ;             ;
; Number of destination nodes to report                                                                ; 10                 ;      ;    ;             ;
; Number of paths to report                                                                            ; 200                ;      ;    ;             ;
; Report Minimum Timing Checks                                                                         ; Off                ;      ;    ;             ;
; Use Fast Timing Models                                                                               ; Off                ;      ;    ;             ;
; Report IO Paths Separately                                                                           ; Off                ;      ;    ;             ;
; Perform Multicorner Analysis                                                                         ; On                 ;      ;    ;             ;
; Reports the worst-case path for each clock domain and analysis                                       ; Off                ;      ;    ;             ;
; Reports worst-case timing paths for each clock domain and analysis                                   ; Off                ;      ;    ;             ;
; Specifies the maximum number of worst-case timing paths to report for each clock domain and analysis ; 100                ;      ;    ;             ;
; Removes common clock path pessimism (CCPP) during slack computation                                  ; Off                ;      ;    ;             ;
; Output I/O Timing Endpoint                                                                           ; Near End           ;      ;    ;             ;
+------------------------------------------------------------------------------------------------------+--------------------+------+----+-------------+


+------------------------------------------------------------------------------------------------------------------------------------------------------------------------------------+
; Clock Settings Summary                                                                                                                                                             ;
+-----------------+--------------------+----------+------------------+---------------+--------------+----------+-----------------------+---------------------+--------+--------------+
; Clock Node Name ; Clock Setting Name ; Type     ; Fmax Requirement ; Early Latency ; Late Latency ; Based on ; Multiply Base Fmax by ; Divide Base Fmax by ; Offset ; Phase offset ;
+-----------------+--------------------+----------+------------------+---------------+--------------+----------+-----------------------+---------------------+--------+--------------+
; clk             ;                    ; User Pin ; None             ; 0.000 ns      ; 0.000 ns     ; --       ; N/A                   ; N/A                 ; N/A    ;              ;
+-----------------+--------------------+----------+------------------+---------------+--------------+----------+-----------------------+---------------------+--------+--------------+


Parallel compilation was disabled, but you have multiple processors available. Enable parallel compilation to reduce compilation time.
+-------------------------------------+
; Parallel Compilation                ;
+----------------------------+--------+
; Processors                 ; Number ;
+----------------------------+--------+
; Number detected on machine ; 4      ;
; Maximum allowed            ; 1      ;
+----------------------------+--------+


+------------------------------------------------------------------------------------------------------------------------------------------------------------------------------------------------------------------------------------------------------------------------------------------------------------------------------------------------------------------------------------------------+
; Clock Setup: 'clk'                                                                                                                                                                                                                                                                                                                                                                             ;
+-------+------------------------------------------------+-------------------------------------------------------------------------------------------------------------+-------------------------------------------------------------------------------------------------------------+------------+----------+-----------------------------+---------------------------+-------------------------+
; Slack ; Actual fmax (period)                           ; From                                                                                                        ; To                                                                                                          ; From Clock ; To Clock ; Required Setup Relationship ; Required Longest P2P Time ; Actual Longest P2P Time ;
+-------+------------------------------------------------+-------------------------------------------------------------------------------------------------------------+-------------------------------------------------------------------------------------------------------------+------------+----------+-----------------------------+---------------------------+-------------------------+
; N/A   ; 123.82 MHz ( period = 8.076 ns )               ; Block2:inst1|lpm_counter_block2_2:inst1|lpm_counter:lpm_counter_component|cntr_uaj:auto_generated|safe_q[2] ; Block2:inst1|lpm_counter_block2_1:inst|lpm_counter:lpm_counter_component|cntr_uaj:auto_generated|safe_q[2]  ; clk        ; clk      ; None                        ; None                      ; 1.234 ns                ;
; N/A   ; 123.82 MHz ( period = 8.076 ns )               ; Block2:inst1|lpm_counter_block2_2:inst1|lpm_counter:lpm_counter_component|cntr_uaj:auto_generated|safe_q[2] ; Block2:inst1|lpm_counter_block2_1:inst|lpm_counter:lpm_counter_component|cntr_uaj:auto_generated|safe_q[1]  ; clk        ; clk      ; None                        ; None                      ; 1.234 ns                ;
; N/A   ; 123.82 MHz ( period = 8.076 ns )               ; Block2:inst1|lpm_counter_block2_2:inst1|lpm_counter:lpm_counter_component|cntr_uaj:auto_generated|safe_q[2] ; Block2:inst1|lpm_counter_block2_1:inst|lpm_counter:lpm_counter_component|cntr_uaj:auto_generated|safe_q[0]  ; clk        ; clk      ; None                        ; None                      ; 1.234 ns                ;
; N/A   ; 128.37 MHz ( period = 7.790 ns )               ; Block2:inst1|lpm_counter_block2_2:inst1|lpm_counter:lpm_counter_component|cntr_uaj:auto_generated|safe_q[1] ; Block2:inst1|lpm_counter_block2_1:inst|lpm_counter:lpm_counter_component|cntr_uaj:auto_generated|safe_q[2]  ; clk        ; clk      ; None                        ; None                      ; 1.091 ns                ;
; N/A   ; 128.37 MHz ( period = 7.790 ns )               ; Block2:inst1|lpm_counter_block2_2:inst1|lpm_counter:lpm_counter_component|cntr_uaj:auto_generated|safe_q[1] ; Block2:inst1|lpm_counter_block2_1:inst|lpm_counter:lpm_counter_component|cntr_uaj:auto_generated|safe_q[1]  ; clk        ; clk      ; None                        ; None                      ; 1.091 ns                ;
; N/A   ; 128.37 MHz ( period = 7.790 ns )               ; Block2:inst1|lpm_counter_block2_2:inst1|lpm_counter:lpm_counter_component|cntr_uaj:auto_generated|safe_q[1] ; Block2:inst1|lpm_counter_block2_1:inst|lpm_counter:lpm_counter_component|cntr_uaj:auto_generated|safe_q[0]  ; clk        ; clk      ; None                        ; None                      ; 1.091 ns                ;
; N/A   ; 131.93 MHz ( period = 7.580 ns )               ; Block2:inst1|lpm_counter_block2_2:inst1|lpm_counter:lpm_counter_component|cntr_uaj:auto_generated|safe_q[0] ; Block2:inst1|lpm_counter_block2_1:inst|lpm_counter:lpm_counter_component|cntr_uaj:auto_generated|safe_q[2]  ; clk        ; clk      ; None                        ; None                      ; 0.986 ns                ;
; N/A   ; 131.93 MHz ( period = 7.580 ns )               ; Block2:inst1|lpm_counter_block2_2:inst1|lpm_counter:lpm_counter_component|cntr_uaj:auto_generated|safe_q[0] ; Block2:inst1|lpm_counter_block2_1:inst|lpm_counter:lpm_counter_component|cntr_uaj:auto_generated|safe_q[1]  ; clk        ; clk      ; None                        ; None                      ; 0.986 ns                ;
; N/A   ; 131.93 MHz ( period = 7.580 ns )               ; Block2:inst1|lpm_counter_block2_2:inst1|lpm_counter:lpm_counter_component|cntr_uaj:auto_generated|safe_q[0] ; Block2:inst1|lpm_counter_block2_1:inst|lpm_counter:lpm_counter_component|cntr_uaj:auto_generated|safe_q[0]  ; clk        ; clk      ; None                        ; None                      ; 0.986 ns                ;
; N/A   ; Restricted to 500.00 MHz ( period = 2.000 ns ) ; Block2:inst1|lpm_counter_block2_2:inst1|lpm_counter:lpm_counter_component|cntr_uaj:auto_generated|safe_q[2] ; Block2:inst1|lpm_counter_block2_2:inst1|lpm_counter:lpm_counter_component|cntr_uaj:auto_generated|safe_q[2] ; clk        ; clk      ; None                        ; None                      ; 1.234 ns                ;
; N/A   ; Restricted to 500.00 MHz ( period = 2.000 ns ) ; Block2:inst1|lpm_counter_block2_2:inst1|lpm_counter:lpm_counter_component|cntr_uaj:auto_generated|safe_q[2] ; Block2:inst1|lpm_counter_block2_2:inst1|lpm_counter:lpm_counter_component|cntr_uaj:auto_generated|safe_q[1] ; clk        ; clk      ; None                        ; None                      ; 1.234 ns                ;
; N/A   ; Restricted to 500.00 MHz ( period = 2.000 ns ) ; Block2:inst1|lpm_counter_block2_2:inst1|lpm_counter:lpm_counter_component|cntr_uaj:auto_generated|safe_q[2] ; Block2:inst1|lpm_counter_block2_2:inst1|lpm_counter:lpm_counter_component|cntr_uaj:auto_generated|safe_q[0] ; clk        ; clk      ; None                        ; None                      ; 1.234 ns                ;
; N/A   ; Restricted to 500.00 MHz ( period = 2.000 ns ) ; Block2:inst1|lpm_counter_block2_2:inst1|lpm_counter:lpm_counter_component|cntr_uaj:auto_generated|safe_q[1] ; Block2:inst1|lpm_counter_block2_2:inst1|lpm_counter:lpm_counter_component|cntr_uaj:auto_generated|safe_q[2] ; clk        ; clk      ; None                        ; None                      ; 1.091 ns                ;
; N/A   ; Restricted to 500.00 MHz ( period = 2.000 ns ) ; Block2:inst1|lpm_counter_block2_2:inst1|lpm_counter:lpm_counter_component|cntr_uaj:auto_generated|safe_q[1] ; Block2:inst1|lpm_counter_block2_2:inst1|lpm_counter:lpm_counter_component|cntr_uaj:auto_generated|safe_q[1] ; clk        ; clk      ; None                        ; None                      ; 1.091 ns                ;
; N/A   ; Restricted to 500.00 MHz ( period = 2.000 ns ) ; Block2:inst1|lpm_counter_block2_2:inst1|lpm_counter:lpm_counter_component|cntr_uaj:auto_generated|safe_q[1] ; Block2:inst1|lpm_counter_block2_2:inst1|lpm_counter:lpm_counter_component|cntr_uaj:auto_generated|safe_q[0] ; clk        ; clk      ; None                        ; None                      ; 1.091 ns                ;
; N/A   ; Restricted to 500.00 MHz ( period = 2.000 ns ) ; Block3:inst|lpm_counter1:inst1|lpm_counter:lpm_counter_component|cntr_qlh:auto_generated|safe_q[0]          ; Block3:inst|lpm_counter1:inst1|lpm_counter:lpm_counter_component|cntr_qlh:auto_generated|safe_q[3]          ; clk        ; clk      ; None                        ; None                      ; 0.750 ns                ;
; N/A   ; Restricted to 500.00 MHz ( period = 2.000 ns ) ; Block1:inst2|lpm_counter0:inst15|lpm_counter:lpm_counter_component|cntr_vaj:auto_generated|safe_q[3]        ; Block1:inst2|lpm_counter0:inst15|lpm_counter:lpm_counter_component|cntr_vaj:auto_generated|safe_q[0]        ; clk        ; clk      ; None                        ; None                      ; 1.256 ns                ;
; N/A   ; Restricted to 500.00 MHz ( period = 2.000 ns ) ; Block1:inst2|lpm_counter0:inst15|lpm_counter:lpm_counter_component|cntr_vaj:auto_generated|safe_q[3]        ; Block1:inst2|lpm_counter0:inst15|lpm_counter:lpm_counter_component|cntr_vaj:auto_generated|safe_q[3]        ; clk        ; clk      ; None                        ; None                      ; 1.256 ns                ;
; N/A   ; Restricted to 500.00 MHz ( period = 2.000 ns ) ; Block1:inst2|lpm_counter0:inst15|lpm_counter:lpm_counter_component|cntr_vaj:auto_generated|safe_q[3]        ; Block1:inst2|lpm_counter0:inst15|lpm_counter:lpm_counter_component|cntr_vaj:auto_generated|safe_q[1]        ; clk        ; clk      ; None                        ; None                      ; 1.256 ns                ;
; N/A   ; Restricted to 500.00 MHz ( period = 2.000 ns ) ; Block1:inst2|lpm_counter0:inst15|lpm_counter:lpm_counter_component|cntr_vaj:auto_generated|safe_q[3]        ; Block1:inst2|lpm_counter0:inst15|lpm_counter:lpm_counter_component|cntr_vaj:auto_generated|safe_q[2]        ; clk        ; clk      ; None                        ; None                      ; 1.256 ns                ;
; N/A   ; Restricted to 500.00 MHz ( period = 2.000 ns ) ; Block2:inst1|lpm_counter_block2_2:inst1|lpm_counter:lpm_counter_component|cntr_uaj:auto_generated|safe_q[0] ; Block2:inst1|lpm_counter_block2_2:inst1|lpm_counter:lpm_counter_component|cntr_uaj:auto_generated|safe_q[2] ; clk        ; clk      ; None                        ; None                      ; 0.986 ns                ;
; N/A   ; Restricted to 500.00 MHz ( period = 2.000 ns ) ; Block2:inst1|lpm_counter_block2_2:inst1|lpm_counter:lpm_counter_component|cntr_uaj:auto_generated|safe_q[0] ; Block2:inst1|lpm_counter_block2_2:inst1|lpm_counter:lpm_counter_component|cntr_uaj:auto_generated|safe_q[1] ; clk        ; clk      ; None                        ; None                      ; 0.986 ns                ;
; N/A   ; Restricted to 500.00 MHz ( period = 2.000 ns ) ; Block2:inst1|lpm_counter_block2_2:inst1|lpm_counter:lpm_counter_component|cntr_uaj:auto_generated|safe_q[0] ; Block2:inst1|lpm_counter_block2_2:inst1|lpm_counter:lpm_counter_component|cntr_uaj:auto_generated|safe_q[0] ; clk        ; clk      ; None                        ; None                      ; 0.986 ns                ;
; N/A   ; Restricted to 500.00 MHz ( period = 2.000 ns ) ; Block1:inst2|lpm_counter0:inst15|lpm_counter:lpm_counter_component|cntr_vaj:auto_generated|safe_q[0]        ; Block1:inst2|lpm_counter0:inst15|lpm_counter:lpm_counter_component|cntr_vaj:auto_generated|safe_q[0]        ; clk        ; clk      ; None                        ; None                      ; 1.244 ns                ;
; N/A   ; Restricted to 500.00 MHz ( period = 2.000 ns ) ; Block1:inst2|lpm_counter0:inst15|lpm_counter:lpm_counter_component|cntr_vaj:auto_generated|safe_q[0]        ; Block1:inst2|lpm_counter0:inst15|lpm_counter:lpm_counter_component|cntr_vaj:auto_generated|safe_q[3]        ; clk        ; clk      ; None                        ; None                      ; 1.244 ns                ;
; N/A   ; Restricted to 500.00 MHz ( period = 2.000 ns ) ; Block1:inst2|lpm_counter0:inst15|lpm_counter:lpm_counter_component|cntr_vaj:auto_generated|safe_q[0]        ; Block1:inst2|lpm_counter0:inst15|lpm_counter:lpm_counter_component|cntr_vaj:auto_generated|safe_q[1]        ; clk        ; clk      ; None                        ; None                      ; 1.244 ns                ;
; N/A   ; Restricted to 500.00 MHz ( period = 2.000 ns ) ; Block1:inst2|lpm_counter0:inst15|lpm_counter:lpm_counter_component|cntr_vaj:auto_generated|safe_q[0]        ; Block1:inst2|lpm_counter0:inst15|lpm_counter:lpm_counter_component|cntr_vaj:auto_generated|safe_q[2]        ; clk        ; clk      ; None                        ; None                      ; 1.244 ns                ;
; N/A   ; Restricted to 500.00 MHz ( period = 2.000 ns ) ; Block3:inst|lpm_counter1:inst1|lpm_counter:lpm_counter_component|cntr_qlh:auto_generated|safe_q[1]          ; Block3:inst|lpm_counter1:inst1|lpm_counter:lpm_counter_component|cntr_qlh:auto_generated|safe_q[3]          ; clk        ; clk      ; None                        ; None                      ; 0.715 ns                ;
; N/A   ; Restricted to 500.00 MHz ( period = 2.000 ns ) ; Block3:inst|lpm_counter1:inst1|lpm_counter:lpm_counter_component|cntr_qlh:auto_generated|safe_q[0]          ; Block3:inst|lpm_counter1:inst1|lpm_counter:lpm_counter_component|cntr_qlh:auto_generated|safe_q[2]          ; clk        ; clk      ; None                        ; None                      ; 0.715 ns                ;
; N/A   ; Restricted to 500.00 MHz ( period = 2.000 ns ) ; Block3:inst|lpm_counter1:inst1|lpm_counter:lpm_counter_component|cntr_qlh:auto_generated|safe_q[0]          ; Block3:inst|lpm_counter1:inst1|lpm_counter:lpm_counter_component|cntr_qlh:auto_generated|safe_q[1]          ; clk        ; clk      ; None                        ; None                      ; 0.680 ns                ;
; N/A   ; Restricted to 500.00 MHz ( period = 2.000 ns ) ; Block3:inst|lpm_counter1:inst1|lpm_counter:lpm_counter_component|cntr_qlh:auto_generated|safe_q[2]          ; Block3:inst|lpm_counter1:inst1|lpm_counter:lpm_counter_component|cntr_qlh:auto_generated|safe_q[3]          ; clk        ; clk      ; None                        ; None                      ; 0.680 ns                ;
; N/A   ; Restricted to 500.00 MHz ( period = 2.000 ns ) ; Block3:inst|lpm_counter1:inst1|lpm_counter:lpm_counter_component|cntr_qlh:auto_generated|safe_q[1]          ; Block3:inst|lpm_counter1:inst1|lpm_counter:lpm_counter_component|cntr_qlh:auto_generated|safe_q[2]          ; clk        ; clk      ; None                        ; None                      ; 0.680 ns                ;
; N/A   ; Restricted to 500.00 MHz ( period = 2.000 ns ) ; Block3:inst|lpm_counter1:inst1|lpm_counter:lpm_counter_component|cntr_qlh:auto_generated|safe_q[0]          ; Block3:inst|lpm_counter1:inst1|lpm_counter:lpm_counter_component|cntr_qlh:auto_generated|safe_q[0]          ; clk        ; clk      ; None                        ; None                      ; 0.609 ns                ;
; N/A   ; Restricted to 500.00 MHz ( period = 2.000 ns ) ; Block3:inst|lpm_counter1:inst1|lpm_counter:lpm_counter_component|cntr_qlh:auto_generated|safe_q[1]          ; Block3:inst|lpm_counter1:inst1|lpm_counter:lpm_counter_component|cntr_qlh:auto_generated|safe_q[1]          ; clk        ; clk      ; None                        ; None                      ; 0.609 ns                ;
; N/A   ; Restricted to 500.00 MHz ( period = 2.000 ns ) ; Block3:inst|lpm_counter1:inst1|lpm_counter:lpm_counter_component|cntr_qlh:auto_generated|safe_q[3]          ; Block3:inst|lpm_counter1:inst1|lpm_counter:lpm_counter_component|cntr_qlh:auto_generated|safe_q[3]          ; clk        ; clk      ; None                        ; None                      ; 0.609 ns                ;
; N/A   ; Restricted to 500.00 MHz ( period = 2.000 ns ) ; Block3:inst|lpm_counter1:inst1|lpm_counter:lpm_counter_component|cntr_qlh:auto_generated|safe_q[2]          ; Block3:inst|lpm_counter1:inst1|lpm_counter:lpm_counter_component|cntr_qlh:auto_generated|safe_q[2]          ; clk        ; clk      ; None                        ; None                      ; 0.609 ns                ;
; N/A   ; Restricted to 500.00 MHz ( period = 2.000 ns ) ; Block1:inst2|lpm_counter0:inst15|lpm_counter:lpm_counter_component|cntr_vaj:auto_generated|safe_q[1]        ; Block1:inst2|lpm_counter0:inst15|lpm_counter:lpm_counter_component|cntr_vaj:auto_generated|safe_q[0]        ; clk        ; clk      ; None                        ; None                      ; 1.098 ns                ;
; N/A   ; Restricted to 500.00 MHz ( period = 2.000 ns ) ; Block1:inst2|lpm_counter0:inst15|lpm_counter:lpm_counter_component|cntr_vaj:auto_generated|safe_q[1]        ; Block1:inst2|lpm_counter0:inst15|lpm_counter:lpm_counter_component|cntr_vaj:auto_generated|safe_q[3]        ; clk        ; clk      ; None                        ; None                      ; 1.098 ns                ;
; N/A   ; Restricted to 500.00 MHz ( period = 2.000 ns ) ; Block1:inst2|lpm_counter0:inst15|lpm_counter:lpm_counter_component|cntr_vaj:auto_generated|safe_q[1]        ; Block1:inst2|lpm_counter0:inst15|lpm_counter:lpm_counter_component|cntr_vaj:auto_generated|safe_q[1]        ; clk        ; clk      ; None                        ; None                      ; 1.098 ns                ;
; N/A   ; Restricted to 500.00 MHz ( period = 2.000 ns ) ; Block1:inst2|lpm_counter0:inst15|lpm_counter:lpm_counter_component|cntr_vaj:auto_generated|safe_q[1]        ; Block1:inst2|lpm_counter0:inst15|lpm_counter:lpm_counter_component|cntr_vaj:auto_generated|safe_q[2]        ; clk        ; clk      ; None                        ; None                      ; 1.098 ns                ;
; N/A   ; Restricted to 500.00 MHz ( period = 2.000 ns ) ; Block1:inst2|lpm_counter0:inst15|lpm_counter:lpm_counter_component|cntr_vaj:auto_generated|safe_q[2]        ; Block1:inst2|lpm_counter0:inst15|lpm_counter:lpm_counter_component|cntr_vaj:auto_generated|safe_q[0]        ; clk        ; clk      ; None                        ; None                      ; 0.990 ns                ;
; N/A   ; Restricted to 500.00 MHz ( period = 2.000 ns ) ; Block1:inst2|lpm_counter0:inst15|lpm_counter:lpm_counter_component|cntr_vaj:auto_generated|safe_q[2]        ; Block1:inst2|lpm_counter0:inst15|lpm_counter:lpm_counter_component|cntr_vaj:auto_generated|safe_q[3]        ; clk        ; clk      ; None                        ; None                      ; 0.990 ns                ;
; N/A   ; Restricted to 500.00 MHz ( period = 2.000 ns ) ; Block1:inst2|lpm_counter0:inst15|lpm_counter:lpm_counter_component|cntr_vaj:auto_generated|safe_q[2]        ; Block1:inst2|lpm_counter0:inst15|lpm_counter:lpm_counter_component|cntr_vaj:auto_generated|safe_q[1]        ; clk        ; clk      ; None                        ; None                      ; 0.990 ns                ;
; N/A   ; Restricted to 500.00 MHz ( period = 2.000 ns ) ; Block1:inst2|lpm_counter0:inst15|lpm_counter:lpm_counter_component|cntr_vaj:auto_generated|safe_q[2]        ; Block1:inst2|lpm_counter0:inst15|lpm_counter:lpm_counter_component|cntr_vaj:auto_generated|safe_q[2]        ; clk        ; clk      ; None                        ; None                      ; 0.990 ns                ;
; N/A   ; Restricted to 500.00 MHz ( period = 2.000 ns ) ; Block2:inst1|lpm_counter_block2_1:inst|lpm_counter:lpm_counter_component|cntr_uaj:auto_generated|safe_q[0]  ; Block2:inst1|lpm_counter_block2_1:inst|lpm_counter:lpm_counter_component|cntr_uaj:auto_generated|safe_q[2]  ; clk        ; clk      ; None                        ; None                      ; 0.715 ns                ;
; N/A   ; Restricted to 500.00 MHz ( period = 2.000 ns ) ; Block2:inst1|lpm_counter_block2_1:inst|lpm_counter:lpm_counter_component|cntr_uaj:auto_generated|safe_q[1]  ; Block2:inst1|lpm_counter_block2_1:inst|lpm_counter:lpm_counter_component|cntr_uaj:auto_generated|safe_q[2]  ; clk        ; clk      ; None                        ; None                      ; 0.680 ns                ;
; N/A   ; Restricted to 500.00 MHz ( period = 2.000 ns ) ; Block2:inst1|lpm_counter_block2_1:inst|lpm_counter:lpm_counter_component|cntr_uaj:auto_generated|safe_q[0]  ; Block2:inst1|lpm_counter_block2_1:inst|lpm_counter:lpm_counter_component|cntr_uaj:auto_generated|safe_q[1]  ; clk        ; clk      ; None                        ; None                      ; 0.680 ns                ;
; N/A   ; Restricted to 500.00 MHz ( period = 2.000 ns ) ; Block2:inst1|lpm_counter_block2_1:inst|lpm_counter:lpm_counter_component|cntr_uaj:auto_generated|safe_q[2]  ; Block2:inst1|lpm_counter_block2_1:inst|lpm_counter:lpm_counter_component|cntr_uaj:auto_generated|safe_q[2]  ; clk        ; clk      ; None                        ; None                      ; 0.609 ns                ;
; N/A   ; Restricted to 500.00 MHz ( period = 2.000 ns ) ; Block2:inst1|lpm_counter_block2_1:inst|lpm_counter:lpm_counter_component|cntr_uaj:auto_generated|safe_q[1]  ; Block2:inst1|lpm_counter_block2_1:inst|lpm_counter:lpm_counter_component|cntr_uaj:auto_generated|safe_q[1]  ; clk        ; clk      ; None                        ; None                      ; 0.609 ns                ;
; N/A   ; Restricted to 500.00 MHz ( period = 2.000 ns ) ; Block2:inst1|lpm_counter_block2_1:inst|lpm_counter:lpm_counter_component|cntr_uaj:auto_generated|safe_q[0]  ; Block2:inst1|lpm_counter_block2_1:inst|lpm_counter:lpm_counter_component|cntr_uaj:auto_generated|safe_q[0]  ; clk        ; clk      ; None                        ; None                      ; 0.609 ns                ;
; N/A   ; Restricted to 500.00 MHz ( period = 2.000 ns ) ; Block1:inst2|inst19                                                                                         ; Block1:inst2|inst19                                                                                         ; clk        ; clk      ; None                        ; None                      ; 0.396 ns                ;
+-------+------------------------------------------------+-------------------------------------------------------------------------------------------------------------+-------------------------------------------------------------------------------------------------------------+------------+----------+-----------------------------+---------------------------+-------------------------+


+--------------------------------------------------------------------------------------------------------------------------------------------------------------------------------------------------+
; Clock Hold: 'clk'                                                                                                                                                                                ;
+------------------------------------------+---------------------+--------------------+------------+----------+----------------------------+----------------------------+--------------------------+
; Minimum Slack                            ; From                ; To                 ; From Clock ; To Clock ; Required Hold Relationship ; Required Shortest P2P Time ; Actual Shortest P2P Time ;
+------------------------------------------+---------------------+--------------------+------------+----------+----------------------------+----------------------------+--------------------------+
; Not operational: Clock Skew > Data Delay ; Block1:inst2|inst19 ; Block2:inst1|inst7 ; clk        ; clk      ; None                       ; None                       ; 0.431 ns                 ;
+------------------------------------------+---------------------+--------------------+------------+----------+----------------------------+----------------------------+--------------------------+


+---------------------------------------------------------------------------+
; tsu                                                                       ;
+-------+--------------+------------+------+---------------------+----------+
; Slack ; Required tsu ; Actual tsu ; From ; To                  ; To Clock ;
+-------+--------------+------------+------+---------------------+----------+
; N/A   ; None         ; 1.087 ns   ; clk  ; Block1:inst2|inst19 ; clk      ;
+-------+--------------+------------+------+---------------------+----------+


+---------------------------------------------------------------------------------------------------------------------------------------------------------------+
; tco                                                                                                                                                           ;
+-------+--------------+------------+----------------------------------------------------------------------------------------------------+---------+------------+
; Slack ; Required tco ; Actual tco ; From                                                                                               ; To      ; From Clock ;
+-------+--------------+------------+----------------------------------------------------------------------------------------------------+---------+------------+
; N/A   ; None         ; 16.666 ns  ; Block3:inst|lpm_counter1:inst1|lpm_counter:lpm_counter_component|cntr_qlh:auto_generated|safe_q[2] ; DCa[11] ; clk        ;
; N/A   ; None         ; 16.534 ns  ; Block3:inst|lpm_counter1:inst1|lpm_counter:lpm_counter_component|cntr_qlh:auto_generated|safe_q[1] ; DCa[11] ; clk        ;
; N/A   ; None         ; 16.516 ns  ; Block3:inst|lpm_counter1:inst1|lpm_counter:lpm_counter_component|cntr_qlh:auto_generated|safe_q[3] ; DCa[11] ; clk        ;
; N/A   ; None         ; 16.342 ns  ; Block3:inst|lpm_counter1:inst1|lpm_counter:lpm_counter_component|cntr_qlh:auto_generated|safe_q[0] ; DCa[11] ; clk        ;
; N/A   ; None         ; 15.969 ns  ; Block3:inst|lpm_counter1:inst1|lpm_counter:lpm_counter_component|cntr_qlh:auto_generated|safe_q[1] ; DCa[4]  ; clk        ;
; N/A   ; None         ; 15.969 ns  ; Block3:inst|lpm_counter1:inst1|lpm_counter:lpm_counter_component|cntr_qlh:auto_generated|safe_q[2] ; DCa[4]  ; clk        ;
; N/A   ; None         ; 15.817 ns  ; Block3:inst|lpm_counter1:inst1|lpm_counter:lpm_counter_component|cntr_qlh:auto_generated|safe_q[3] ; DCa[4]  ; clk        ;
; N/A   ; None         ; 15.646 ns  ; Block3:inst|lpm_counter1:inst1|lpm_counter:lpm_counter_component|cntr_qlh:auto_generated|safe_q[0] ; DCa[4]  ; clk        ;
; N/A   ; None         ; 15.211 ns  ; Block3:inst|lpm_counter1:inst1|lpm_counter:lpm_counter_component|cntr_qlh:auto_generated|safe_q[2] ; DCa[8]  ; clk        ;
; N/A   ; None         ; 15.209 ns  ; Block3:inst|lpm_counter1:inst1|lpm_counter:lpm_counter_component|cntr_qlh:auto_generated|safe_q[1] ; DCa[8]  ; clk        ;
; N/A   ; None         ; 15.149 ns  ; Block3:inst|lpm_counter1:inst1|lpm_counter:lpm_counter_component|cntr_qlh:auto_generated|safe_q[1] ; DCa[12] ; clk        ;
; N/A   ; None         ; 15.147 ns  ; Block3:inst|lpm_counter1:inst1|lpm_counter:lpm_counter_component|cntr_qlh:auto_generated|safe_q[2] ; DCa[12] ; clk        ;
; N/A   ; None         ; 15.091 ns  ; Block3:inst|lpm_counter1:inst1|lpm_counter:lpm_counter_component|cntr_qlh:auto_generated|safe_q[3] ; DCa[8]  ; clk        ;
; N/A   ; None         ; 14.997 ns  ; Block3:inst|lpm_counter1:inst1|lpm_counter:lpm_counter_component|cntr_qlh:auto_generated|safe_q[3] ; DCa[12] ; clk        ;
; N/A   ; None         ; 14.983 ns  ; Block3:inst|lpm_counter1:inst1|lpm_counter:lpm_counter_component|cntr_qlh:auto_generated|safe_q[2] ; DCa[2]  ; clk        ;
; N/A   ; None         ; 14.937 ns  ; Block3:inst|lpm_counter1:inst1|lpm_counter:lpm_counter_component|cntr_qlh:auto_generated|safe_q[3] ; DCa[2]  ; clk        ;
; N/A   ; None         ; 14.885 ns  ; Block3:inst|lpm_counter1:inst1|lpm_counter:lpm_counter_component|cntr_qlh:auto_generated|safe_q[0] ; DCa[8]  ; clk        ;
; N/A   ; None         ; 14.827 ns  ; Block3:inst|lpm_counter1:inst1|lpm_counter:lpm_counter_component|cntr_qlh:auto_generated|safe_q[0] ; DCa[12] ; clk        ;
; N/A   ; None         ; 14.786 ns  ; Block3:inst|lpm_counter1:inst1|lpm_counter:lpm_counter_component|cntr_qlh:auto_generated|safe_q[1] ; DCa[2]  ; clk        ;
; N/A   ; None         ; 14.772 ns  ; Block3:inst|lpm_counter1:inst1|lpm_counter:lpm_counter_component|cntr_qlh:auto_generated|safe_q[2] ; DCa[7]  ; clk        ;
; N/A   ; None         ; 14.637 ns  ; Block3:inst|lpm_counter1:inst1|lpm_counter:lpm_counter_component|cntr_qlh:auto_generated|safe_q[1] ; DCa[7]  ; clk        ;
; N/A   ; None         ; 14.616 ns  ; Block3:inst|lpm_counter1:inst1|lpm_counter:lpm_counter_component|cntr_qlh:auto_generated|safe_q[3] ; DCa[7]  ; clk        ;
; N/A   ; None         ; 14.612 ns  ; Block3:inst|lpm_counter1:inst1|lpm_counter:lpm_counter_component|cntr_qlh:auto_generated|safe_q[0] ; DCa[2]  ; clk        ;
; N/A   ; None         ; 14.607 ns  ; Block3:inst|lpm_counter1:inst1|lpm_counter:lpm_counter_component|cntr_qlh:auto_generated|safe_q[2] ; DCa[1]  ; clk        ;
; N/A   ; None         ; 14.589 ns  ; Block3:inst|lpm_counter1:inst1|lpm_counter:lpm_counter_component|cntr_qlh:auto_generated|safe_q[2] ; DCa[0]  ; clk        ;
; N/A   ; None         ; 14.561 ns  ; Block3:inst|lpm_counter1:inst1|lpm_counter:lpm_counter_component|cntr_qlh:auto_generated|safe_q[3] ; DCa[1]  ; clk        ;
; N/A   ; None         ; 14.544 ns  ; Block3:inst|lpm_counter1:inst1|lpm_counter:lpm_counter_component|cntr_qlh:auto_generated|safe_q[3] ; DCa[0]  ; clk        ;
; N/A   ; None         ; 14.445 ns  ; Block3:inst|lpm_counter1:inst1|lpm_counter:lpm_counter_component|cntr_qlh:auto_generated|safe_q[1] ; DCa[1]  ; clk        ;
; N/A   ; None         ; 14.444 ns  ; Block3:inst|lpm_counter1:inst1|lpm_counter:lpm_counter_component|cntr_qlh:auto_generated|safe_q[0] ; DCa[7]  ; clk        ;
; N/A   ; None         ; 14.425 ns  ; Block3:inst|lpm_counter1:inst1|lpm_counter:lpm_counter_component|cntr_qlh:auto_generated|safe_q[1] ; DCa[0]  ; clk        ;
; N/A   ; None         ; 14.403 ns  ; Block3:inst|lpm_counter1:inst1|lpm_counter:lpm_counter_component|cntr_qlh:auto_generated|safe_q[2] ; DCa[3]  ; clk        ;
; N/A   ; None         ; 14.358 ns  ; Block3:inst|lpm_counter1:inst1|lpm_counter:lpm_counter_component|cntr_qlh:auto_generated|safe_q[3] ; DCa[3]  ; clk        ;
; N/A   ; None         ; 14.330 ns  ; Block3:inst|lpm_counter1:inst1|lpm_counter:lpm_counter_component|cntr_qlh:auto_generated|safe_q[1] ; DCa[10] ; clk        ;
; N/A   ; None         ; 14.330 ns  ; Block3:inst|lpm_counter1:inst1|lpm_counter:lpm_counter_component|cntr_qlh:auto_generated|safe_q[2] ; DCa[10] ; clk        ;
; N/A   ; None         ; 14.310 ns  ; Block3:inst|lpm_counter1:inst1|lpm_counter:lpm_counter_component|cntr_qlh:auto_generated|safe_q[1] ; DCa[15] ; clk        ;
; N/A   ; None         ; 14.309 ns  ; Block3:inst|lpm_counter1:inst1|lpm_counter:lpm_counter_component|cntr_qlh:auto_generated|safe_q[2] ; DCa[15] ; clk        ;
; N/A   ; None         ; 14.299 ns  ; Block3:inst|lpm_counter1:inst1|lpm_counter:lpm_counter_component|cntr_qlh:auto_generated|safe_q[1] ; DCa[14] ; clk        ;
; N/A   ; None         ; 14.298 ns  ; Block3:inst|lpm_counter1:inst1|lpm_counter:lpm_counter_component|cntr_qlh:auto_generated|safe_q[2] ; DCa[14] ; clk        ;
; N/A   ; None         ; 14.236 ns  ; Block3:inst|lpm_counter1:inst1|lpm_counter:lpm_counter_component|cntr_qlh:auto_generated|safe_q[0] ; DCa[1]  ; clk        ;
; N/A   ; None         ; 14.216 ns  ; Block3:inst|lpm_counter1:inst1|lpm_counter:lpm_counter_component|cntr_qlh:auto_generated|safe_q[0] ; DCa[0]  ; clk        ;
; N/A   ; None         ; 14.204 ns  ; Block3:inst|lpm_counter1:inst1|lpm_counter:lpm_counter_component|cntr_qlh:auto_generated|safe_q[1] ; DCa[3]  ; clk        ;
; N/A   ; None         ; 14.178 ns  ; Block3:inst|lpm_counter1:inst1|lpm_counter:lpm_counter_component|cntr_qlh:auto_generated|safe_q[3] ; DCa[10] ; clk        ;
; N/A   ; None         ; 14.161 ns  ; Block3:inst|lpm_counter1:inst1|lpm_counter:lpm_counter_component|cntr_qlh:auto_generated|safe_q[3] ; DCa[15] ; clk        ;
; N/A   ; None         ; 14.158 ns  ; Block3:inst|lpm_counter1:inst1|lpm_counter:lpm_counter_component|cntr_qlh:auto_generated|safe_q[2] ; DCa[13] ; clk        ;
; N/A   ; None         ; 14.149 ns  ; Block3:inst|lpm_counter1:inst1|lpm_counter:lpm_counter_component|cntr_qlh:auto_generated|safe_q[3] ; DCa[14] ; clk        ;
; N/A   ; None         ; 14.029 ns  ; Block3:inst|lpm_counter1:inst1|lpm_counter:lpm_counter_component|cntr_qlh:auto_generated|safe_q[0] ; DCa[3]  ; clk        ;
; N/A   ; None         ; 14.028 ns  ; Block3:inst|lpm_counter1:inst1|lpm_counter:lpm_counter_component|cntr_qlh:auto_generated|safe_q[1] ; DCa[13] ; clk        ;
; N/A   ; None         ; 14.010 ns  ; Block3:inst|lpm_counter1:inst1|lpm_counter:lpm_counter_component|cntr_qlh:auto_generated|safe_q[3] ; DCa[13] ; clk        ;
; N/A   ; None         ; 14.008 ns  ; Block3:inst|lpm_counter1:inst1|lpm_counter:lpm_counter_component|cntr_qlh:auto_generated|safe_q[0] ; DCa[10] ; clk        ;
; N/A   ; None         ; 13.988 ns  ; Block3:inst|lpm_counter1:inst1|lpm_counter:lpm_counter_component|cntr_qlh:auto_generated|safe_q[0] ; DCa[15] ; clk        ;
; N/A   ; None         ; 13.979 ns  ; Block3:inst|lpm_counter1:inst1|lpm_counter:lpm_counter_component|cntr_qlh:auto_generated|safe_q[0] ; DCa[14] ; clk        ;
; N/A   ; None         ; 13.836 ns  ; Block3:inst|lpm_counter1:inst1|lpm_counter:lpm_counter_component|cntr_qlh:auto_generated|safe_q[0] ; DCa[13] ; clk        ;
; N/A   ; None         ; 13.753 ns  ; Block3:inst|lpm_counter1:inst1|lpm_counter:lpm_counter_component|cntr_qlh:auto_generated|safe_q[2] ; DCa[9]  ; clk        ;
; N/A   ; None         ; 13.751 ns  ; Block3:inst|lpm_counter1:inst1|lpm_counter:lpm_counter_component|cntr_qlh:auto_generated|safe_q[1] ; DCa[9]  ; clk        ;
; N/A   ; None         ; 13.749 ns  ; Block3:inst|lpm_counter1:inst1|lpm_counter:lpm_counter_component|cntr_qlh:auto_generated|safe_q[1] ; DCa[5]  ; clk        ;
; N/A   ; None         ; 13.749 ns  ; Block3:inst|lpm_counter1:inst1|lpm_counter:lpm_counter_component|cntr_qlh:auto_generated|safe_q[2] ; DCa[5]  ; clk        ;
; N/A   ; None         ; 13.699 ns  ; Block3:inst|lpm_counter1:inst1|lpm_counter:lpm_counter_component|cntr_qlh:auto_generated|safe_q[2] ; DCa[6]  ; clk        ;
; N/A   ; None         ; 13.696 ns  ; Block3:inst|lpm_counter1:inst1|lpm_counter:lpm_counter_component|cntr_qlh:auto_generated|safe_q[1] ; DCa[6]  ; clk        ;
; N/A   ; None         ; 13.631 ns  ; Block3:inst|lpm_counter1:inst1|lpm_counter:lpm_counter_component|cntr_qlh:auto_generated|safe_q[3] ; DCa[5]  ; clk        ;
; N/A   ; None         ; 13.599 ns  ; Block3:inst|lpm_counter1:inst1|lpm_counter:lpm_counter_component|cntr_qlh:auto_generated|safe_q[3] ; DCa[9]  ; clk        ;
; N/A   ; None         ; 13.542 ns  ; Block3:inst|lpm_counter1:inst1|lpm_counter:lpm_counter_component|cntr_qlh:auto_generated|safe_q[3] ; DCa[6]  ; clk        ;
; N/A   ; None         ; 13.428 ns  ; Block3:inst|lpm_counter1:inst1|lpm_counter:lpm_counter_component|cntr_qlh:auto_generated|safe_q[0] ; DCa[9]  ; clk        ;
; N/A   ; None         ; 13.424 ns  ; Block3:inst|lpm_counter1:inst1|lpm_counter:lpm_counter_component|cntr_qlh:auto_generated|safe_q[0] ; DCa[5]  ; clk        ;
; N/A   ; None         ; 13.372 ns  ; Block3:inst|lpm_counter1:inst1|lpm_counter:lpm_counter_component|cntr_qlh:auto_generated|safe_q[0] ; DCa[6]  ; clk        ;
; N/A   ; None         ; 10.665 ns  ; Block2:inst1|inst7                                                                                 ; clk_D   ; clk        ;
; N/A   ; None         ; 8.721 ns   ; Block1:inst2|inst19                                                                                ; clk_in  ; clk        ;
+-------+--------------+------------+----------------------------------------------------------------------------------------------------+---------+------------+


+---------------------------------------------------------------------------------+
; th                                                                              ;
+---------------+-------------+-----------+------+---------------------+----------+
; Minimum Slack ; Required th ; Actual th ; From ; To                  ; To Clock ;
+---------------+-------------+-----------+------+---------------------+----------+
; N/A           ; None        ; -0.580 ns ; clk  ; Block1:inst2|inst19 ; clk      ;
+---------------+-------------+-----------+------+---------------------+----------+


+--------------------------+
; Timing Analyzer Messages ;
+--------------------------+
Info: *******************************************************************
Info: Running Quartus II Classic Timing Analyzer
    Info: Version 9.1 Build 222 10/21/2009 SJ Web Edition
    Info: Processing started: Thu Sep 14 22:46:19 2023
Info: Command: quartus_tan --read_settings_files=off --write_settings_files=off Lab2 -c Lab2 --timing_analysis_only
Warning: Found pins functioning as undefined clocks and/or memory enables
    Info: Assuming node "clk" is an undefined clock
Warning: Found 11 node(s) in clock paths which may be acting as ripple and/or gated clocks -- node(s) analyzed as buffer(s) resulting in clock skew
    Info: Detected ripple clock "Block1:inst2|lpm_counter0:inst15|lpm_counter:lpm_counter_component|cntr_vaj:auto_generated|safe_q[2]" as buffer
    Info: Detected ripple clock "Block1:inst2|lpm_counter0:inst15|lpm_counter:lpm_counter_component|cntr_vaj:auto_generated|safe_q[1]" as buffer
    Info: Detected ripple clock "Block1:inst2|lpm_counter0:inst15|lpm_counter:lpm_counter_component|cntr_vaj:auto_generated|safe_q[3]" as buffer
    Info: Detected ripple clock "Block1:inst2|lpm_counter0:inst15|lpm_counter:lpm_counter_component|cntr_vaj:auto_generated|safe_q[0]" as buffer
    Info: Detected gated clock "Block1:inst2|inst16" as buffer
    Info: Detected ripple clock "Block1:inst2|inst19" as buffer
    Info: Detected ripple clock "Block2:inst1|lpm_counter_block2_1:inst|lpm_counter:lpm_counter_component|cntr_uaj:auto_generated|safe_q[0]" as buffer
    Info: Detected ripple clock "Block2:inst1|lpm_counter_block2_1:inst|lpm_counter:lpm_counter_component|cntr_uaj:auto_generated|safe_q[1]" as buffer
    Info: Detected ripple clock "Block2:inst1|lpm_counter_block2_1:inst|lpm_counter:lpm_counter_component|cntr_uaj:auto_generated|safe_q[2]" as buffer
    Info: Detected gated clock "Block2:inst1|lpm_compare_block2_3:inst2|lpm_compare:lpm_compare_component|cmpr_h8j:auto_generated|aneb_result_wire[0]" as buffer
    Info: Detected ripple clock "Block2:inst1|inst7" as buffer
Info: Clock "clk" has Internal fmax of 123.82 MHz between source register "Block2:inst1|lpm_counter_block2_2:inst1|lpm_counter:lpm_counter_component|cntr_uaj:auto_generated|safe_q[2]" and destination register "Block2:inst1|lpm_counter_block2_1:inst|lpm_counter:lpm_counter_component|cntr_uaj:auto_generated|safe_q[2]" (period= 8.076 ns)
    Info: + Longest register to register delay is 1.234 ns
        Info: 1: + IC(0.000 ns) + CELL(0.000 ns) = 0.000 ns; Loc. = LCFF_X9_Y18_N5; Fanout = 3; REG Node = 'Block2:inst1|lpm_counter_block2_2:inst1|lpm_counter:lpm_counter_component|cntr_uaj:auto_generated|safe_q[2]'
        Info: 2: + IC(0.240 ns) + CELL(0.272 ns) = 0.512 ns; Loc. = LCCOMB_X9_Y18_N12; Fanout = 7; COMB Node = 'Block2:inst1|lpm_compare_block2_6:inst3|lpm_compare:lpm_compare_component|cmpr_h8j:auto_generated|aneb_result_wire[0]'
        Info: 3: + IC(0.219 ns) + CELL(0.503 ns) = 1.234 ns; Loc. = LCFF_X9_Y18_N21; Fanout = 2; REG Node = 'Block2:inst1|lpm_counter_block2_1:inst|lpm_counter:lpm_counter_component|cntr_uaj:auto_generated|safe_q[2]'
        Info: Total cell delay = 0.775 ns ( 62.80 % )
        Info: Total interconnect delay = 0.459 ns ( 37.20 % )
    Info: - Smallest clock skew is -2.620 ns
        Info: + Shortest clock path from clock "clk" to destination register is 5.500 ns
            Info: 1: + IC(0.000 ns) + CELL(0.837 ns) = 0.837 ns; Loc. = PIN_C14; Fanout = 5; CLK Node = 'clk'
            Info: 2: + IC(1.099 ns) + CELL(0.712 ns) = 2.648 ns; Loc. = LCFF_X9_Y22_N5; Fanout = 4; REG Node = 'Block1:inst2|lpm_counter0:inst15|lpm_counter:lpm_counter_component|cntr_vaj:auto_generated|safe_q[2]'
            Info: 3: + IC(0.209 ns) + CELL(0.053 ns) = 2.910 ns; Loc. = LCCOMB_X9_Y22_N26; Fanout = 1; COMB Node = 'Block1:inst2|inst16'
            Info: 4: + IC(0.754 ns) + CELL(0.712 ns) = 4.376 ns; Loc. = LCFF_X7_Y18_N17; Fanout = 7; REG Node = 'Block1:inst2|inst19'
            Info: 5: + IC(0.506 ns) + CELL(0.618 ns) = 5.500 ns; Loc. = LCFF_X9_Y18_N21; Fanout = 2; REG Node = 'Block2:inst1|lpm_counter_block2_1:inst|lpm_counter:lpm_counter_component|cntr_uaj:auto_generated|safe_q[2]'
            Info: Total cell delay = 2.932 ns ( 53.31 % )
            Info: Total interconnect delay = 2.568 ns ( 46.69 % )
        Info: - Longest clock path from clock "clk" to source register is 8.120 ns
            Info: 1: + IC(0.000 ns) + CELL(0.837 ns) = 0.837 ns; Loc. = PIN_C14; Fanout = 5; CLK Node = 'clk'
            Info: 2: + IC(1.099 ns) + CELL(0.712 ns) = 2.648 ns; Loc. = LCFF_X9_Y22_N7; Fanout = 3; REG Node = 'Block1:inst2|lpm_counter0:inst15|lpm_counter:lpm_counter_component|cntr_vaj:auto_generated|safe_q[3]'
            Info: 3: + IC(0.258 ns) + CELL(0.272 ns) = 3.178 ns; Loc. = LCCOMB_X9_Y22_N26; Fanout = 1; COMB Node = 'Block1:inst2|inst16'
            Info: 4: + IC(0.754 ns) + CELL(0.712 ns) = 4.644 ns; Loc. = LCFF_X7_Y18_N17; Fanout = 7; REG Node = 'Block1:inst2|inst19'
            Info: 5: + IC(2.202 ns) + CELL(0.000 ns) = 6.846 ns; Loc. = CLKCTRL_G4; Fanout = 3; COMB Node = 'Block1:inst2|inst19~clkctrl'
            Info: 6: + IC(0.656 ns) + CELL(0.618 ns) = 8.120 ns; Loc. = LCFF_X9_Y18_N5; Fanout = 3; REG Node = 'Block2:inst1|lpm_counter_block2_2:inst1|lpm_counter:lpm_counter_component|cntr_uaj:auto_generated|safe_q[2]'
            Info: Total cell delay = 3.151 ns ( 38.81 % )
            Info: Total interconnect delay = 4.969 ns ( 61.19 % )
    Info: + Micro clock to output delay of source is 0.094 ns
    Info: + Micro setup delay of destination is 0.090 ns
    Info: Delay path is controlled by inverted clocks -- if clock duty cycle is 50%, fmax is divided by two
Warning: Circuit may not operate. Detected 1 non-operational path(s) clocked by clock "clk" with clock skew larger than data delay. See Compilation Report for details.
Info: Found hold time violation between source  pin or register "Block1:inst2|inst19" and destination pin or register "Block2:inst1|inst7" for clock "clk" (Hold time is 2.822 ns)
    Info: + Largest clock skew is 3.198 ns
        Info: + Longest clock path from clock "clk" to destination register is 7.480 ns
            Info: 1: + IC(0.000 ns) + CELL(0.837 ns) = 0.837 ns; Loc. = PIN_C14; Fanout = 5; CLK Node = 'clk'
            Info: 2: + IC(1.099 ns) + CELL(0.712 ns) = 2.648 ns; Loc. = LCFF_X9_Y22_N7; Fanout = 3; REG Node = 'Block1:inst2|lpm_counter0:inst15|lpm_counter:lpm_counter_component|cntr_vaj:auto_generated|safe_q[3]'
            Info: 3: + IC(0.258 ns) + CELL(0.272 ns) = 3.178 ns; Loc. = LCCOMB_X9_Y22_N26; Fanout = 1; COMB Node = 'Block1:inst2|inst16'
            Info: 4: + IC(0.754 ns) + CELL(0.712 ns) = 4.644 ns; Loc. = LCFF_X7_Y18_N17; Fanout = 7; REG Node = 'Block1:inst2|inst19'
            Info: 5: + IC(0.506 ns) + CELL(0.712 ns) = 5.862 ns; Loc. = LCFF_X9_Y18_N21; Fanout = 2; REG Node = 'Block2:inst1|lpm_counter_block2_1:inst|lpm_counter:lpm_counter_component|cntr_uaj:auto_generated|safe_q[2]'
            Info: 6: + IC(0.239 ns) + CELL(0.272 ns) = 6.373 ns; Loc. = LCCOMB_X9_Y18_N26; Fanout = 1; COMB Node = 'Block2:inst1|lpm_compare_block2_3:inst2|lpm_compare:lpm_compare_component|cmpr_h8j:auto_generated|aneb_result_wire[0]'
            Info: 7: + IC(0.489 ns) + CELL(0.618 ns) = 7.480 ns; Loc. = LCFF_X7_Y18_N7; Fanout = 2; REG Node = 'Block2:inst1|inst7'
            Info: Total cell delay = 4.135 ns ( 55.28 % )
            Info: Total interconnect delay = 3.345 ns ( 44.72 % )
        Info: - Shortest clock path from clock "clk" to source register is 4.282 ns
            Info: 1: + IC(0.000 ns) + CELL(0.837 ns) = 0.837 ns; Loc. = PIN_C14; Fanout = 5; CLK Node = 'clk'
            Info: 2: + IC(1.099 ns) + CELL(0.712 ns) = 2.648 ns; Loc. = LCFF_X9_Y22_N5; Fanout = 4; REG Node = 'Block1:inst2|lpm_counter0:inst15|lpm_counter:lpm_counter_component|cntr_vaj:auto_generated|safe_q[2]'
            Info: 3: + IC(0.209 ns) + CELL(0.053 ns) = 2.910 ns; Loc. = LCCOMB_X9_Y22_N26; Fanout = 1; COMB Node = 'Block1:inst2|inst16'
            Info: 4: + IC(0.754 ns) + CELL(0.618 ns) = 4.282 ns; Loc. = LCFF_X7_Y18_N17; Fanout = 7; REG Node = 'Block1:inst2|inst19'
            Info: Total cell delay = 2.220 ns ( 51.84 % )
            Info: Total interconnect delay = 2.062 ns ( 48.16 % )
    Info: - Micro clock to output delay of source is 0.094 ns
    Info: - Shortest register to register delay is 0.431 ns
        Info: 1: + IC(0.000 ns) + CELL(0.000 ns) = 0.000 ns; Loc. = LCFF_X7_Y18_N17; Fanout = 7; REG Node = 'Block1:inst2|inst19'
        Info: 2: + IC(0.223 ns) + CELL(0.053 ns) = 0.276 ns; Loc. = LCCOMB_X7_Y18_N6; Fanout = 1; COMB Node = 'Block2:inst1|inst7~feeder'
        Info: 3: + IC(0.000 ns) + CELL(0.155 ns) = 0.431 ns; Loc. = LCFF_X7_Y18_N7; Fanout = 2; REG Node = 'Block2:inst1|inst7'
        Info: Total cell delay = 0.208 ns ( 48.26 % )
        Info: Total interconnect delay = 0.223 ns ( 51.74 % )
    Info: + Micro hold delay of destination is 0.149 ns
Info: tsu for register "Block1:inst2|inst19" (data pin = "clk", clock pin = "clk") is 1.087 ns
    Info: + Longest pin to register delay is 5.279 ns
        Info: 1: + IC(0.000 ns) + CELL(0.837 ns) = 0.837 ns; Loc. = PIN_C14; Fanout = 5; CLK Node = 'clk'
        Info: 2: + IC(4.234 ns) + CELL(0.053 ns) = 5.124 ns; Loc. = LCCOMB_X7_Y18_N16; Fanout = 1; COMB Node = 'Block1:inst2|inst19~0'
        Info: 3: + IC(0.000 ns) + CELL(0.155 ns) = 5.279 ns; Loc. = LCFF_X7_Y18_N17; Fanout = 7; REG Node = 'Block1:inst2|inst19'
        Info: Total cell delay = 1.045 ns ( 19.80 % )
        Info: Total interconnect delay = 4.234 ns ( 80.20 % )
    Info: + Micro setup delay of destination is 0.090 ns
    Info: - Shortest clock path from clock "clk" to destination register is 4.282 ns
        Info: 1: + IC(0.000 ns) + CELL(0.837 ns) = 0.837 ns; Loc. = PIN_C14; Fanout = 5; CLK Node = 'clk'
        Info: 2: + IC(1.099 ns) + CELL(0.712 ns) = 2.648 ns; Loc. = LCFF_X9_Y22_N5; Fanout = 4; REG Node = 'Block1:inst2|lpm_counter0:inst15|lpm_counter:lpm_counter_component|cntr_vaj:auto_generated|safe_q[2]'
        Info: 3: + IC(0.209 ns) + CELL(0.053 ns) = 2.910 ns; Loc. = LCCOMB_X9_Y22_N26; Fanout = 1; COMB Node = 'Block1:inst2|inst16'
        Info: 4: + IC(0.754 ns) + CELL(0.618 ns) = 4.282 ns; Loc. = LCFF_X7_Y18_N17; Fanout = 7; REG Node = 'Block1:inst2|inst19'
        Info: Total cell delay = 2.220 ns ( 51.84 % )
        Info: Total interconnect delay = 2.062 ns ( 48.16 % )
Info: tco from clock "clk" to destination pin "DCa[11]" through register "Block3:inst|lpm_counter1:inst1|lpm_counter:lpm_counter_component|cntr_qlh:auto_generated|safe_q[2]" is 16.666 ns
    Info: + Longest clock path from clock "clk" to source register is 10.507 ns
        Info: 1: + IC(0.000 ns) + CELL(0.837 ns) = 0.837 ns; Loc. = PIN_C14; Fanout = 5; CLK Node = 'clk'
        Info: 2: + IC(1.099 ns) + CELL(0.712 ns) = 2.648 ns; Loc. = LCFF_X9_Y22_N7; Fanout = 3; REG Node = 'Block1:inst2|lpm_counter0:inst15|lpm_counter:lpm_counter_component|cntr_vaj:auto_generated|safe_q[3]'
        Info: 3: + IC(0.258 ns) + CELL(0.272 ns) = 3.178 ns; Loc. = LCCOMB_X9_Y22_N26; Fanout = 1; COMB Node = 'Block1:inst2|inst16'
        Info: 4: + IC(0.754 ns) + CELL(0.712 ns) = 4.644 ns; Loc. = LCFF_X7_Y18_N17; Fanout = 7; REG Node = 'Block1:inst2|inst19'
        Info: 5: + IC(0.506 ns) + CELL(0.712 ns) = 5.862 ns; Loc. = LCFF_X9_Y18_N21; Fanout = 2; REG Node = 'Block2:inst1|lpm_counter_block2_1:inst|lpm_counter:lpm_counter_component|cntr_uaj:auto_generated|safe_q[2]'
        Info: 6: + IC(0.239 ns) + CELL(0.272 ns) = 6.373 ns; Loc. = LCCOMB_X9_Y18_N26; Fanout = 1; COMB Node = 'Block2:inst1|lpm_compare_block2_3:inst2|lpm_compare:lpm_compare_component|cmpr_h8j:auto_generated|aneb_result_wire[0]'
        Info: 7: + IC(0.489 ns) + CELL(0.712 ns) = 7.574 ns; Loc. = LCFF_X7_Y18_N7; Fanout = 2; REG Node = 'Block2:inst1|inst7'
        Info: 8: + IC(1.643 ns) + CELL(0.000 ns) = 9.217 ns; Loc. = CLKCTRL_G2; Fanout = 4; COMB Node = 'Block2:inst1|inst7~clkctrl'
        Info: 9: + IC(0.672 ns) + CELL(0.618 ns) = 10.507 ns; Loc. = LCFF_X29_Y1_N21; Fanout = 18; REG Node = 'Block3:inst|lpm_counter1:inst1|lpm_counter:lpm_counter_component|cntr_qlh:auto_generated|safe_q[2]'
        Info: Total cell delay = 4.847 ns ( 46.13 % )
        Info: Total interconnect delay = 5.660 ns ( 53.87 % )
    Info: + Micro clock to output delay of source is 0.094 ns
    Info: + Longest register to pin delay is 6.065 ns
        Info: 1: + IC(0.000 ns) + CELL(0.000 ns) = 0.000 ns; Loc. = LCFF_X29_Y1_N21; Fanout = 18; REG Node = 'Block3:inst|lpm_counter1:inst1|lpm_counter:lpm_counter_component|cntr_qlh:auto_generated|safe_q[2]'
        Info: 2: + IC(0.323 ns) + CELL(0.366 ns) = 0.689 ns; Loc. = LCCOMB_X29_Y1_N10; Fanout = 1; COMB Node = 'Block3:inst|lpm_decode1:inst|lpm_decode:lpm_decode_component|decode_e9f:auto_generated|w_anode122w[3]~0'
        Info: 3: + IC(3.424 ns) + CELL(1.952 ns) = 6.065 ns; Loc. = PIN_F13; Fanout = 0; PIN Node = 'DCa[11]'
        Info: Total cell delay = 2.318 ns ( 38.22 % )
        Info: Total interconnect delay = 3.747 ns ( 61.78 % )
Info: th for register "Block1:inst2|inst19" (data pin = "clk", clock pin = "clk") is -0.580 ns
    Info: + Longest clock path from clock "clk" to destination register is 4.550 ns
        Info: 1: + IC(0.000 ns) + CELL(0.837 ns) = 0.837 ns; Loc. = PIN_C14; Fanout = 5; CLK Node = 'clk'
        Info: 2: + IC(1.099 ns) + CELL(0.712 ns) = 2.648 ns; Loc. = LCFF_X9_Y22_N7; Fanout = 3; REG Node = 'Block1:inst2|lpm_counter0:inst15|lpm_counter:lpm_counter_component|cntr_vaj:auto_generated|safe_q[3]'
        Info: 3: + IC(0.258 ns) + CELL(0.272 ns) = 3.178 ns; Loc. = LCCOMB_X9_Y22_N26; Fanout = 1; COMB Node = 'Block1:inst2|inst16'
        Info: 4: + IC(0.754 ns) + CELL(0.618 ns) = 4.550 ns; Loc. = LCFF_X7_Y18_N17; Fanout = 7; REG Node = 'Block1:inst2|inst19'
        Info: Total cell delay = 2.439 ns ( 53.60 % )
        Info: Total interconnect delay = 2.111 ns ( 46.40 % )
    Info: + Micro hold delay of destination is 0.149 ns
    Info: - Shortest pin to register delay is 5.279 ns
        Info: 1: + IC(0.000 ns) + CELL(0.837 ns) = 0.837 ns; Loc. = PIN_C14; Fanout = 5; CLK Node = 'clk'
        Info: 2: + IC(4.234 ns) + CELL(0.053 ns) = 5.124 ns; Loc. = LCCOMB_X7_Y18_N16; Fanout = 1; COMB Node = 'Block1:inst2|inst19~0'
        Info: 3: + IC(0.000 ns) + CELL(0.155 ns) = 5.279 ns; Loc. = LCFF_X7_Y18_N17; Fanout = 7; REG Node = 'Block1:inst2|inst19'
        Info: Total cell delay = 1.045 ns ( 19.80 % )
        Info: Total interconnect delay = 4.234 ns ( 80.20 % )
Info: Quartus II Classic Timing Analyzer was successful. 0 errors, 3 warnings
    Info: Peak virtual memory: 173 megabytes
    Info: Processing ended: Thu Sep 14 22:46:19 2023
    Info: Elapsed time: 00:00:00
    Info: Total CPU time (on all processors): 00:00:00


