d:\projects\p_in_hll projects\3 semester\laba_6\laba_6\debug\vc142.pdb
d:\projects\p_in_hll projects\3 semester\laba_6\laba_6\debug\vc142.idb
d:\projects\p_in_hll projects\3 semester\laba_6\laba_6\debug\txtfile.obj
d:\projects\p_in_hll projects\3 semester\laba_6\laba_6\debug\stationarycm.obj
d:\projects\p_in_hll projects\3 semester\laba_6\laba_6\debug\smartphone.obj
d:\projects\p_in_hll projects\3 semester\laba_6\laba_6\debug\portablecm.obj
d:\projects\p_in_hll projects\3 semester\laba_6\laba_6\debug\notebook.obj
d:\projects\p_in_hll projects\3 semester\laba_6\laba_6\debug\monoblock.obj
d:\projects\p_in_hll projects\3 semester\laba_6\laba_6\debug\main.obj
d:\projects\p_in_hll projects\3 semester\laba_6\laba_6\debug\interface.obj
d:\projects\p_in_hll projects\3 semester\laba_6\laba_6\debug\functions.obj
d:\projects\p_in_hll projects\3 semester\laba_6\laba_6\debug\file.obj
d:\projects\p_in_hll projects\3 semester\laba_6\laba_6\debug\exception.obj
d:\projects\p_in_hll projects\3 semester\laba_6\laba_6\debug\countingmachine.obj
d:\projects\p_in_hll projects\3 semester\laba_6\laba_6\debug\binfile.obj
d:\projects\p_in_hll projects\3 semester\laba_6\laba_6\debug\binarytree.obj
d:\projects\p_in_hll projects\3 semester\laba_6\debug\laba_6.exe
d:\projects\p_in_hll projects\3 semester\laba_6\laba_6\debug\laba_6.ilk
d:\projects\p_in_hll projects\3 semester\laba_6\debug\laba_6.pdb
d:\projects\p_in_hll projects\3 semester\laba_6\laba_6\debug\laba_6.tlog\cl.command.1.tlog
d:\projects\p_in_hll projects\3 semester\laba_6\laba_6\debug\laba_6.tlog\cl.read.1.tlog
d:\projects\p_in_hll projects\3 semester\laba_6\laba_6\debug\laba_6.tlog\cl.write.1.tlog
d:\projects\p_in_hll projects\3 semester\laba_6\laba_6\debug\laba_6.tlog\link.command.1.tlog
d:\projects\p_in_hll projects\3 semester\laba_6\laba_6\debug\laba_6.tlog\link.read.1.tlog
d:\projects\p_in_hll projects\3 semester\laba_6\laba_6\debug\laba_6.tlog\link.write.1.tlog
