  additional_offer.cpp
d:\projects\oaandp_projects\1_semestr\programs_on_visualstudio\laba_4\laba_4\additional_offer.cpp(10): warning C4473: "scanf_s": передано недостаточно аргументов для строки формата
  d:\projects\oaandp_projects\1_semestr\programs_on_visualstudio\laba_4\laba_4\additional_offer.cpp(10): note: заполнители и их параметры ожидают переменное число аргументов в количестве 2, но было предоставлено 1
  d:\projects\oaandp_projects\1_semestr\programs_on_visualstudio\laba_4\laba_4\additional_offer.cpp(10): note: отсутствующий вариативный аргумент "2" требуется для строки форматирования "%c"
  d:\projects\oaandp_projects\1_semestr\programs_on_visualstudio\laba_4\laba_4\additional_offer.cpp(10): note: этот аргумент используется в качестве размера буфера
d:\projects\oaandp_projects\1_semestr\programs_on_visualstudio\laba_4\laba_4\additional_offer.cpp(11): warning C4473: "scanf_s": передано недостаточно аргументов для строки формата
  d:\projects\oaandp_projects\1_semestr\programs_on_visualstudio\laba_4\laba_4\additional_offer.cpp(11): note: заполнители и их параметры ожидают переменное число аргументов в количестве 2, но было предоставлено 1
  d:\projects\oaandp_projects\1_semestr\programs_on_visualstudio\laba_4\laba_4\additional_offer.cpp(11): note: отсутствующий вариативный аргумент "2" требуется для строки форматирования "%c"
  d:\projects\oaandp_projects\1_semestr\programs_on_visualstudio\laba_4\laba_4\additional_offer.cpp(11): note: этот аргумент используется в качестве размера буфера
  algorithm.cpp
  give_memory.cpp
  input_matrix_elements.cpp
d:\projects\oaandp_projects\1_semestr\programs_on_visualstudio\laba_4\laba_4\input_matrix_elements.cpp(13): warning C4473: "scanf_s": передано недостаточно аргументов для строки формата
  d:\projects\oaandp_projects\1_semestr\programs_on_visualstudio\laba_4\laba_4\input_matrix_elements.cpp(13): note: заполнители и их параметры ожидают переменное число аргументов в количестве 3, но было предоставлено 2
  d:\projects\oaandp_projects\1_semestr\programs_on_visualstudio\laba_4\laba_4\input_matrix_elements.cpp(13): note: отсутствующий вариативный аргумент "3" требуется для строки форматирования "%c"
  d:\projects\oaandp_projects\1_semestr\programs_on_visualstudio\laba_4\laba_4\input_matrix_elements.cpp(13): note: этот аргумент используется в качестве размера буфера
  input_n.cpp
d:\projects\oaandp_projects\1_semestr\programs_on_visualstudio\laba_4\laba_4\input_n.cpp(11): warning C4473: "scanf_s": передано недостаточно аргументов для строки формата
  d:\projects\oaandp_projects\1_semestr\programs_on_visualstudio\laba_4\laba_4\input_n.cpp(11): note: заполнители и их параметры ожидают переменное число аргументов в количестве 3, но было предоставлено 2
  d:\projects\oaandp_projects\1_semestr\programs_on_visualstudio\laba_4\laba_4\input_n.cpp(11): note: отсутствующий вариативный аргумент "3" требуется для строки форматирования "%c"
  d:\projects\oaandp_projects\1_semestr\programs_on_visualstudio\laba_4\laba_4\input_n.cpp(11): note: этот аргумент используется в качестве размера буфера
d:\projects\oaandp_projects\1_semestr\programs_on_visualstudio\laba_4\laba_4\input_n.cpp(19): warning C4473: "scanf_s": передано недостаточно аргументов для строки формата
  d:\projects\oaandp_projects\1_semestr\programs_on_visualstudio\laba_4\laba_4\input_n.cpp(19): note: заполнители и их параметры ожидают переменное число аргументов в количестве 2, но было предоставлено 1
  d:\projects\oaandp_projects\1_semestr\programs_on_visualstudio\laba_4\laba_4\input_n.cpp(19): note: отсутствующий вариативный аргумент "2" требуется для строки форматирования "%c"
  d:\projects\oaandp_projects\1_semestr\programs_on_visualstudio\laba_4\laba_4\input_n.cpp(19): note: этот аргумент используется в качестве размера буфера
d:\projects\oaandp_projects\1_semestr\programs_on_visualstudio\laba_4\laba_4\input_n.cpp(20): warning C4473: "scanf_s": передано недостаточно аргументов для строки формата
  d:\projects\oaandp_projects\1_semestr\programs_on_visualstudio\laba_4\laba_4\input_n.cpp(20): note: заполнители и их параметры ожидают переменное число аргументов в количестве 2, но было предоставлено 1
  d:\projects\oaandp_projects\1_semestr\programs_on_visualstudio\laba_4\laba_4\input_n.cpp(20): note: отсутствующий вариативный аргумент "2" требуется для строки форматирования "%c"
  d:\projects\oaandp_projects\1_semestr\programs_on_visualstudio\laba_4\laba_4\input_n.cpp(20): note: этот аргумент используется в качестве размера буфера
  main.cpp
  output.cpp
  Создание кода...
  LABA_4.vcxproj -> D:\Projects\OAandP_projects\1_semestr\programs_on_VisualStudio\LABA_4\Debug\LABA_4.exe
