d:\projects\p_in_hll projects\3 semester\laba_4\laba_4\x64\debug\vc142.pdb
d:\projects\p_in_hll projects\3 semester\laba_4\laba_4\x64\debug\vc142.idb
d:\projects\p_in_hll projects\3 semester\laba_4\laba_4\x64\debug\stationarycm.obj
d:\projects\p_in_hll projects\3 semester\laba_4\laba_4\x64\debug\smartphone.obj
d:\projects\p_in_hll projects\3 semester\laba_4\laba_4\x64\debug\portablecm.obj
d:\projects\p_in_hll projects\3 semester\laba_4\laba_4\x64\debug\notebook.obj
d:\projects\p_in_hll projects\3 semester\laba_4\laba_4\x64\debug\monoblock.obj
d:\projects\p_in_hll projects\3 semester\laba_4\laba_4\x64\debug\main.obj
d:\projects\p_in_hll projects\3 semester\laba_4\laba_4\x64\debug\interface.obj
d:\projects\p_in_hll projects\3 semester\laba_4\laba_4\x64\debug\countingmachine.obj
d:\projects\p_in_hll projects\3 semester\laba_4\laba_4\x64\debug\binarytree.obj
d:\projects\p_in_hll projects\3 semester\laba_4\laba_4\x64\debug\laba_4.ilk
d:\projects\p_in_hll projects\3 semester\laba_4\x64\debug\laba_4.exe
d:\projects\p_in_hll projects\3 semester\laba_4\x64\debug\laba_4.pdb
d:\projects\p_in_hll projects\3 semester\laba_4\laba_4\x64\debug\laba_4.tlog\cl.command.1.tlog
d:\projects\p_in_hll projects\3 semester\laba_4\laba_4\x64\debug\laba_4.tlog\cl.read.1.tlog
d:\projects\p_in_hll projects\3 semester\laba_4\laba_4\x64\debug\laba_4.tlog\cl.write.1.tlog
d:\projects\p_in_hll projects\3 semester\laba_4\laba_4\x64\debug\laba_4.tlog\link.command.1.tlog
d:\projects\p_in_hll projects\3 semester\laba_4\laba_4\x64\debug\laba_4.tlog\link.read.1.tlog
d:\projects\p_in_hll projects\3 semester\laba_4\laba_4\x64\debug\laba_4.tlog\link.write.1.tlog
