d:\projects\p_in_hll projects\3 semester\laba_7\laba_7\debug\vc142.pdb
d:\projects\p_in_hll projects\3 semester\laba_7\laba_7\debug\vc142.idb
d:\projects\p_in_hll projects\3 semester\laba_7\laba_7\debug\txtfile.obj
d:\projects\p_in_hll projects\3 semester\laba_7\laba_7\debug\stationarycm.obj
d:\projects\p_in_hll projects\3 semester\laba_7\laba_7\debug\smartphone.obj
d:\projects\p_in_hll projects\3 semester\laba_7\laba_7\debug\portablecm.obj
d:\projects\p_in_hll projects\3 semester\laba_7\laba_7\debug\notebook.obj
d:\projects\p_in_hll projects\3 semester\laba_7\laba_7\debug\monoblock.obj
d:\projects\p_in_hll projects\3 semester\laba_7\laba_7\debug\main.obj
d:\projects\p_in_hll projects\3 semester\laba_7\laba_7\debug\interface.obj
d:\projects\p_in_hll projects\3 semester\laba_7\laba_7\debug\functions.obj
d:\projects\p_in_hll projects\3 semester\laba_7\laba_7\debug\file.obj
d:\projects\p_in_hll projects\3 semester\laba_7\laba_7\debug\exception.obj
d:\projects\p_in_hll projects\3 semester\laba_7\laba_7\debug\countingmachine.obj
d:\projects\p_in_hll projects\3 semester\laba_7\laba_7\debug\binfile.obj
d:\projects\p_in_hll projects\3 semester\laba_7\laba_7\debug\binarytree.obj
d:\projects\p_in_hll projects\3 semester\laba_7\laba_7\debug\laba_7.ilk
d:\projects\p_in_hll projects\3 semester\laba_7\debug\laba_7.exe
d:\projects\p_in_hll projects\3 semester\laba_7\debug\laba_7.pdb
d:\projects\p_in_hll projects\3 semester\laba_7\laba_7\debug\laba_7.tlog\cl.command.1.tlog
d:\projects\p_in_hll projects\3 semester\laba_7\laba_7\debug\laba_7.tlog\cl.read.1.tlog
d:\projects\p_in_hll projects\3 semester\laba_7\laba_7\debug\laba_7.tlog\cl.write.1.tlog
d:\projects\p_in_hll projects\3 semester\laba_7\laba_7\debug\laba_7.tlog\link.command.1.tlog
d:\projects\p_in_hll projects\3 semester\laba_7\laba_7\debug\laba_7.tlog\link.read.1.tlog
d:\projects\p_in_hll projects\3 semester\laba_7\laba_7\debug\laba_7.tlog\link.write.1.tlog
