d:\projects\p_in_hll projects\3 semester\laba_8\laba_8\debug\vc142.pdb
d:\projects\p_in_hll projects\3 semester\laba_8\laba_8\debug\vc142.idb
d:\projects\p_in_hll projects\3 semester\laba_8\laba_8\debug\txtfile.obj
d:\projects\p_in_hll projects\3 semester\laba_8\laba_8\debug\stationarycm.obj
d:\projects\p_in_hll projects\3 semester\laba_8\laba_8\debug\smartphone.obj
d:\projects\p_in_hll projects\3 semester\laba_8\laba_8\debug\portablecm.obj
d:\projects\p_in_hll projects\3 semester\laba_8\laba_8\debug\notebook.obj
d:\projects\p_in_hll projects\3 semester\laba_8\laba_8\debug\monoblock.obj
d:\projects\p_in_hll projects\3 semester\laba_8\laba_8\debug\main.obj
d:\projects\p_in_hll projects\3 semester\laba_8\laba_8\debug\interface.obj
d:\projects\p_in_hll projects\3 semester\laba_8\laba_8\debug\functions.obj
d:\projects\p_in_hll projects\3 semester\laba_8\laba_8\debug\file.obj
d:\projects\p_in_hll projects\3 semester\laba_8\laba_8\debug\exception.obj
d:\projects\p_in_hll projects\3 semester\laba_8\laba_8\debug\countingmachine.obj
d:\projects\p_in_hll projects\3 semester\laba_8\laba_8\debug\binfile.obj
d:\projects\p_in_hll projects\3 semester\laba_8\laba_8\debug\binarytree.obj
d:\projects\p_in_hll projects\3 semester\laba_8\laba_8\debug\laba_8.ilk
d:\projects\p_in_hll projects\3 semester\laba_8\debug\laba_8.exe
d:\projects\p_in_hll projects\3 semester\laba_8\debug\laba_8.pdb
d:\projects\p_in_hll projects\3 semester\laba_8\laba_8\debug\laba_8.tlog\cl.command.1.tlog
d:\projects\p_in_hll projects\3 semester\laba_8\laba_8\debug\laba_8.tlog\cl.read.1.tlog
d:\projects\p_in_hll projects\3 semester\laba_8\laba_8\debug\laba_8.tlog\cl.write.1.tlog
d:\projects\p_in_hll projects\3 semester\laba_8\laba_8\debug\laba_8.tlog\link.command.1.tlog
d:\projects\p_in_hll projects\3 semester\laba_8\laba_8\debug\laba_8.tlog\link.read.1.tlog
d:\projects\p_in_hll projects\3 semester\laba_8\laba_8\debug\laba_8.tlog\link.write.1.tlog
