Classic Timing Analyzer report for Lab1
Fri Sep 08 12:42:10 2023
Quartus II Version 9.1 Build 222 10/21/2009 SJ Web Edition


---------------------
; Table of Contents ;
---------------------
  1. Legal Notice
  2. Timing Analyzer Summary
  3. Timing Analyzer Settings
  4. Clock Settings Summary
  5. Parallel Compilation
  6. Clock Setup: 'CLK'
  7. tsu
  8. tco
  9. th
 10. Timing Analyzer Messages



----------------
; Legal Notice ;
----------------
Copyright (C) 1991-2009 Altera Corporation
Your use of Altera Corporation's design tools, logic functions 
and other software and tools, and its AMPP partner logic 
functions, and any output files from any of the foregoing 
(including device programming or simulation files), and any 
associated documentation or information are expressly subject 
to the terms and conditions of the Altera Program License 
Subscription Agreement, Altera MegaCore Function License 
Agreement, or other applicable license agreement, including, 
without limitation, that your use is for the sole purpose of 
programming logic devices manufactured by Altera and sold by 
Altera or its authorized distributors.  Please refer to the 
applicable agreement for further details.



+--------------------------------------------------------------------------------------------------------------------------------------------------------------+
; Timing Analyzer Summary                                                                                                                                      ;
+------------------------------+-------+---------------+------------------------------------------------+-------+-------+------------+----------+--------------+
; Type                         ; Slack ; Required Time ; Actual Time                                    ; From  ; To    ; From Clock ; To Clock ; Failed Paths ;
+------------------------------+-------+---------------+------------------------------------------------+-------+-------+------------+----------+--------------+
; Worst-case tsu               ; N/A   ; None          ; 3.503 ns                                       ; D     ; inst6 ; --         ; CLK      ; 0            ;
; Worst-case tco               ; N/A   ; None          ; 7.042 ns                                       ; inst8 ; Q9    ; CLK        ; --       ; 0            ;
; Worst-case th                ; N/A   ; None          ; -3.264 ns                                      ; D     ; inst6 ; --         ; CLK      ; 0            ;
; Clock Setup: 'CLK'           ; N/A   ; None          ; Restricted to 500.00 MHz ( period = 2.000 ns ) ; inst  ; inst1 ; CLK        ; CLK      ; 0            ;
; Total number of failed paths ;       ;               ;                                                ;       ;       ;            ;          ; 0            ;
+------------------------------+-------+---------------+------------------------------------------------+-------+-------+------------+----------+--------------+


+-----------------------------------------------------------------------------------------------------------------------------------------------------+
; Timing Analyzer Settings                                                                                                                            ;
+------------------------------------------------------------------------------------------------------+--------------------+------+----+-------------+
; Option                                                                                               ; Setting            ; From ; To ; Entity Name ;
+------------------------------------------------------------------------------------------------------+--------------------+------+----+-------------+
; Device Name                                                                                          ; EP2S15F484C3       ;      ;    ;             ;
; Timing Models                                                                                        ; Final              ;      ;    ;             ;
; Default hold multicycle                                                                              ; Same as Multicycle ;      ;    ;             ;
; Cut paths between unrelated clock domains                                                            ; On                 ;      ;    ;             ;
; Cut off read during write signal paths                                                               ; On                 ;      ;    ;             ;
; Cut off feedback from I/O pins                                                                       ; On                 ;      ;    ;             ;
; Report Combined Fast/Slow Timing                                                                     ; Off                ;      ;    ;             ;
; Ignore Clock Settings                                                                                ; Off                ;      ;    ;             ;
; Analyze latches as synchronous elements                                                              ; On                 ;      ;    ;             ;
; Enable Recovery/Removal analysis                                                                     ; Off                ;      ;    ;             ;
; Enable Clock Latency                                                                                 ; Off                ;      ;    ;             ;
; Use TimeQuest Timing Analyzer                                                                        ; Off                ;      ;    ;             ;
; Number of source nodes to report per destination node                                                ; 10                 ;      ;    ;             ;
; Number of destination nodes to report                                                                ; 10                 ;      ;    ;             ;
; Number of paths to report                                                                            ; 200                ;      ;    ;             ;
; Report Minimum Timing Checks                                                                         ; Off                ;      ;    ;             ;
; Use Fast Timing Models                                                                               ; Off                ;      ;    ;             ;
; Report IO Paths Separately                                                                           ; Off                ;      ;    ;             ;
; Perform Multicorner Analysis                                                                         ; On                 ;      ;    ;             ;
; Reports the worst-case path for each clock domain and analysis                                       ; Off                ;      ;    ;             ;
; Reports worst-case timing paths for each clock domain and analysis                                   ; Off                ;      ;    ;             ;
; Specifies the maximum number of worst-case timing paths to report for each clock domain and analysis ; 100                ;      ;    ;             ;
; Removes common clock path pessimism (CCPP) during slack computation                                  ; Off                ;      ;    ;             ;
; Output I/O Timing Endpoint                                                                           ; Near End           ;      ;    ;             ;
+------------------------------------------------------------------------------------------------------+--------------------+------+----+-------------+


+------------------------------------------------------------------------------------------------------------------------------------------------------------------------------------+
; Clock Settings Summary                                                                                                                                                             ;
+-----------------+--------------------+----------+------------------+---------------+--------------+----------+-----------------------+---------------------+--------+--------------+
; Clock Node Name ; Clock Setting Name ; Type     ; Fmax Requirement ; Early Latency ; Late Latency ; Based on ; Multiply Base Fmax by ; Divide Base Fmax by ; Offset ; Phase offset ;
+-----------------+--------------------+----------+------------------+---------------+--------------+----------+-----------------------+---------------------+--------+--------------+
; CLK             ;                    ; User Pin ; None             ; 0.000 ns      ; 0.000 ns     ; --       ; N/A                   ; N/A                 ; N/A    ;              ;
+-----------------+--------------------+----------+------------------+---------------+--------------+----------+-----------------------+---------------------+--------+--------------+


Parallel compilation was disabled, but you have multiple processors available. Enable parallel compilation to reduce compilation time.
+-------------------------------------+
; Parallel Compilation                ;
+----------------------------+--------+
; Processors                 ; Number ;
+----------------------------+--------+
; Number detected on machine ; 4      ;
; Maximum allowed            ; 1      ;
+----------------------------+--------+


+--------------------------------------------------------------------------------------------------------------------------------------------------------------------------------------+
; Clock Setup: 'CLK'                                                                                                                                                                   ;
+-------+------------------------------------------------+--------+--------+------------+----------+-----------------------------+---------------------------+-------------------------+
; Slack ; Actual fmax (period)                           ; From   ; To     ; From Clock ; To Clock ; Required Setup Relationship ; Required Longest P2P Time ; Actual Longest P2P Time ;
+-------+------------------------------------------------+--------+--------+------------+----------+-----------------------------+---------------------------+-------------------------+
; N/A   ; Restricted to 500.00 MHz ( period = 2.000 ns ) ; inst4  ; inst5  ; CLK        ; CLK      ; None                        ; None                      ; 0.573 ns                ;
; N/A   ; Restricted to 500.00 MHz ( period = 2.000 ns ) ; inst   ; inst1  ; CLK        ; CLK      ; None                        ; None                      ; 0.573 ns                ;
; N/A   ; Restricted to 500.00 MHz ( period = 2.000 ns ) ; inst1  ; inst2  ; CLK        ; CLK      ; None                        ; None                      ; 0.510 ns                ;
; N/A   ; Restricted to 500.00 MHz ( period = 2.000 ns ) ; inst5  ; inst7  ; CLK        ; CLK      ; None                        ; None                      ; 0.507 ns                ;
; N/A   ; Restricted to 500.00 MHz ( period = 2.000 ns ) ; inst9  ; inst10 ; CLK        ; CLK      ; None                        ; None                      ; 0.506 ns                ;
; N/A   ; Restricted to 500.00 MHz ( period = 2.000 ns ) ; inst7  ; inst8  ; CLK        ; CLK      ; None                        ; None                      ; 0.425 ns                ;
; N/A   ; Restricted to 500.00 MHz ( period = 2.000 ns ) ; inst3  ; inst4  ; CLK        ; CLK      ; None                        ; None                      ; 0.424 ns                ;
; N/A   ; Restricted to 500.00 MHz ( period = 2.000 ns ) ; inst8  ; inst9  ; CLK        ; CLK      ; None                        ; None                      ; 0.422 ns                ;
; N/A   ; Restricted to 500.00 MHz ( period = 2.000 ns ) ; inst2  ; inst3  ; CLK        ; CLK      ; None                        ; None                      ; 0.419 ns                ;
; N/A   ; Restricted to 500.00 MHz ( period = 2.000 ns ) ; inst6  ; inst   ; CLK        ; CLK      ; None                        ; None                      ; 0.418 ns                ;
; N/A   ; Restricted to 500.00 MHz ( period = 2.000 ns ) ; inst10 ; inst11 ; CLK        ; CLK      ; None                        ; None                      ; 0.414 ns                ;
+-------+------------------------------------------------+--------+--------+------------+----------+-----------------------------+---------------------------+-------------------------+


+-------------------------------------------------------------+
; tsu                                                         ;
+-------+--------------+------------+------+-------+----------+
; Slack ; Required tsu ; Actual tsu ; From ; To    ; To Clock ;
+-------+--------------+------------+------+-------+----------+
; N/A   ; None         ; 3.503 ns   ; D    ; inst6 ; CLK      ;
+-------+--------------+------------+------+-------+----------+


+---------------------------------------------------------------+
; tco                                                           ;
+-------+--------------+------------+--------+-----+------------+
; Slack ; Required tco ; Actual tco ; From   ; To  ; From Clock ;
+-------+--------------+------------+--------+-----+------------+
; N/A   ; None         ; 7.042 ns   ; inst8  ; Q9  ; CLK        ;
; N/A   ; None         ; 6.432 ns   ; inst   ; Q2  ; CLK        ;
; N/A   ; None         ; 6.407 ns   ; inst4  ; Q6  ; CLK        ;
; N/A   ; None         ; 6.154 ns   ; inst6  ; Q1  ; CLK        ;
; N/A   ; None         ; 5.980 ns   ; inst3  ; Q5  ; CLK        ;
; N/A   ; None         ; 5.832 ns   ; inst2  ; Q4  ; CLK        ;
; N/A   ; None         ; 5.830 ns   ; inst1  ; Q3  ; CLK        ;
; N/A   ; None         ; 5.817 ns   ; inst10 ; Q11 ; CLK        ;
; N/A   ; None         ; 5.652 ns   ; inst11 ; Q12 ; CLK        ;
; N/A   ; None         ; 5.577 ns   ; inst7  ; Q8  ; CLK        ;
; N/A   ; None         ; 5.573 ns   ; inst9  ; Q10 ; CLK        ;
; N/A   ; None         ; 5.398 ns   ; inst5  ; Q7  ; CLK        ;
+-------+--------------+------------+--------+-----+------------+


+-------------------------------------------------------------------+
; th                                                                ;
+---------------+-------------+-----------+------+-------+----------+
; Minimum Slack ; Required th ; Actual th ; From ; To    ; To Clock ;
+---------------+-------------+-----------+------+-------+----------+
; N/A           ; None        ; -3.264 ns ; D    ; inst6 ; CLK      ;
+---------------+-------------+-----------+------+-------+----------+


+--------------------------+
; Timing Analyzer Messages ;
+--------------------------+
Info: *******************************************************************
Info: Running Quartus II Classic Timing Analyzer
    Info: Version 9.1 Build 222 10/21/2009 SJ Web Edition
    Info: Processing started: Fri Sep 08 12:42:09 2023
Info: Command: quartus_tan --read_settings_files=off --write_settings_files=off Lab1 -c Lab1 --timing_analysis_only
Warning: Found pins functioning as undefined clocks and/or memory enables
    Info: Assuming node "CLK" is an undefined clock
Info: Clock "CLK" Internal fmax is restricted to 500.0 MHz between source register "inst4" and destination register "inst5"
    Info: fmax restricted to clock pin edge rate 2.0 ns. Expand message to see actual delay path.
        Info: + Longest register to register delay is 0.573 ns
            Info: 1: + IC(0.000 ns) + CELL(0.000 ns) = 0.000 ns; Loc. = LCFF_X26_Y5_N13; Fanout = 2; REG Node = 'inst4'
            Info: 2: + IC(0.365 ns) + CELL(0.053 ns) = 0.418 ns; Loc. = LCCOMB_X26_Y5_N8; Fanout = 1; COMB Node = 'inst5~feeder'
            Info: 3: + IC(0.000 ns) + CELL(0.155 ns) = 0.573 ns; Loc. = LCFF_X26_Y5_N9; Fanout = 2; REG Node = 'inst5'
            Info: Total cell delay = 0.208 ns ( 36.30 % )
            Info: Total interconnect delay = 0.365 ns ( 63.70 % )
        Info: - Smallest clock skew is 0.000 ns
            Info: + Shortest clock path from clock "CLK" to destination register is 2.484 ns
                Info: 1: + IC(0.000 ns) + CELL(0.854 ns) = 0.854 ns; Loc. = PIN_N20; Fanout = 1; CLK Node = 'CLK'
                Info: 2: + IC(0.343 ns) + CELL(0.000 ns) = 1.197 ns; Loc. = CLKCTRL_G3; Fanout = 12; COMB Node = 'CLK~clkctrl'
                Info: 3: + IC(0.669 ns) + CELL(0.618 ns) = 2.484 ns; Loc. = LCFF_X26_Y5_N9; Fanout = 2; REG Node = 'inst5'
                Info: Total cell delay = 1.472 ns ( 59.26 % )
                Info: Total interconnect delay = 1.012 ns ( 40.74 % )
            Info: - Longest clock path from clock "CLK" to source register is 2.484 ns
                Info: 1: + IC(0.000 ns) + CELL(0.854 ns) = 0.854 ns; Loc. = PIN_N20; Fanout = 1; CLK Node = 'CLK'
                Info: 2: + IC(0.343 ns) + CELL(0.000 ns) = 1.197 ns; Loc. = CLKCTRL_G3; Fanout = 12; COMB Node = 'CLK~clkctrl'
                Info: 3: + IC(0.669 ns) + CELL(0.618 ns) = 2.484 ns; Loc. = LCFF_X26_Y5_N13; Fanout = 2; REG Node = 'inst4'
                Info: Total cell delay = 1.472 ns ( 59.26 % )
                Info: Total interconnect delay = 1.012 ns ( 40.74 % )
        Info: + Micro clock to output delay of source is 0.094 ns
        Info: + Micro setup delay of destination is 0.090 ns
Info: tsu for register "inst6" (data pin = "D", clock pin = "CLK") is 3.503 ns
    Info: + Longest pin to register delay is 5.897 ns
        Info: 1: + IC(0.000 ns) + CELL(0.799 ns) = 0.799 ns; Loc. = PIN_C13; Fanout = 1; PIN Node = 'D'
        Info: 2: + IC(4.890 ns) + CELL(0.053 ns) = 5.742 ns; Loc. = LCCOMB_X26_Y5_N16; Fanout = 1; COMB Node = 'inst6~feeder'
        Info: 3: + IC(0.000 ns) + CELL(0.155 ns) = 5.897 ns; Loc. = LCFF_X26_Y5_N17; Fanout = 2; REG Node = 'inst6'
        Info: Total cell delay = 1.007 ns ( 17.08 % )
        Info: Total interconnect delay = 4.890 ns ( 82.92 % )
    Info: + Micro setup delay of destination is 0.090 ns
    Info: - Shortest clock path from clock "CLK" to destination register is 2.484 ns
        Info: 1: + IC(0.000 ns) + CELL(0.854 ns) = 0.854 ns; Loc. = PIN_N20; Fanout = 1; CLK Node = 'CLK'
        Info: 2: + IC(0.343 ns) + CELL(0.000 ns) = 1.197 ns; Loc. = CLKCTRL_G3; Fanout = 12; COMB Node = 'CLK~clkctrl'
        Info: 3: + IC(0.669 ns) + CELL(0.618 ns) = 2.484 ns; Loc. = LCFF_X26_Y5_N17; Fanout = 2; REG Node = 'inst6'
        Info: Total cell delay = 1.472 ns ( 59.26 % )
        Info: Total interconnect delay = 1.012 ns ( 40.74 % )
Info: tco from clock "CLK" to destination pin "Q9" through register "inst8" is 7.042 ns
    Info: + Longest clock path from clock "CLK" to source register is 2.484 ns
        Info: 1: + IC(0.000 ns) + CELL(0.854 ns) = 0.854 ns; Loc. = PIN_N20; Fanout = 1; CLK Node = 'CLK'
        Info: 2: + IC(0.343 ns) + CELL(0.000 ns) = 1.197 ns; Loc. = CLKCTRL_G3; Fanout = 12; COMB Node = 'CLK~clkctrl'
        Info: 3: + IC(0.669 ns) + CELL(0.618 ns) = 2.484 ns; Loc. = LCFF_X26_Y5_N5; Fanout = 2; REG Node = 'inst8'
        Info: Total cell delay = 1.472 ns ( 59.26 % )
        Info: Total interconnect delay = 1.012 ns ( 40.74 % )
    Info: + Micro clock to output delay of source is 0.094 ns
    Info: + Longest register to pin delay is 4.464 ns
        Info: 1: + IC(0.000 ns) + CELL(0.000 ns) = 0.000 ns; Loc. = LCFF_X26_Y5_N5; Fanout = 2; REG Node = 'inst8'
        Info: 2: + IC(2.532 ns) + CELL(1.932 ns) = 4.464 ns; Loc. = PIN_H11; Fanout = 0; PIN Node = 'Q9'
        Info: Total cell delay = 1.932 ns ( 43.28 % )
        Info: Total interconnect delay = 2.532 ns ( 56.72 % )
Info: th for register "inst6" (data pin = "D", clock pin = "CLK") is -3.264 ns
    Info: + Longest clock path from clock "CLK" to destination register is 2.484 ns
        Info: 1: + IC(0.000 ns) + CELL(0.854 ns) = 0.854 ns; Loc. = PIN_N20; Fanout = 1; CLK Node = 'CLK'
        Info: 2: + IC(0.343 ns) + CELL(0.000 ns) = 1.197 ns; Loc. = CLKCTRL_G3; Fanout = 12; COMB Node = 'CLK~clkctrl'
        Info: 3: + IC(0.669 ns) + CELL(0.618 ns) = 2.484 ns; Loc. = LCFF_X26_Y5_N17; Fanout = 2; REG Node = 'inst6'
        Info: Total cell delay = 1.472 ns ( 59.26 % )
        Info: Total interconnect delay = 1.012 ns ( 40.74 % )
    Info: + Micro hold delay of destination is 0.149 ns
    Info: - Shortest pin to register delay is 5.897 ns
        Info: 1: + IC(0.000 ns) + CELL(0.799 ns) = 0.799 ns; Loc. = PIN_C13; Fanout = 1; PIN Node = 'D'
        Info: 2: + IC(4.890 ns) + CELL(0.053 ns) = 5.742 ns; Loc. = LCCOMB_X26_Y5_N16; Fanout = 1; COMB Node = 'inst6~feeder'
        Info: 3: + IC(0.000 ns) + CELL(0.155 ns) = 5.897 ns; Loc. = LCFF_X26_Y5_N17; Fanout = 2; REG Node = 'inst6'
        Info: Total cell delay = 1.007 ns ( 17.08 % )
        Info: Total interconnect delay = 4.890 ns ( 82.92 % )
Info: Quartus II Classic Timing Analyzer was successful. 0 errors, 1 warning
    Info: Peak virtual memory: 172 megabytes
    Info: Processing ended: Fri Sep 08 12:42:10 2023
    Info: Elapsed time: 00:00:01
    Info: Total CPU time (on all processors): 00:00:00


